[1.419s] [34mcolcon[0m [1;30mDEBUG[0m [32mCommand line arguments: ['/usr/bin/colcon', 'build'][0m
[1.419s] [34mcolcon[0m [1;30mDEBUG[0m [32mParsed command line arguments: Namespace(log_base=None, log_level=None, verb_name='build', build_base='build', install_base='install', merge_install=False, symlink_install=False, test_result_base=None, continue_on_error=False, executor='parallel', parallel_workers=4, event_handlers=None, ignore_user_meta=False, metas=['./colcon.meta'], base_paths=['.'], packages_ignore=None, packages_ignore_regex=None, paths=None, packages_up_to=None, packages_up_to_regex=None, packages_above=None, packages_above_and_dependencies=None, packages_above_depth=None, packages_select_by_dep=None, packages_skip_by_dep=None, packages_skip_up_to=None, packages_select_build_failed=False, packages_skip_build_finished=False, packages_select_test_failures=False, packages_skip_test_passed=False, packages_select=None, packages_skip=None, packages_select_regex=None, packages_skip_regex=None, packages_start=None, packages_end=None, allow_overriding=[], cmake_args=None, cmake_target=None, cmake_target_skip_unavailable=False, cmake_clean_cache=False, cmake_clean_first=False, cmake_force_configure=False, ament_cmake_args=None, catkin_cmake_args=None, catkin_skip_building_tests=False, verb_parser=<colcon_defaults.argument_parser.defaults.DefaultArgumentsDecorator object at 0x7fab50a132b0>, verb_extension=<colcon_core.verb.build.BuildVerb object at 0x7fab50ec9d20>, main=<bound method BuildVerb.main of <colcon_core.verb.build.BuildVerb object at 0x7fab50ec9d20>>)[0m
[1.483s] [34mcolcon.colcon_core.package_discovery[0m [1;30mLevel 1[0m discover_packages(colcon_meta) check parameters
[1.483s] [34mcolcon.colcon_core.package_discovery[0m [1;30mLevel 1[0m discover_packages(recursive) check parameters
[1.483s] [34mcolcon.colcon_core.package_discovery[0m [1;30mLevel 1[0m discover_packages(ignore) check parameters
[1.484s] [34mcolcon.colcon_core.package_discovery[0m [1;30mLevel 1[0m discover_packages(path) check parameters
[1.484s] [34mcolcon.colcon_core.package_discovery[0m [1;30mLevel 1[0m discover_packages(colcon_meta) discover
[1.484s] [34mcolcon.colcon_core.package_discovery[0m [1;30mLevel 1[0m discover_packages(recursive) discover
[1.484s] [34mcolcon.colcon_core.package_discovery[0m [1;30mINFO[0m Crawling recursively for packages in '/home/guoxuan/lab/yolo_ros'
[1.484s] [34mcolcon.colcon_core.package_identification[0m [1;30mLevel 1[0m _identify(.) by extensions ['ignore', 'ignore_ament_install']
[1.484s] [34mcolcon.colcon_core.package_identification[0m [1;30mLevel 1[0m _identify(.) by extension 'ignore'
[1.484s] [34mcolcon.colcon_core.package_identification[0m [1;30mLevel 1[0m _identify(.) by extension 'ignore_ament_install'
[1.484s] [34mcolcon.colcon_core.package_identification[0m [1;30mLevel 1[0m _identify(.) by extensions ['colcon_pkg']
[1.484s] [34mcolcon.colcon_core.package_identification[0m [1;30mLevel 1[0m _identify(.) by extension 'colcon_pkg'
[1.484s] [34mcolcon.colcon_core.package_identification[0m [1;30mLevel 1[0m _identify(.) by extensions ['colcon_meta']
[1.484s] [34mcolcon.colcon_core.package_identification[0m [1;30mLevel 1[0m _identify(.) by extension 'colcon_meta'
[1.484s] [34mcolcon.colcon_core.package_identification[0m [1;30mLevel 1[0m _identify(.) by extensions ['ros']
[1.484s] [34mcolcon.colcon_core.package_identification[0m [1;30mLevel 1[0m _identify(.) by extension 'ros'
[1.497s] [34mcolcon.colcon_core.package_identification[0m [1;30mLevel 1[0m _identify(.) by extensions ['cmake', 'python']
[1.497s] [34mcolcon.colcon_core.package_identification[0m [1;30mLevel 1[0m _identify(.) by extension 'cmake'
[1.497s] [34mcolcon.colcon_core.package_identification[0m [1;30mLevel 1[0m _identify(.) by extension 'python'
[1.497s] [34mcolcon.colcon_core.package_identification[0m [1;30mLevel 1[0m _identify(.) by extensions ['python_setup_py']
[1.497s] [34mcolcon.colcon_core.package_identification[0m [1;30mLevel 1[0m _identify(.) by extension 'python_setup_py'
[1.498s] [34mcolcon.colcon_core.package_identification[0m [1;30mLevel 1[0m _identify(build) by extensions ['ignore', 'ignore_ament_install']
[1.498s] [34mcolcon.colcon_core.package_identification[0m [1;30mLevel 1[0m _identify(build) by extension 'ignore'
[1.498s] [34mcolcon.colcon_core.package_identification[0m [1;30mLevel 1[0m _identify(build) ignored
[1.498s] [34mcolcon.colcon_core.package_identification[0m [1;30mLevel 1[0m _identify(install) by extensions ['ignore', 'ignore_ament_install']
[1.498s] [34mcolcon.colcon_core.package_identification[0m [1;30mLevel 1[0m _identify(install) by extension 'ignore'
[1.498s] [34mcolcon.colcon_core.package_identification[0m [1;30mLevel 1[0m _identify(install) ignored
[1.498s] [34mcolcon.colcon_core.package_identification[0m [1;30mLevel 1[0m _identify(log) by extensions ['ignore', 'ignore_ament_install']
[1.498s] [34mcolcon.colcon_core.package_identification[0m [1;30mLevel 1[0m _identify(log) by extension 'ignore'
[1.498s] [34mcolcon.colcon_core.package_identification[0m [1;30mLevel 1[0m _identify(log) ignored
[1.498s] [34mcolcon.colcon_core.package_identification[0m [1;30mLevel 1[0m _identify(src) by extensions ['ignore', 'ignore_ament_install']
[1.499s] [34mcolcon.colcon_core.package_identification[0m [1;30mLevel 1[0m _identify(src) by extension 'ignore'
[1.499s] [34mcolcon.colcon_core.package_identification[0m [1;30mLevel 1[0m _identify(src) by extension 'ignore_ament_install'
[1.499s] [34mcolcon.colcon_core.package_identification[0m [1;30mLevel 1[0m _identify(src) by extensions ['colcon_pkg']
[1.499s] [34mcolcon.colcon_core.package_identification[0m [1;30mLevel 1[0m _identify(src) by extension 'colcon_pkg'
[1.499s] [34mcolcon.colcon_core.package_identification[0m [1;30mLevel 1[0m _identify(src) by extensions ['colcon_meta']
[1.499s] [34mcolcon.colcon_core.package_identification[0m [1;30mLevel 1[0m _identify(src) by extension 'colcon_meta'
[1.499s] [34mcolcon.colcon_core.package_identification[0m [1;30mLevel 1[0m _identify(src) by extensions ['ros']
[1.499s] [34mcolcon.colcon_core.package_identification[0m [1;30mLevel 1[0m _identify(src) by extension 'ros'
[1.499s] [34mcolcon.colcon_core.package_identification[0m [1;30mLevel 1[0m _identify(src) by extensions ['cmake', 'python']
[1.499s] [34mcolcon.colcon_core.package_identification[0m [1;30mLevel 1[0m _identify(src) by extension 'cmake'
[1.499s] [34mcolcon.colcon_core.package_identification[0m [1;30mLevel 1[0m _identify(src) by extension 'python'
[1.499s] [34mcolcon.colcon_core.package_identification[0m [1;30mLevel 1[0m _identify(src) by extensions ['python_setup_py']
[1.499s] [34mcolcon.colcon_core.package_identification[0m [1;30mLevel 1[0m _identify(src) by extension 'python_setup_py'
[1.499s] [34mcolcon.colcon_core.package_identification[0m [1;30mLevel 1[0m _identify(src/msg_interfaces) by extensions ['ignore', 'ignore_ament_install']
[1.499s] [34mcolcon.colcon_core.package_identification[0m [1;30mLevel 1[0m _identify(src/msg_interfaces) by extension 'ignore'
[1.500s] [34mcolcon.colcon_core.package_identification[0m [1;30mLevel 1[0m _identify(src/msg_interfaces) by extension 'ignore_ament_install'
[1.500s] [34mcolcon.colcon_core.package_identification[0m [1;30mLevel 1[0m _identify(src/msg_interfaces) by extensions ['colcon_pkg']
[1.500s] [34mcolcon.colcon_core.package_identification[0m [1;30mLevel 1[0m _identify(src/msg_interfaces) by extension 'colcon_pkg'
[1.500s] [34mcolcon.colcon_core.package_identification[0m [1;30mLevel 1[0m _identify(src/msg_interfaces) by extensions ['colcon_meta']
[1.500s] [34mcolcon.colcon_core.package_identification[0m [1;30mLevel 1[0m _identify(src/msg_interfaces) by extension 'colcon_meta'
[1.500s] [34mcolcon.colcon_core.package_identification[0m [1;30mLevel 1[0m _identify(src/msg_interfaces) by extensions ['ros']
[1.500s] [34mcolcon.colcon_core.package_identification[0m [1;30mLevel 1[0m _identify(src/msg_interfaces) by extension 'ros'
[1.503s] [34mcolcon.colcon_core.package_identification[0m [1;30mDEBUG[0m [32mPackage 'src/msg_interfaces' with type 'ros.ament_cmake' and name 'msg_interfaces'[0m
[1.503s] [34mcolcon.colcon_core.package_identification[0m [1;30mLevel 1[0m _identify(src/yolov8) by extensions ['ignore', 'ignore_ament_install']
[1.503s] [34mcolcon.colcon_core.package_identification[0m [1;30mLevel 1[0m _identify(src/yolov8) by extension 'ignore'
[1.503s] [34mcolcon.colcon_core.package_identification[0m [1;30mLevel 1[0m _identify(src/yolov8) by extension 'ignore_ament_install'
[1.503s] [34mcolcon.colcon_core.package_identification[0m [1;30mLevel 1[0m _identify(src/yolov8) by extensions ['colcon_pkg']
[1.503s] [34mcolcon.colcon_core.package_identification[0m [1;30mLevel 1[0m _identify(src/yolov8) by extension 'colcon_pkg'
[1.503s] [34mcolcon.colcon_core.package_identification[0m [1;30mLevel 1[0m _identify(src/yolov8) by extensions ['colcon_meta']
[1.503s] [34mcolcon.colcon_core.package_identification[0m [1;30mLevel 1[0m _identify(src/yolov8) by extension 'colcon_meta'
[1.503s] [34mcolcon.colcon_core.package_identification[0m [1;30mLevel 1[0m _identify(src/yolov8) by extensions ['ros']
[1.503s] [34mcolcon.colcon_core.package_identification[0m [1;30mLevel 1[0m _identify(src/yolov8) by extension 'ros'
[1.504s] [34mcolcon.colcon_core.package_identification[0m [1;30mDEBUG[0m [32mPackage 'src/yolov8' with type 'ros.ament_python' and name 'yolov8'[0m
[1.504s] [34mcolcon.colcon_core.package_discovery[0m [1;30mLevel 1[0m discover_packages(recursive) using defaults
[1.504s] [34mcolcon.colcon_core.package_discovery[0m [1;30mLevel 1[0m discover_packages(ignore) discover
[1.505s] [34mcolcon.colcon_core.package_discovery[0m [1;30mLevel 1[0m discover_packages(ignore) using defaults
[1.505s] [34mcolcon.colcon_core.package_discovery[0m [1;30mLevel 1[0m discover_packages(path) discover
[1.505s] [34mcolcon.colcon_core.package_discovery[0m [1;30mLevel 1[0m discover_packages(path) using defaults
[1.620s] [34mcolcon.colcon_core.package_discovery[0m [1;30mLevel 1[0m discover_packages(prefix_path) check parameters
[1.620s] [34mcolcon.colcon_core.package_discovery[0m [1;30mLevel 1[0m discover_packages(prefix_path) discover
[1.664s] [34mcolcon.colcon_installed_package_information.package_discovery[0m [1;30mDEBUG[0m [32mFound 292 installed packages in /opt/ros/humble[0m
[1.665s] [34mcolcon.colcon_core.package_discovery[0m [1;30mLevel 1[0m discover_packages(prefix_path) using defaults
[1.796s] [34mcolcon.colcon_core.verb[0m [1;30mLevel 5[0m set package 'msg_interfaces' build argument 'cmake_args' from command line to 'None'
[1.796s] [34mcolcon.colcon_core.verb[0m [1;30mLevel 5[0m set package 'msg_interfaces' build argument 'cmake_target' from command line to 'None'
[1.796s] [34mcolcon.colcon_core.verb[0m [1;30mLevel 5[0m set package 'msg_interfaces' build argument 'cmake_target_skip_unavailable' from command line to 'False'
[1.796s] [34mcolcon.colcon_core.verb[0m [1;30mLevel 5[0m set package 'msg_interfaces' build argument 'cmake_clean_cache' from command line to 'False'
[1.796s] [34mcolcon.colcon_core.verb[0m [1;30mLevel 5[0m set package 'msg_interfaces' build argument 'cmake_clean_first' from command line to 'False'
[1.796s] [34mcolcon.colcon_core.verb[0m [1;30mLevel 5[0m set package 'msg_interfaces' build argument 'cmake_force_configure' from command line to 'False'
[1.796s] [34mcolcon.colcon_core.verb[0m [1;30mLevel 5[0m set package 'msg_interfaces' build argument 'ament_cmake_args' from command line to 'None'
[1.796s] [34mcolcon.colcon_core.verb[0m [1;30mLevel 5[0m set package 'msg_interfaces' build argument 'catkin_cmake_args' from command line to 'None'
[1.796s] [34mcolcon.colcon_core.verb[0m [1;30mLevel 5[0m set package 'msg_interfaces' build argument 'catkin_skip_building_tests' from command line to 'False'
[1.796s] [34mcolcon.colcon_core.verb[0m [1;30mDEBUG[0m [32mBuilding package 'msg_interfaces' with the following arguments: {'ament_cmake_args': None, 'build_base': '/home/guoxuan/lab/yolo_ros/build/msg_interfaces', 'catkin_cmake_args': None, 'catkin_skip_building_tests': False, 'cmake_args': None, 'cmake_clean_cache': False, 'cmake_clean_first': False, 'cmake_force_configure': False, 'cmake_target': None, 'cmake_target_skip_unavailable': False, 'install_base': '/home/guoxuan/lab/yolo_ros/install/msg_interfaces', 'merge_install': False, 'path': '/home/guoxuan/lab/yolo_ros/src/msg_interfaces', 'symlink_install': False, 'test_result_base': None}[0m
[1.816s] [34mcolcon.colcon_core.verb[0m [1;30mLevel 5[0m set package 'yolov8' build argument 'cmake_args' from command line to 'None'
[1.816s] [34mcolcon.colcon_core.verb[0m [1;30mLevel 5[0m set package 'yolov8' build argument 'cmake_target' from command line to 'None'
[1.816s] [34mcolcon.colcon_core.verb[0m [1;30mLevel 5[0m set package 'yolov8' build argument 'cmake_target_skip_unavailable' from command line to 'False'
[1.816s] [34mcolcon.colcon_core.verb[0m [1;30mLevel 5[0m set package 'yolov8' build argument 'cmake_clean_cache' from command line to 'False'
[1.816s] [34mcolcon.colcon_core.verb[0m [1;30mLevel 5[0m set package 'yolov8' build argument 'cmake_clean_first' from command line to 'False'
[1.816s] [34mcolcon.colcon_core.verb[0m [1;30mLevel 5[0m set package 'yolov8' build argument 'cmake_force_configure' from command line to 'False'
[1.816s] [34mcolcon.colcon_core.verb[0m [1;30mLevel 5[0m set package 'yolov8' build argument 'ament_cmake_args' from command line to 'None'
[1.816s] [34mcolcon.colcon_core.verb[0m [1;30mLevel 5[0m set package 'yolov8' build argument 'catkin_cmake_args' from command line to 'None'
[1.816s] [34mcolcon.colcon_core.verb[0m [1;30mLevel 5[0m set package 'yolov8' build argument 'catkin_skip_building_tests' from command line to 'False'
[1.816s] [34mcolcon.colcon_core.verb[0m [1;30mDEBUG[0m [32mBuilding package 'yolov8' with the following arguments: {'ament_cmake_args': None, 'build_base': '/home/guoxuan/lab/yolo_ros/build/yolov8', 'catkin_cmake_args': None, 'catkin_skip_building_tests': False, 'cmake_args': None, 'cmake_clean_cache': False, 'cmake_clean_first': False, 'cmake_force_configure': False, 'cmake_target': None, 'cmake_target_skip_unavailable': False, 'install_base': '/home/guoxuan/lab/yolo_ros/install/yolov8', 'merge_install': False, 'path': '/home/guoxuan/lab/yolo_ros/src/yolov8', 'symlink_install': False, 'test_result_base': None}[0m
[1.835s] [34mcolcon.colcon_core.executor[0m [1;30mINFO[0m Executing jobs using 'parallel' executor
[1.856s] [34mcolcon.colcon_parallel_executor.executor.parallel[0m [1;30mDEBUG[0m [32mrun_until_complete[0m
[1.856s] [34mcolcon.colcon_ros.task.ament_cmake.build[0m [1;30mINFO[0m Building ROS package in '/home/guoxuan/lab/yolo_ros/src/msg_interfaces' with build type 'ament_cmake'
[1.856s] [34mcolcon.colcon_cmake.task.cmake.build[0m [1;30mINFO[0m Building CMake package in '/home/guoxuan/lab/yolo_ros/src/msg_interfaces'
[1.880s] [34mcolcon.colcon_core.plugin_system[0m [1;30mINFO[0m Skipping extension 'colcon_core.shell.bat': Not used on non-Windows systems
[1.881s] [34mcolcon.colcon_core.shell[0m [1;30mINFO[0m Skip shell extension 'powershell' for command environment: Not usable outside of PowerShell
[1.881s] [34mcolcon.colcon_core.shell[0m [1;30mDEBUG[0m [32mSkip shell extension 'dsv' for command environment[0m
[1.928s] [34mcolcon.colcon_ros.task.ament_python.build[0m [1;30mINFO[0m Building ROS package in '/home/guoxuan/lab/yolo_ros/src/yolov8' with build type 'ament_python'
[1.928s] [34mcolcon.colcon_core.shell[0m [1;30mLevel 1[0m create_environment_hook('yolov8', 'ament_prefix_path')
[1.951s] [34mcolcon.colcon_core.shell[0m [1;30mINFO[0m Creating environment hook '/home/guoxuan/lab/yolo_ros/install/yolov8/share/yolov8/hook/ament_prefix_path.ps1'
[1.952s] [34mcolcon.colcon_core.shell[0m [1;30mINFO[0m Creating environment descriptor '/home/guoxuan/lab/yolo_ros/install/yolov8/share/yolov8/hook/ament_prefix_path.dsv'
[1.953s] [34mcolcon.colcon_core.shell[0m [1;30mINFO[0m Creating environment hook '/home/guoxuan/lab/yolo_ros/install/yolov8/share/yolov8/hook/ament_prefix_path.sh'
[1.979s] [34mcolcon.colcon_core.shell[0m [1;30mINFO[0m Skip shell extension 'powershell' for command environment: Not usable outside of PowerShell
[1.979s] [34mcolcon.colcon_core.shell[0m [1;30mDEBUG[0m [32mSkip shell extension 'dsv' for command environment[0m
[2.034s] [34mcolcon.colcon_core.event_handler.log_command[0m [1;30mDEBUG[0m [32mInvoking command in '/home/guoxuan/lab/yolo_ros/build/msg_interfaces': CMAKE_PREFIX_PATH=/opt/ros/humble /usr/bin/cmake --build /home/guoxuan/lab/yolo_ros/build/msg_interfaces -- -j4 -l4[0m
[2.442s] [34mcolcon.colcon_core.task.python.build[0m [1;30mINFO[0m Building Python package in '/home/guoxuan/lab/yolo_ros/src/yolov8'
[2.463s] [34mcolcon.colcon_core.shell[0m [1;30mINFO[0m Skip shell extension 'powershell' for command environment: Not usable outside of PowerShell
[2.463s] [34mcolcon.colcon_core.shell[0m [1;30mDEBUG[0m [32mSkip shell extension 'dsv' for command environment[0m
[2.554s] [34mcolcon.colcon_core.event_handler.log_command[0m [1;30mDEBUG[0m [32mInvoked command in '/home/guoxuan/lab/yolo_ros/build/msg_interfaces' returned '0': CMAKE_PREFIX_PATH=/opt/ros/humble /usr/bin/cmake --build /home/guoxuan/lab/yolo_ros/build/msg_interfaces -- -j4 -l4[0m
[2.661s] [34mcolcon.colcon_core.event_handler.log_command[0m [1;30mDEBUG[0m [32mInvoking command in '/home/guoxuan/lab/yolo_ros/build/msg_interfaces': CMAKE_PREFIX_PATH=/opt/ros/humble /usr/bin/cmake --install /home/guoxuan/lab/yolo_ros/build/msg_interfaces[0m
[2.725s] [34mcolcon.colcon_core.environment[0m [1;30mLevel 1[0m create_environment_scripts_only(msg_interfaces)
[2.726s] [34mcolcon.colcon_core.event_handler.log_command[0m [1;30mDEBUG[0m [32mInvoked command in '/home/guoxuan/lab/yolo_ros/build/msg_interfaces' returned '0': CMAKE_PREFIX_PATH=/opt/ros/humble /usr/bin/cmake --install /home/guoxuan/lab/yolo_ros/build/msg_interfaces[0m
[2.762s] [34mcolcon.colcon_core.environment[0m [1;30mLevel 1[0m checking '/home/guoxuan/lab/yolo_ros/install/msg_interfaces' for CMake module files
[2.763s] [34mcolcon.colcon_core.environment[0m [1;30mLevel 1[0m checking '/home/guoxuan/lab/yolo_ros/install/msg_interfaces' for CMake config files
[2.763s] [34mcolcon.colcon_core.shell[0m [1;30mLevel 1[0m create_environment_hook('msg_interfaces', 'cmake_prefix_path')
[2.782s] [34mcolcon.colcon_core.shell[0m [1;30mINFO[0m Creating environment hook '/home/guoxuan/lab/yolo_ros/install/msg_interfaces/share/msg_interfaces/hook/cmake_prefix_path.ps1'
[2.783s] [34mcolcon.colcon_core.shell[0m [1;30mINFO[0m Creating environment descriptor '/home/guoxuan/lab/yolo_ros/install/msg_interfaces/share/msg_interfaces/hook/cmake_prefix_path.dsv'
[2.783s] [34mcolcon.colcon_core.shell[0m [1;30mINFO[0m Creating environment hook '/home/guoxuan/lab/yolo_ros/install/msg_interfaces/share/msg_interfaces/hook/cmake_prefix_path.sh'
[2.784s] [34mcolcon.colcon_core.environment[0m [1;30mLevel 1[0m checking '/home/guoxuan/lab/yolo_ros/install/msg_interfaces/lib'
[2.784s] [34mcolcon.colcon_core.shell[0m [1;30mLevel 1[0m create_environment_hook('msg_interfaces', 'ld_library_path_lib')
[2.808s] [34mcolcon.colcon_core.shell[0m [1;30mINFO[0m Creating environment hook '/home/guoxuan/lab/yolo_ros/install/msg_interfaces/share/msg_interfaces/hook/ld_library_path_lib.ps1'
[2.809s] [34mcolcon.colcon_core.shell[0m [1;30mINFO[0m Creating environment descriptor '/home/guoxuan/lab/yolo_ros/install/msg_interfaces/share/msg_interfaces/hook/ld_library_path_lib.dsv'
[2.809s] [34mcolcon.colcon_core.shell[0m [1;30mINFO[0m Creating environment hook '/home/guoxuan/lab/yolo_ros/install/msg_interfaces/share/msg_interfaces/hook/ld_library_path_lib.sh'
[2.810s] [34mcolcon.colcon_core.environment[0m [1;30mLevel 1[0m checking '/home/guoxuan/lab/yolo_ros/install/msg_interfaces/bin'
[2.810s] [34mcolcon.colcon_core.environment[0m [1;30mLevel 1[0m checking '/home/guoxuan/lab/yolo_ros/install/msg_interfaces/lib/pkgconfig/msg_interfaces.pc'
[2.811s] [34mcolcon.colcon_core.environment[0m [1;30mLevel 1[0m checking '/home/guoxuan/lab/yolo_ros/install/msg_interfaces/lib/python3.10/site-packages'
[2.812s] [34mcolcon.colcon_core.environment[0m [1;30mLevel 1[0m checking '/home/guoxuan/lab/yolo_ros/install/msg_interfaces/bin'
[2.835s] [34mcolcon.colcon_core.shell[0m [1;30mINFO[0m Creating package script '/home/guoxuan/lab/yolo_ros/install/msg_interfaces/share/msg_interfaces/package.ps1'
[2.837s] [34mcolcon.colcon_core.shell[0m [1;30mINFO[0m Creating package descriptor '/home/guoxuan/lab/yolo_ros/install/msg_interfaces/share/msg_interfaces/package.dsv'
[2.838s] [34mcolcon.colcon_core.shell[0m [1;30mINFO[0m Creating package script '/home/guoxuan/lab/yolo_ros/install/msg_interfaces/share/msg_interfaces/package.sh'
[2.839s] [34mcolcon.colcon_core.shell[0m [1;30mINFO[0m Creating package script '/home/guoxuan/lab/yolo_ros/install/msg_interfaces/share/msg_interfaces/package.bash'
[2.841s] [34mcolcon.colcon_core.shell[0m [1;30mINFO[0m Creating package script '/home/guoxuan/lab/yolo_ros/install/msg_interfaces/share/msg_interfaces/package.zsh'
[2.842s] [34mcolcon.colcon_core.environment[0m [1;30mLevel 1[0m create_file_with_runtime_dependencies(/home/guoxuan/lab/yolo_ros/install/msg_interfaces/share/colcon-core/packages/msg_interfaces)
[2.971s] [34mcolcon.colcon_core.environment[0m [1;30mLevel 1[0m create_environment_scripts_only(msg_interfaces)
[2.992s] [34mcolcon.colcon_core.environment[0m [1;30mLevel 1[0m checking '/home/guoxuan/lab/yolo_ros/install/msg_interfaces' for CMake module files
[2.993s] [34mcolcon.colcon_core.environment[0m [1;30mLevel 1[0m checking '/home/guoxuan/lab/yolo_ros/install/msg_interfaces' for CMake config files
[2.994s] [34mcolcon.colcon_core.shell[0m [1;30mLevel 1[0m create_environment_hook('msg_interfaces', 'cmake_prefix_path')
[3.015s] [34mcolcon.colcon_core.shell[0m [1;30mINFO[0m Creating environment hook '/home/guoxuan/lab/yolo_ros/install/msg_interfaces/share/msg_interfaces/hook/cmake_prefix_path.ps1'
[3.015s] [34mcolcon.colcon_core.shell[0m [1;30mINFO[0m Creating environment descriptor '/home/guoxuan/lab/yolo_ros/install/msg_interfaces/share/msg_interfaces/hook/cmake_prefix_path.dsv'
[3.016s] [34mcolcon.colcon_core.shell[0m [1;30mINFO[0m Creating environment hook '/home/guoxuan/lab/yolo_ros/install/msg_interfaces/share/msg_interfaces/hook/cmake_prefix_path.sh'
[3.016s] [34mcolcon.colcon_core.environment[0m [1;30mLevel 1[0m checking '/home/guoxuan/lab/yolo_ros/install/msg_interfaces/lib'
[3.016s] [34mcolcon.colcon_core.shell[0m [1;30mLevel 1[0m create_environment_hook('msg_interfaces', 'ld_library_path_lib')
[3.036s] [34mcolcon.colcon_core.shell[0m [1;30mINFO[0m Creating environment hook '/home/guoxuan/lab/yolo_ros/install/msg_interfaces/share/msg_interfaces/hook/ld_library_path_lib.ps1'
[3.037s] [34mcolcon.colcon_core.shell[0m [1;30mINFO[0m Creating environment descriptor '/home/guoxuan/lab/yolo_ros/install/msg_interfaces/share/msg_interfaces/hook/ld_library_path_lib.dsv'
[3.037s] [34mcolcon.colcon_core.shell[0m [1;30mINFO[0m Creating environment hook '/home/guoxuan/lab/yolo_ros/install/msg_interfaces/share/msg_interfaces/hook/ld_library_path_lib.sh'
[3.038s] [34mcolcon.colcon_core.environment[0m [1;30mLevel 1[0m checking '/home/guoxuan/lab/yolo_ros/install/msg_interfaces/bin'
[3.038s] [34mcolcon.colcon_core.environment[0m [1;30mLevel 1[0m checking '/home/guoxuan/lab/yolo_ros/install/msg_interfaces/lib/pkgconfig/msg_interfaces.pc'
[3.038s] [34mcolcon.colcon_core.environment[0m [1;30mLevel 1[0m checking '/home/guoxuan/lab/yolo_ros/install/msg_interfaces/lib/python3.10/site-packages'
[3.039s] [34mcolcon.colcon_core.environment[0m [1;30mLevel 1[0m checking '/home/guoxuan/lab/yolo_ros/install/msg_interfaces/bin'
[3.058s] [34mcolcon.colcon_core.shell[0m [1;30mINFO[0m Creating package script '/home/guoxuan/lab/yolo_ros/install/msg_interfaces/share/msg_interfaces/package.ps1'
[3.059s] [34mcolcon.colcon_core.shell[0m [1;30mINFO[0m Creating package descriptor '/home/guoxuan/lab/yolo_ros/install/msg_interfaces/share/msg_interfaces/package.dsv'
[3.060s] [34mcolcon.colcon_core.shell[0m [1;30mINFO[0m Creating package script '/home/guoxuan/lab/yolo_ros/install/msg_interfaces/share/msg_interfaces/package.sh'
[3.060s] [34mcolcon.colcon_core.shell[0m [1;30mINFO[0m Creating package script '/home/guoxuan/lab/yolo_ros/install/msg_interfaces/share/msg_interfaces/package.bash'
[3.061s] [34mcolcon.colcon_core.shell[0m [1;30mINFO[0m Creating package script '/home/guoxuan/lab/yolo_ros/install/msg_interfaces/share/msg_interfaces/package.zsh'
[3.061s] [34mcolcon.colcon_core.environment[0m [1;30mLevel 1[0m create_file_with_runtime_dependencies(/home/guoxuan/lab/yolo_ros/install/msg_interfaces/share/colcon-core/packages/msg_interfaces)
[3.065s] [34mcolcon.colcon_core.event_handler.log_command[0m [1;30mDEBUG[0m [32mInvoking command in '/home/guoxuan/lab/yolo_ros/src/yolov8': PYTHONPATH=/home/guoxuan/lab/yolo_ros/build/yolov8/prefix_override:/home/guoxuan/lab/yolo_ros/install/yolov8/lib/python3.10/site-packages:${PYTHONPATH} /usr/bin/python3 setup.py egg_info --egg-base ../../build/yolov8 build --build-base /home/guoxuan/lab/yolo_ros/build/yolov8/build install --record /home/guoxuan/lab/yolo_ros/build/yolov8/install.log --single-version-externally-managed[0m
[3.449s] [34mcolcon.colcon_core.event_handler.log_command[0m [1;30mDEBUG[0m [32mInvoked command in '/home/guoxuan/lab/yolo_ros/src/yolov8' returned '0': PYTHONPATH=/home/guoxuan/lab/yolo_ros/build/yolov8/prefix_override:/home/guoxuan/lab/yolo_ros/install/yolov8/lib/python3.10/site-packages:${PYTHONPATH} /usr/bin/python3 setup.py egg_info --egg-base ../../build/yolov8 build --build-base /home/guoxuan/lab/yolo_ros/build/yolov8/build install --record /home/guoxuan/lab/yolo_ros/build/yolov8/install.log --single-version-externally-managed[0m
[3.473s] [34mcolcon.colcon_core.environment[0m [1;30mLevel 1[0m checking '/home/guoxuan/lab/yolo_ros/install/yolov8' for CMake module files
[3.474s] [34mcolcon.colcon_core.environment[0m [1;30mLevel 1[0m checking '/home/guoxuan/lab/yolo_ros/install/yolov8' for CMake config files
[3.474s] [34mcolcon.colcon_core.environment[0m [1;30mLevel 1[0m checking '/home/guoxuan/lab/yolo_ros/install/yolov8/lib'
[3.475s] [34mcolcon.colcon_core.environment[0m [1;30mLevel 1[0m checking '/home/guoxuan/lab/yolo_ros/install/yolov8/bin'
[3.475s] [34mcolcon.colcon_core.environment[0m [1;30mLevel 1[0m checking '/home/guoxuan/lab/yolo_ros/install/yolov8/lib/pkgconfig/yolov8.pc'
[3.475s] [34mcolcon.colcon_core.environment[0m [1;30mLevel 1[0m checking '/home/guoxuan/lab/yolo_ros/install/yolov8/lib/python3.10/site-packages'
[3.475s] [34mcolcon.colcon_core.shell[0m [1;30mLevel 1[0m create_environment_hook('yolov8', 'pythonpath')
[3.497s] [34mcolcon.colcon_core.shell[0m [1;30mINFO[0m Creating environment hook '/home/guoxuan/lab/yolo_ros/install/yolov8/share/yolov8/hook/pythonpath.ps1'
[3.498s] [34mcolcon.colcon_core.shell[0m [1;30mINFO[0m Creating environment descriptor '/home/guoxuan/lab/yolo_ros/install/yolov8/share/yolov8/hook/pythonpath.dsv'
[3.498s] [34mcolcon.colcon_core.shell[0m [1;30mINFO[0m Creating environment hook '/home/guoxuan/lab/yolo_ros/install/yolov8/share/yolov8/hook/pythonpath.sh'
[3.499s] [34mcolcon.colcon_core.environment[0m [1;30mLevel 1[0m checking '/home/guoxuan/lab/yolo_ros/install/yolov8/bin'
[3.499s] [34mcolcon.colcon_core.environment[0m [1;30mLevel 1[0m create_environment_scripts_only(yolov8)
[3.523s] [34mcolcon.colcon_core.shell[0m [1;30mINFO[0m Creating package script '/home/guoxuan/lab/yolo_ros/install/yolov8/share/yolov8/package.ps1'
[3.524s] [34mcolcon.colcon_core.shell[0m [1;30mINFO[0m Creating package descriptor '/home/guoxuan/lab/yolo_ros/install/yolov8/share/yolov8/package.dsv'
[3.524s] [34mcolcon.colcon_core.shell[0m [1;30mINFO[0m Creating package script '/home/guoxuan/lab/yolo_ros/install/yolov8/share/yolov8/package.sh'
[3.525s] [34mcolcon.colcon_core.shell[0m [1;30mINFO[0m Creating package script '/home/guoxuan/lab/yolo_ros/install/yolov8/share/yolov8/package.bash'
[3.525s] [34mcolcon.colcon_core.shell[0m [1;30mINFO[0m Creating package script '/home/guoxuan/lab/yolo_ros/install/yolov8/share/yolov8/package.zsh'
[3.525s] [34mcolcon.colcon_core.environment[0m [1;30mLevel 1[0m create_file_with_runtime_dependencies(/home/guoxuan/lab/yolo_ros/install/yolov8/share/colcon-core/packages/yolov8)
[3.526s] [34mcolcon.colcon_parallel_executor.executor.parallel[0m [1;30mDEBUG[0m [32mclosing loop[0m
[3.527s] [34mcolcon.colcon_parallel_executor.executor.parallel[0m [1;30mDEBUG[0m [32mloop closed[0m
[3.527s] [34mcolcon.colcon_parallel_executor.executor.parallel[0m [1;30mDEBUG[0m [32mrun_until_complete finished with '0'[0m
[3.527s] [34mcolcon.colcon_core.event_reactor[0m [1;30mDEBUG[0m [32mjoining thread[0m
[3.555s] [34mcolcon.colcon_core.plugin_system[0m [1;30mINFO[0m Skipping extension 'colcon_notification.desktop_notification.terminal_notifier': Not used on non-Darwin systems
[3.555s] [34mcolcon.colcon_core.plugin_system[0m [1;30mINFO[0m Skipping extension 'colcon_notification.desktop_notification.win32': Not used on non-Windows systems
[3.555s] [34mcolcon.colcon_notification.desktop_notification[0m [1;30mINFO[0m Sending desktop notification using 'notify2'
[3.571s] [34mcolcon.colcon_core.event_reactor[0m [1;30mDEBUG[0m [32mjoined thread[0m
[3.592s] [34mcolcon.colcon_core.shell[0m [1;30mINFO[0m Creating prefix script '/home/guoxuan/lab/yolo_ros/install/local_setup.ps1'
[3.593s] [34mcolcon.colcon_core.shell[0m [1;30mINFO[0m Creating prefix util module '/home/guoxuan/lab/yolo_ros/install/_local_setup_util_ps1.py'
[3.595s] [34mcolcon.colcon_core.shell[0m [1;30mINFO[0m Creating prefix chain script '/home/guoxuan/lab/yolo_ros/install/setup.ps1'
[3.617s] [34mcolcon.colcon_core.shell[0m [1;30mINFO[0m Creating prefix script '/home/guoxuan/lab/yolo_ros/install/local_setup.sh'
[3.618s] [34mcolcon.colcon_core.shell[0m [1;30mINFO[0m Creating prefix util module '/home/guoxuan/lab/yolo_ros/install/_local_setup_util_sh.py'
[3.620s] [34mcolcon.colcon_core.shell[0m [1;30mINFO[0m Creating prefix chain script '/home/guoxuan/lab/yolo_ros/install/setup.sh'
[3.642s] [34mcolcon.colcon_core.shell[0m [1;30mINFO[0m Creating prefix script '/home/guoxuan/lab/yolo_ros/install/local_setup.bash'
[3.643s] [34mcolcon.colcon_core.shell[0m [1;30mINFO[0m Creating prefix chain script '/home/guoxuan/lab/yolo_ros/install/setup.bash'
[3.663s] [34mcolcon.colcon_core.shell[0m [1;30mINFO[0m Creating prefix script '/home/guoxuan/lab/yolo_ros/install/local_setup.zsh'
[3.664s] [34mcolcon.colcon_core.shell[0m [1;30mINFO[0m Creating prefix chain script '/home/guoxuan/lab/yolo_ros/install/setup.zsh'
