[0.076s] Invoking command in '/home/guoxuan/lab/yolo_ros/build/msg_interfaces': CMAKE_PREFIX_PATH=/opt/ros/humble CONDA_PROMPT_MODIFIER=(base) /usr/bin/cmake /home/guoxuan/lab/yolo_ros/src/msg_interfaces -DCMAKE_INSTALL_PREFIX=/home/guoxuan/lab/yolo_ros/install/msg_interfaces
[0.149s] -- The C compiler identification is GNU 11.4.0
[0.241s] -- The CXX compiler identification is GNU 11.4.0
[0.251s] -- Detecting C compiler ABI info
[0.336s] -- Detecting C compiler ABI info - done
[0.345s] -- Check for working C compiler: /usr/bin/cc - skipped
[0.346s] -- Detecting C compile features
[0.346s] -- Detecting C compile features - done
[0.350s] -- Detecting CXX compiler ABI info
[0.448s] -- Detecting CXX compiler ABI info - done
[0.460s] -- Check for working CXX compiler: /usr/bin/c++ - skipped
[0.460s] -- Detecting CXX compile features
[0.461s] -- Detecting CXX compile features - done
[0.464s] -- Found ament_cmake: 1.3.6 (/opt/ros/humble/share/ament_cmake/cmake)
[0.708s] -- Found Python3: /usr/bin/python3.10 (found version "3.10.12") found components: Interpreter 
[0.810s] -- Found ament_lint_auto: 0.12.9 (/opt/ros/humble/share/ament_lint_auto/cmake)
[0.899s] -- Found rosidl_default_generators: 1.2.0 (/opt/ros/humble/share/rosidl_default_generators/cmake)
[0.902s] -- Using all available rosidl_typesupport_c: rosidl_typesupport_fastrtps_c;rosidl_typesupport_introspection_c
[0.908s] -- Found rosidl_adapter: 3.1.5 (/opt/ros/humble/share/rosidl_adapter/cmake)
[0.955s] -- Using all available rosidl_typesupport_cpp: rosidl_typesupport_fastrtps_cpp;rosidl_typesupport_introspection_cpp
[1.215s] -- Found ament_cmake_ros: 0.10.0 (/opt/ros/humble/share/ament_cmake_ros/cmake)
[1.452s] -- Using all available rosidl_typesupport_c: rosidl_typesupport_fastrtps_c;rosidl_typesupport_introspection_c
[1.718s] -- Using all available rosidl_typesupport_cpp: rosidl_typesupport_fastrtps_cpp;rosidl_typesupport_introspection_cpp
[1.741s] -- Found PythonInterp: /home/guoxuan/miniconda3/bin/python3 (found suitable version "3.11.5", minimum required is "3.6") 
[1.742s] -- Found python_cmake_module: 0.10.0 (/opt/ros/humble/share/python_cmake_module/cmake)
[1.768s] -- Found PythonLibs: /home/guoxuan/miniconda3/lib/libpython3.11.so (found suitable version "3.11.5", minimum required is "3.5") 
[1.768s] -- Using PYTHON_EXECUTABLE: /home/guoxuan/miniconda3/bin/python3
[1.769s] -- Using PYTHON_INCLUDE_DIRS: /home/guoxuan/miniconda3/include/python3.11
[1.769s] -- Using PYTHON_LIBRARIES: /home/guoxuan/miniconda3/lib/libpython3.11.so
[1.792s] -- Found PythonExtra: .so  
[2.000s] -- Using numpy include directory: /home/guoxuan/miniconda3/lib/python3.11/site-packages/numpy/core/include
[2.009s] -- Added test 'lint_cmake' to check CMake code style
[2.011s] -- Added test 'xmllint' to check XML markup files
[2.015s] -- Configuring done
[2.051s] -- Generating done
[2.054s] -- Build files have been written to: /home/guoxuan/lab/yolo_ros/build/msg_interfaces
[2.061s] Invoked command in '/home/guoxuan/lab/yolo_ros/build/msg_interfaces' returned '0': CMAKE_PREFIX_PATH=/opt/ros/humble CONDA_PROMPT_MODIFIER=(base) /usr/bin/cmake /home/guoxuan/lab/yolo_ros/src/msg_interfaces -DCMAKE_INSTALL_PREFIX=/home/guoxuan/lab/yolo_ros/install/msg_interfaces
[2.065s] Invoking command in '/home/guoxuan/lab/yolo_ros/build/msg_interfaces': CMAKE_PREFIX_PATH=/opt/ros/humble CONDA_PROMPT_MODIFIER=(base) /usr/bin/cmake --build /home/guoxuan/lab/yolo_ros/build/msg_interfaces -- -j4 -l4
[2.111s] [  2%] [34m[1mGenerating C code for ROS interfaces[0m
[2.121s] [  5%] [34m[1mGenerating C++ code for ROS interfaces[0m
[2.132s] [  5%] Built target ament_cmake_python_copy_msg_interfaces
[2.454s] running egg_info
[2.455s] creating msg_interfaces.egg-info
[2.456s] writing msg_interfaces.egg-info/PKG-INFO
[2.456s] writing dependency_links to msg_interfaces.egg-info/dependency_links.txt
[2.456s] writing top-level names to msg_interfaces.egg-info/top_level.txt
[2.457s] writing manifest file 'msg_interfaces.egg-info/SOURCES.txt'
[2.460s] reading manifest file 'msg_interfaces.egg-info/SOURCES.txt'
[2.461s] writing manifest file 'msg_interfaces.egg-info/SOURCES.txt'
[2.504s] [  5%] Built target ament_cmake_python_build_msg_interfaces_egg
[2.573s] [  5%] Built target msg_interfaces__cpp
[2.586s] [  7%] [34m[1mGenerating C++ type support dispatch for ROS interfaces[0m
[2.590s] [ 12%] [34m[1mGenerating C++ type support for eProsima Fast-RTPS[0m
[2.590s] [ 12%] [34m[1mGenerating C++ introspection for ROS interfaces[0m
[2.606s] [ 15%] [32mBuilding C object CMakeFiles/msg_interfaces__rosidl_generator_c.dir/rosidl_generator_c/msg_interfaces/msg/detail/bounding_box__functions.c.o[0m
[2.677s] [ 17%] [32mBuilding C object CMakeFiles/msg_interfaces__rosidl_generator_c.dir/rosidl_generator_c/msg_interfaces/msg/detail/bounding_boxes__functions.c.o[0m
[2.731s] [ 20%] [32m[1mLinking C shared library libmsg_interfaces__rosidl_generator_c.so[0m
[2.791s] [ 20%] Built target msg_interfaces__rosidl_generator_c
[2.802s] [ 23%] [34m[1mGenerating C type support for eProsima Fast-RTPS[0m
[2.944s] [ 25%] [32mBuilding CXX object CMakeFiles/msg_interfaces__rosidl_typesupport_cpp.dir/rosidl_typesupport_cpp/msg_interfaces/msg/bounding_box__type_support.cpp.o[0m
[3.031s] [ 28%] [32mBuilding CXX object CMakeFiles/msg_interfaces__rosidl_typesupport_fastrtps_cpp.dir/rosidl_typesupport_fastrtps_cpp/msg_interfaces/msg/detail/dds_fastrtps/bounding_box__type_support.cpp.o[0m
[3.057s] [ 30%] [32mBuilding CXX object CMakeFiles/msg_interfaces__rosidl_typesupport_introspection_cpp.dir/rosidl_typesupport_introspection_cpp/msg_interfaces/msg/detail/bounding_box__type_support.cpp.o[0m
[3.222s] [ 33%] [32mBuilding CXX object CMakeFiles/msg_interfaces__rosidl_typesupport_fastrtps_c.dir/rosidl_typesupport_fastrtps_c/msg_interfaces/msg/detail/bounding_box__type_support_c.cpp.o[0m
[3.288s] [ 35%] [32mBuilding CXX object CMakeFiles/msg_interfaces__rosidl_typesupport_cpp.dir/rosidl_typesupport_cpp/msg_interfaces/msg/bounding_boxes__type_support.cpp.o[0m
[3.599s] [ 38%] [32mBuilding CXX object CMakeFiles/msg_interfaces__rosidl_typesupport_fastrtps_cpp.dir/rosidl_typesupport_fastrtps_cpp/msg_interfaces/msg/detail/dds_fastrtps/bounding_boxes__type_support.cpp.o[0m
[3.635s] [ 41%] [32mBuilding CXX object CMakeFiles/msg_interfaces__rosidl_typesupport_introspection_cpp.dir/rosidl_typesupport_introspection_cpp/msg_interfaces/msg/detail/bounding_boxes__type_support.cpp.o[0m
[3.722s] [ 43%] [32m[1mLinking CXX shared library libmsg_interfaces__rosidl_typesupport_cpp.so[0m
[3.827s] [ 43%] Built target msg_interfaces__rosidl_typesupport_cpp
[3.870s] [ 46%] [32mBuilding CXX object CMakeFiles/msg_interfaces__rosidl_typesupport_fastrtps_c.dir/rosidl_typesupport_fastrtps_c/msg_interfaces/msg/detail/bounding_boxes__type_support_c.cpp.o[0m
[3.872s] [ 48%] [34m[1mGenerating C introspection for ROS interfaces[0m
[4.522s] [ 51%] [32m[1mLinking CXX shared library libmsg_interfaces__rosidl_typesupport_introspection_cpp.so[0m
[4.545s] [ 53%] [32m[1mLinking CXX shared library libmsg_interfaces__rosidl_typesupport_fastrtps_cpp.so[0m
[4.552s] [ 56%] [32mBuilding C object CMakeFiles/msg_interfaces__rosidl_typesupport_introspection_c.dir/rosidl_typesupport_introspection_c/msg_interfaces/msg/detail/bounding_box__type_support.c.o[0m
[4.612s] [ 58%] [32mBuilding C object CMakeFiles/msg_interfaces__rosidl_typesupport_introspection_c.dir/rosidl_typesupport_introspection_c/msg_interfaces/msg/detail/bounding_boxes__type_support.c.o[0m
[4.674s] [ 61%] [32m[1mLinking C shared library libmsg_interfaces__rosidl_typesupport_introspection_c.so[0m
[4.693s] [ 64%] [32m[1mLinking CXX shared library libmsg_interfaces__rosidl_typesupport_fastrtps_c.so[0m
[4.704s] [ 64%] Built target msg_interfaces__rosidl_typesupport_fastrtps_cpp
[4.706s] [ 64%] Built target msg_interfaces__rosidl_typesupport_introspection_cpp
[4.720s] [ 66%] [34m[1mGenerating C type support dispatch for ROS interfaces[0m
[4.725s] [ 66%] Built target msg_interfaces__rosidl_typesupport_introspection_c
[4.837s] [ 66%] Built target msg_interfaces__rosidl_typesupport_fastrtps_c
[5.130s] [ 69%] [32mBuilding CXX object CMakeFiles/msg_interfaces__rosidl_typesupport_c.dir/rosidl_typesupport_c/msg_interfaces/msg/bounding_boxes__type_support.cpp.o[0m
[5.131s] [ 71%] [32mBuilding CXX object CMakeFiles/msg_interfaces__rosidl_typesupport_c.dir/rosidl_typesupport_c/msg_interfaces/msg/bounding_box__type_support.cpp.o[0m
[5.179s] [ 74%] [32m[1mLinking CXX shared library libmsg_interfaces__rosidl_typesupport_c.so[0m
[5.231s] [ 74%] Built target msg_interfaces__rosidl_typesupport_c
[5.254s] [ 74%] Built target msg_interfaces
[5.284s] [ 76%] [34m[1mGenerating Python code for ROS interfaces[0m
[5.339s] Traceback (most recent call last):
[5.339s]   File "/opt/ros/humble/share/rosidl_generator_py/cmake/../../../lib/rosidl_generator_py/rosidl_generator_py", line 8, in <module>
[5.340s]     from rosidl_generator_py import generate_py
[5.340s] ImportError: cannot import name 'generate_py' from 'rosidl_generator_py' (/opt/ros/humble/local/lib/python3.10/dist-packages/rosidl_generator_py/__init__.py)
[5.352s] gmake[2]: *** [msg_interfaces__py/CMakeFiles/msg_interfaces__py.dir/build.make:94: rosidl_generator_py/msg_interfaces/_msg_interfaces_s.ep.rosidl_typesupport_fastrtps_c.c] Error 1
[5.352s] gmake[1]: *** [CMakeFiles/Makefile2:590: msg_interfaces__py/CMakeFiles/msg_interfaces__py.dir/all] Error 2
[5.353s] gmake: *** [Makefile:146: all] Error 2
[5.355s] Invoked command in '/home/guoxuan/lab/yolo_ros/build/msg_interfaces' returned '2': CMAKE_PREFIX_PATH=/opt/ros/humble CONDA_PROMPT_MODIFIER=(base) /usr/bin/cmake --build /home/guoxuan/lab/yolo_ros/build/msg_interfaces -- -j4 -l4
