-- Found ament_cmake: 1.3.6 (/opt/ros/humble/share/ament_cmake/cmake)
-- Found ament_lint_auto: 0.12.9 (/opt/ros/humble/share/ament_lint_auto/cmake)
-- Found std_msgs: 4.2.3 (/opt/ros/humble/share/std_msgs/cmake)
-- Found rosidl_generator_c: 3.1.5 (/opt/ros/humble/share/rosidl_generator_c/cmake)
-- Found rosidl_adapter: 3.1.5 (/opt/ros/humble/share/rosidl_adapter/cmake)
-- Found rosidl_generator_cpp: 3.1.5 (/opt/ros/humble/share/rosidl_generator_cpp/cmake)
-- Using all available rosidl_typesupport_c: rosidl_typesupport_fastrtps_c;rosidl_typesupport_introspection_c
-- Using all available rosidl_typesupport_cpp: rosidl_typesupport_fastrtps_cpp;rosidl_typesupport_introspection_cpp
-- Found rosidl_default_generators: 1.2.0 (/opt/ros/humble/share/rosidl_default_generators/cmake)
-- Found ament_cmake_ros: 0.10.0 (/opt/ros/humble/share/ament_cmake_ros/cmake)
-- Using all available rosidl_typesupport_c: rosidl_typesupport_fastrtps_c;rosidl_typesupport_introspection_c
-- Using all available rosidl_typesupport_cpp: rosidl_typesupport_fastrtps_cpp;rosidl_typesupport_introspection_cpp
-- Found python_cmake_module: 0.10.0 (/opt/ros/humble/share/python_cmake_module/cmake)
-- Using PYTHON_EXECUTABLE: /home/guoxuan/miniconda3/bin/python3
-- Using PYTHON_INCLUDE_DIRS: /home/guoxuan/miniconda3/include/python3.11
-- Using PYTHON_LIBRARIES: /home/guoxuan/miniconda3/lib/libpython3.11.so
-- Using numpy include directory: /home/guoxuan/miniconda3/lib/python3.11/site-packages/numpy/core/include
-- Added test 'lint_cmake' to check CMake code style
-- Added test 'xmllint' to check XML markup files
-- Configuring done
-- Generating done
-- Build files have been written to: /home/guoxuan/lab/yolo_ros/build/msg_interfaces
[35m[1mConsolidate compiler generated dependencies of target msg_interfaces__rosidl_generator_c[0m
[  2%] Built target msg_interfaces__cpp
[  5%] [32mBuilding C object CMakeFiles/msg_interfaces__rosidl_generator_c.dir/rosidl_generator_c/msg_interfaces/msg/detail/bounding_boxes__functions.c.o[0m
[  7%] [32mBuilding C object CMakeFiles/msg_interfaces__rosidl_generator_c.dir/rosidl_generator_c/msg_interfaces/msg/detail/bounding_box__functions.c.o[0m
[  7%] Built target ament_cmake_python_copy_msg_interfaces
[35m[1mConsolidate compiler generated dependencies of target msg_interfaces__rosidl_typesupport_cpp[0m
In file included from [01m[K/home/guoxuan/lab/yolo_ros/build/msg_interfaces/rosidl_generator_c/msg_interfaces/msg/detail/bounding_boxes__functions.h:19[m[K,
                 from [01m[K/home/guoxuan/lab/yolo_ros/build/msg_interfaces/rosidl_generator_c/msg_interfaces/msg/detail/bounding_boxes__functions.c:4[m[K:
[01m[K/home/guoxuan/lab/yolo_ros/build/msg_interfaces/rosidl_generator_c/msg_interfaces/msg/detail/bounding_boxes__struct.h:23:10:[m[K [01;31m[Kfatal error: [m[Kmsg_interfaces/msg/detail/header__struct.h: No such file or directory
   23 | #include [01;31m[K"msg_interfaces/msg/detail/header__struct.h"[m[K
      |          [01;31m[K^~~~~~~~~~~~~~~~~~~~~~~~~~~~~~~~~~~~~~~~~~~~[m[K
compilation terminated.
[35m[1mConsolidate compiler generated dependencies of target msg_interfaces__rosidl_typesupport_fastrtps_cpp[0m
gmake[2]: *** [CMakeFiles/msg_interfaces__rosidl_generator_c.dir/build.make:167: CMakeFiles/msg_interfaces__rosidl_generator_c.dir/rosidl_generator_c/msg_interfaces/msg/detail/bounding_boxes__functions.c.o] Error 1
gmake[2]: *** Waiting for unfinished jobs....
[ 10%] [32mBuilding CXX object CMakeFiles/msg_interfaces__rosidl_typesupport_cpp.dir/rosidl_typesupport_cpp/msg_interfaces/msg/bounding_box__type_support.cpp.o[0m
[ 12%] [32mBuilding CXX object CMakeFiles/msg_interfaces__rosidl_typesupport_cpp.dir/rosidl_typesupport_cpp/msg_interfaces/msg/bounding_boxes__type_support.cpp.o[0m
[ 15%] [32mBuilding CXX object CMakeFiles/msg_interfaces__rosidl_typesupport_fastrtps_cpp.dir/rosidl_typesupport_fastrtps_cpp/msg_interfaces/msg/detail/dds_fastrtps/bounding_box__type_support.cpp.o[0m
gmake[1]: *** [CMakeFiles/Makefile2:213: CMakeFiles/msg_interfaces__rosidl_generator_c.dir/all] Error 2
gmake[1]: *** Waiting for unfinished jobs....
[ 17%] [32mBuilding CXX object CMakeFiles/msg_interfaces__rosidl_typesupport_fastrtps_cpp.dir/rosidl_typesupport_fastrtps_cpp/msg_interfaces/msg/detail/dds_fastrtps/bounding_boxes__type_support.cpp.o[0m
In file included from [01m[K/home/guoxuan/lab/yolo_ros/build/msg_interfaces/rosidl_typesupport_cpp/msg_interfaces/msg/bounding_boxes__type_support.cpp:7[m[K:
[01m[K/home/guoxuan/lab/yolo_ros/build/msg_interfaces/rosidl_generator_cpp/msg_interfaces/msg/detail/bounding_boxes__struct.hpp:21:10:[m[K [01;31m[Kfatal error: [m[Kmsg_interfaces/msg/detail/header__struct.hpp: No such file or directory
   21 | #include [01;31m[K"msg_interfaces/msg/detail/header__struct.hpp"[m[K
      |          [01;31m[K^~~~~~~~~~~~~~~~~~~~~~~~~~~~~~~~~~~~~~~~~~~~~~[m[K
compilation terminated.
gmake[2]: *** [CMakeFiles/msg_interfaces__rosidl_typesupport_cpp.dir/build.make:136: CMakeFiles/msg_interfaces__rosidl_typesupport_cpp.dir/rosidl_typesupport_cpp/msg_interfaces/msg/bounding_boxes__type_support.cpp.o] Error 1
gmake[2]: *** Waiting for unfinished jobs....
In file included from [01m[K/home/guoxuan/lab/yolo_ros/build/msg_interfaces/rosidl_typesupport_fastrtps_cpp/msg_interfaces/msg/detail/bounding_boxes__rosidl_typesupport_fastrtps_cpp.hpp:11[m[K,
                 from [01m[K/home/guoxuan/lab/yolo_ros/build/msg_interfaces/rosidl_typesupport_fastrtps_cpp/msg_interfaces/msg/detail/dds_fastrtps/bounding_boxes__type_support.cpp:4[m[K:
[01m[K/home/guoxuan/lab/yolo_ros/build/msg_interfaces/rosidl_generator_cpp/msg_interfaces/msg/detail/bounding_boxes__struct.hpp:21:10:[m[K [01;31m[Kfatal error: [m[Kmsg_interfaces/msg/detail/header__struct.hpp: No such file or directory
   21 | #include [01;31m[K"msg_interfaces/msg/detail/header__struct.hpp"[m[K
      |          [01;31m[K^~~~~~~~~~~~~~~~~~~~~~~~~~~~~~~~~~~~~~~~~~~~~~[m[K
compilation terminated.
gmake[2]: *** [CMakeFiles/msg_interfaces__rosidl_typesupport_fastrtps_cpp.dir/build.make:144: CMakeFiles/msg_interfaces__rosidl_typesupport_fastrtps_cpp.dir/rosidl_typesupport_fastrtps_cpp/msg_interfaces/msg/detail/dds_fastrtps/bounding_boxes__type_support.cpp.o] Error 1
gmake[2]: *** Waiting for unfinished jobs....
gmake[1]: *** [CMakeFiles/Makefile2:395: CMakeFiles/msg_interfaces__rosidl_typesupport_cpp.dir/all] Error 2
gmake[1]: *** [CMakeFiles/Makefile2:291: CMakeFiles/msg_interfaces__rosidl_typesupport_fastrtps_cpp.dir/all] Error 2
gmake: *** [Makefile:146: all] Error 2
