[0.074s] Invoking command in '/home/guoxuan/lab/yolo_ros/build/msg_interfaces': CMAKE_PREFIX_PATH=/opt/ros/humble CONDA_PROMPT_MODIFIER=(base) /usr/bin/cmake --build /home/guoxuan/lab/yolo_ros/build/msg_interfaces -- -j4 -l4
[0.109s] -- Found ament_cmake: 1.3.6 (/opt/ros/humble/share/ament_cmake/cmake)
[0.285s] -- Found ament_lint_auto: 0.12.9 (/opt/ros/humble/share/ament_lint_auto/cmake)
[0.366s] -- Found std_msgs: 4.2.3 (/opt/ros/humble/share/std_msgs/cmake)
[0.404s] -- Found rosidl_generator_c: 3.1.5 (/opt/ros/humble/share/rosidl_generator_c/cmake)
[0.407s] -- Found rosidl_adapter: 3.1.5 (/opt/ros/humble/share/rosidl_adapter/cmake)
[0.414s] -- Found rosidl_generator_cpp: 3.1.5 (/opt/ros/humble/share/rosidl_generator_cpp/cmake)
[0.426s] -- Using all available rosidl_typesupport_c: rosidl_typesupport_fastrtps_c;rosidl_typesupport_introspection_c
[0.448s] -- Using all available rosidl_typesupport_cpp: rosidl_typesupport_fastrtps_cpp;rosidl_typesupport_introspection_cpp
[0.533s] -- Found rosidl_default_generators: 1.2.0 (/opt/ros/humble/share/rosidl_default_generators/cmake)
[0.786s] -- Found ament_cmake_ros: 0.10.0 (/opt/ros/humble/share/ament_cmake_ros/cmake)
[1.200s] -- Using all available rosidl_typesupport_c: rosidl_typesupport_fastrtps_c;rosidl_typesupport_introspection_c
[1.362s] -- Using all available rosidl_typesupport_cpp: rosidl_typesupport_fastrtps_cpp;rosidl_typesupport_introspection_cpp
[1.387s] -- Found python_cmake_module: 0.10.0 (/opt/ros/humble/share/python_cmake_module/cmake)
[1.410s] -- Using PYTHON_EXECUTABLE: /home/guoxuan/miniconda3/bin/python3
[1.410s] -- Using PYTHON_INCLUDE_DIRS: /home/guoxuan/miniconda3/include/python3.11
[1.410s] -- Using PYTHON_LIBRARIES: /home/guoxuan/miniconda3/lib/libpython3.11.so
[1.547s] -- Using numpy include directory: /home/guoxuan/miniconda3/lib/python3.11/site-packages/numpy/core/include
[1.565s] -- Added test 'lint_cmake' to check CMake code style
[1.566s] -- Added test 'xmllint' to check XML markup files
[1.570s] -- Configuring done
[1.612s] -- Generating done
[1.616s] -- Build files have been written to: /home/guoxuan/lab/yolo_ros/build/msg_interfaces
[1.654s] [35m[1mConsolidate compiler generated dependencies of target msg_interfaces__rosidl_generator_c[0m
[1.664s] [  2%] Built target msg_interfaces__cpp
[1.669s] [  5%] [32mBuilding C object CMakeFiles/msg_interfaces__rosidl_generator_c.dir/rosidl_generator_c/msg_interfaces/msg/detail/bounding_boxes__functions.c.o[0m
[1.670s] [  7%] [32mBuilding C object CMakeFiles/msg_interfaces__rosidl_generator_c.dir/rosidl_generator_c/msg_interfaces/msg/detail/bounding_box__functions.c.o[0m
[1.674s] [  7%] Built target ament_cmake_python_copy_msg_interfaces
[1.677s] [35m[1mConsolidate compiler generated dependencies of target msg_interfaces__rosidl_typesupport_cpp[0m
[1.687s] In file included from [01m[K/home/guoxuan/lab/yolo_ros/build/msg_interfaces/rosidl_generator_c/msg_interfaces/msg/detail/bounding_boxes__functions.h:19[m[K,
[1.687s]                  from [01m[K/home/guoxuan/lab/yolo_ros/build/msg_interfaces/rosidl_generator_c/msg_interfaces/msg/detail/bounding_boxes__functions.c:4[m[K:
[1.687s] [01m[K/home/guoxuan/lab/yolo_ros/build/msg_interfaces/rosidl_generator_c/msg_interfaces/msg/detail/bounding_boxes__struct.h:23:10:[m[K [01;31m[Kfatal error: [m[Kmsg_interfaces/msg/detail/header__struct.h: No such file or directory
[1.687s]    23 | #include [01;31m[K"msg_interfaces/msg/detail/header__struct.h"[m[K
[1.687s]       |          [01;31m[K^~~~~~~~~~~~~~~~~~~~~~~~~~~~~~~~~~~~~~~~~~~~[m[K
[1.687s] compilation terminated.
[1.688s] [35m[1mConsolidate compiler generated dependencies of target msg_interfaces__rosidl_typesupport_fastrtps_cpp[0m
[1.688s] gmake[2]: *** [CMakeFiles/msg_interfaces__rosidl_generator_c.dir/build.make:167: CMakeFiles/msg_interfaces__rosidl_generator_c.dir/rosidl_generator_c/msg_interfaces/msg/detail/bounding_boxes__functions.c.o] Error 1
[1.688s] gmake[2]: *** Waiting for unfinished jobs....
[1.696s] [ 10%] [32mBuilding CXX object CMakeFiles/msg_interfaces__rosidl_typesupport_cpp.dir/rosidl_typesupport_cpp/msg_interfaces/msg/bounding_box__type_support.cpp.o[0m
[1.705s] [ 12%] [32mBuilding CXX object CMakeFiles/msg_interfaces__rosidl_typesupport_cpp.dir/rosidl_typesupport_cpp/msg_interfaces/msg/bounding_boxes__type_support.cpp.o[0m
[1.708s] [ 15%] [32mBuilding CXX object CMakeFiles/msg_interfaces__rosidl_typesupport_fastrtps_cpp.dir/rosidl_typesupport_fastrtps_cpp/msg_interfaces/msg/detail/dds_fastrtps/bounding_box__type_support.cpp.o[0m
[1.733s] gmake[1]: *** [CMakeFiles/Makefile2:213: CMakeFiles/msg_interfaces__rosidl_generator_c.dir/all] Error 2
[1.733s] gmake[1]: *** Waiting for unfinished jobs....
[1.743s] [ 17%] [32mBuilding CXX object CMakeFiles/msg_interfaces__rosidl_typesupport_fastrtps_cpp.dir/rosidl_typesupport_fastrtps_cpp/msg_interfaces/msg/detail/dds_fastrtps/bounding_boxes__type_support.cpp.o[0m
[1.766s] In file included from [01m[K/home/guoxuan/lab/yolo_ros/build/msg_interfaces/rosidl_typesupport_cpp/msg_interfaces/msg/bounding_boxes__type_support.cpp:7[m[K:
[1.766s] [01m[K/home/guoxuan/lab/yolo_ros/build/msg_interfaces/rosidl_generator_cpp/msg_interfaces/msg/detail/bounding_boxes__struct.hpp:21:10:[m[K [01;31m[Kfatal error: [m[Kmsg_interfaces/msg/detail/header__struct.hpp: No such file or directory
[1.767s]    21 | #include [01;31m[K"msg_interfaces/msg/detail/header__struct.hpp"[m[K
[1.767s]       |          [01;31m[K^~~~~~~~~~~~~~~~~~~~~~~~~~~~~~~~~~~~~~~~~~~~~~[m[K
[1.767s] compilation terminated.
[1.770s] gmake[2]: *** [CMakeFiles/msg_interfaces__rosidl_typesupport_cpp.dir/build.make:136: CMakeFiles/msg_interfaces__rosidl_typesupport_cpp.dir/rosidl_typesupport_cpp/msg_interfaces/msg/bounding_boxes__type_support.cpp.o] Error 1
[1.770s] gmake[2]: *** Waiting for unfinished jobs....
[1.808s] In file included from [01m[K/home/guoxuan/lab/yolo_ros/build/msg_interfaces/rosidl_typesupport_fastrtps_cpp/msg_interfaces/msg/detail/bounding_boxes__rosidl_typesupport_fastrtps_cpp.hpp:11[m[K,
[1.808s]                  from [01m[K/home/guoxuan/lab/yolo_ros/build/msg_interfaces/rosidl_typesupport_fastrtps_cpp/msg_interfaces/msg/detail/dds_fastrtps/bounding_boxes__type_support.cpp:4[m[K:
[1.808s] [01m[K/home/guoxuan/lab/yolo_ros/build/msg_interfaces/rosidl_generator_cpp/msg_interfaces/msg/detail/bounding_boxes__struct.hpp:21:10:[m[K [01;31m[Kfatal error: [m[Kmsg_interfaces/msg/detail/header__struct.hpp: No such file or directory
[1.809s]    21 | #include [01;31m[K"msg_interfaces/msg/detail/header__struct.hpp"[m[K
[1.809s]       |          [01;31m[K^~~~~~~~~~~~~~~~~~~~~~~~~~~~~~~~~~~~~~~~~~~~~~[m[K
[1.809s] compilation terminated.
[1.810s] gmake[2]: *** [CMakeFiles/msg_interfaces__rosidl_typesupport_fastrtps_cpp.dir/build.make:144: CMakeFiles/msg_interfaces__rosidl_typesupport_fastrtps_cpp.dir/rosidl_typesupport_fastrtps_cpp/msg_interfaces/msg/detail/dds_fastrtps/bounding_boxes__type_support.cpp.o] Error 1
[1.810s] gmake[2]: *** Waiting for unfinished jobs....
[1.991s] gmake[1]: *** [CMakeFiles/Makefile2:395: CMakeFiles/msg_interfaces__rosidl_typesupport_cpp.dir/all] Error 2
[2.163s] gmake[1]: *** [CMakeFiles/Makefile2:291: CMakeFiles/msg_interfaces__rosidl_typesupport_fastrtps_cpp.dir/all] Error 2
[2.164s] gmake: *** [Makefile:146: all] Error 2
[2.166s] Invoked command in '/home/guoxuan/lab/yolo_ros/build/msg_interfaces' returned '2': CMAKE_PREFIX_PATH=/opt/ros/humble CONDA_PROMPT_MODIFIER=(base) /usr/bin/cmake --build /home/guoxuan/lab/yolo_ros/build/msg_interfaces -- -j4 -l4
