-- The C compiler identification is GNU 11.4.0
-- The CXX compiler identification is GNU 11.4.0
-- Detecting C compiler ABI info
-- Detecting C compiler ABI info - done
-- Check for working C compiler: /usr/bin/cc - skipped
-- Detecting C compile features
-- Detecting C compile features - done
-- Detecting CXX compiler ABI info
-- Detecting CXX compiler ABI info - done
-- Check for working CXX compiler: /usr/bin/c++ - skipped
-- Detecting CXX compile features
-- Detecting CXX compile features - done
-- Found ament_cmake: 1.3.6 (/opt/ros/humble/share/ament_cmake/cmake)
-- Found Python3: /usr/bin/python3.10 (found version "3.10.12") found components: Interpreter 
-- Found ament_lint_auto: 0.12.9 (/opt/ros/humble/share/ament_lint_auto/cmake)
-- Found rosidl_default_generators: 1.2.0 (/opt/ros/humble/share/rosidl_default_generators/cmake)
-- Using all available rosidl_typesupport_c: rosidl_typesupport_fastrtps_c;rosidl_typesupport_introspection_c
-- Found rosidl_adapter: 3.1.5 (/opt/ros/humble/share/rosidl_adapter/cmake)
-- Using all available rosidl_typesupport_cpp: rosidl_typesupport_fastrtps_cpp;rosidl_typesupport_introspection_cpp
-- Found ament_cmake_ros: 0.10.0 (/opt/ros/humble/share/ament_cmake_ros/cmake)
-- Using all available rosidl_typesupport_c: rosidl_typesupport_fastrtps_c;rosidl_typesupport_introspection_c
-- Using all available rosidl_typesupport_cpp: rosidl_typesupport_fastrtps_cpp;rosidl_typesupport_introspection_cpp
-- Found PythonInterp: /usr/bin/python3 (found suitable version "3.10.12", minimum required is "3.6") 
-- Found python_cmake_module: 0.10.0 (/opt/ros/humble/share/python_cmake_module/cmake)
-- Found PythonLibs: /usr/lib/x86_64-linux-gnu/libpython3.10.so (found suitable version "3.10.12", minimum required is "3.5") 
-- Using PYTHON_EXECUTABLE: /usr/bin/python3
-- Using PYTHON_INCLUDE_DIRS: /usr/include/python3.10
-- Using PYTHON_LIBRARIES: /usr/lib/x86_64-linux-gnu/libpython3.10.so
-- Found PythonExtra: .so  
-- Added test 'lint_cmake' to check CMake code style
-- Added test 'xmllint' to check XML markup files
-- Configuring done
-- Generating done
-- Build files have been written to: /home/guoxuan/lab/yolo_ros/build/msg_interfaces
[  2%] [34m[1mGenerating C code for ROS interfaces[0m
[  5%] [34m[1mGenerating C++ code for ROS interfaces[0m
[  5%] Built target ament_cmake_python_copy_msg_interfaces
running egg_info
creating msg_interfaces.egg-info
writing msg_interfaces.egg-info/PKG-INFO
writing dependency_links to msg_interfaces.egg-info/dependency_links.txt
writing top-level names to msg_interfaces.egg-info/top_level.txt
writing manifest file 'msg_interfaces.egg-info/SOURCES.txt'
reading manifest file 'msg_interfaces.egg-info/SOURCES.txt'
writing manifest file 'msg_interfaces.egg-info/SOURCES.txt'
[  5%] Built target msg_interfaces__cpp
[  7%] [34m[1mGenerating C++ type support for eProsima Fast-RTPS[0m
[  7%] Built target ament_cmake_python_build_msg_interfaces_egg
[ 10%] [34m[1mGenerating C++ introspection for ROS interfaces[0m
[ 12%] [34m[1mGenerating C++ type support dispatch for ROS interfaces[0m
[ 15%] [32mBuilding C object CMakeFiles/msg_interfaces__rosidl_generator_c.dir/rosidl_generator_c/msg_interfaces/msg/detail/bounding_box__functions.c.o[0m
[ 17%] [32mBuilding C object CMakeFiles/msg_interfaces__rosidl_generator_c.dir/rosidl_generator_c/msg_interfaces/msg/detail/bounding_boxes__functions.c.o[0m
[ 20%] [32m[1mLinking C shared library libmsg_interfaces__rosidl_generator_c.so[0m
[ 20%] Built target msg_interfaces__rosidl_generator_c
[ 23%] [34m[1mGenerating C type support for eProsima Fast-RTPS[0m
[ 25%] [32mBuilding CXX object CMakeFiles/msg_interfaces__rosidl_typesupport_cpp.dir/rosidl_typesupport_cpp/msg_interfaces/msg/bounding_box__type_support.cpp.o[0m
[ 28%] [32mBuilding CXX object CMakeFiles/msg_interfaces__rosidl_typesupport_introspection_cpp.dir/rosidl_typesupport_introspection_cpp/msg_interfaces/msg/detail/bounding_box__type_support.cpp.o[0m
[ 30%] [32mBuilding CXX object CMakeFiles/msg_interfaces__rosidl_typesupport_fastrtps_cpp.dir/rosidl_typesupport_fastrtps_cpp/msg_interfaces/msg/detail/dds_fastrtps/bounding_box__type_support.cpp.o[0m
[ 33%] [32mBuilding CXX object CMakeFiles/msg_interfaces__rosidl_typesupport_fastrtps_c.dir/rosidl_typesupport_fastrtps_c/msg_interfaces/msg/detail/bounding_box__type_support_c.cpp.o[0m
[ 35%] [32mBuilding CXX object CMakeFiles/msg_interfaces__rosidl_typesupport_cpp.dir/rosidl_typesupport_cpp/msg_interfaces/msg/bounding_boxes__type_support.cpp.o[0m
[ 38%] [32mBuilding CXX object CMakeFiles/msg_interfaces__rosidl_typesupport_introspection_cpp.dir/rosidl_typesupport_introspection_cpp/msg_interfaces/msg/detail/bounding_boxes__type_support.cpp.o[0m
[ 41%] [32mBuilding CXX object CMakeFiles/msg_interfaces__rosidl_typesupport_fastrtps_cpp.dir/rosidl_typesupport_fastrtps_cpp/msg_interfaces/msg/detail/dds_fastrtps/bounding_boxes__type_support.cpp.o[0m
[ 43%] [32m[1mLinking CXX shared library libmsg_interfaces__rosidl_typesupport_cpp.so[0m
[ 43%] Built target msg_interfaces__rosidl_typesupport_cpp
[ 46%] [34m[1mGenerating C introspection for ROS interfaces[0m
[ 48%] [32mBuilding CXX object CMakeFiles/msg_interfaces__rosidl_typesupport_fastrtps_c.dir/rosidl_typesupport_fastrtps_c/msg_interfaces/msg/detail/bounding_boxes__type_support_c.cpp.o[0m
[ 51%] [32m[1mLinking CXX shared library libmsg_interfaces__rosidl_typesupport_introspection_cpp.so[0m
[ 53%] [32mBuilding C object CMakeFiles/msg_interfaces__rosidl_typesupport_introspection_c.dir/rosidl_typesupport_introspection_c/msg_interfaces/msg/detail/bounding_box__type_support.c.o[0m
[ 56%] [32mBuilding C object CMakeFiles/msg_interfaces__rosidl_typesupport_introspection_c.dir/rosidl_typesupport_introspection_c/msg_interfaces/msg/detail/bounding_boxes__type_support.c.o[0m
[ 56%] Built target msg_interfaces__rosidl_typesupport_introspection_cpp
[ 58%] [32m[1mLinking CXX shared library libmsg_interfaces__rosidl_typesupport_fastrtps_cpp.so[0m
[ 61%] [34m[1mGenerating C type support dispatch for ROS interfaces[0m
[ 64%] [32m[1mLinking CXX shared library libmsg_interfaces__rosidl_typesupport_fastrtps_c.so[0m
[ 66%] [32m[1mLinking C shared library libmsg_interfaces__rosidl_typesupport_introspection_c.so[0m
[ 66%] Built target msg_interfaces__rosidl_typesupport_introspection_c
[ 66%] Built target msg_interfaces__rosidl_typesupport_fastrtps_cpp
[ 66%] Built target msg_interfaces__rosidl_typesupport_fastrtps_c
[ 71%] [32mBuilding CXX object CMakeFiles/msg_interfaces__rosidl_typesupport_c.dir/rosidl_typesupport_c/msg_interfaces/msg/bounding_boxes__type_support.cpp.o[0m
[ 71%] [32mBuilding CXX object CMakeFiles/msg_interfaces__rosidl_typesupport_c.dir/rosidl_typesupport_c/msg_interfaces/msg/bounding_box__type_support.cpp.o[0m
[ 74%] [32m[1mLinking CXX shared library libmsg_interfaces__rosidl_typesupport_c.so[0m
[ 74%] Built target msg_interfaces__rosidl_typesupport_c
[ 74%] Built target msg_interfaces
[ 76%] [34m[1mGenerating Python code for ROS interfaces[0m
[ 76%] Built target msg_interfaces__py
[ 82%] [32mBuilding C object CMakeFiles/msg_interfaces__rosidl_generator_py.dir/rosidl_generator_py/msg_interfaces/msg/_bounding_box_s.c.o[0m
[ 82%] [32mBuilding C object CMakeFiles/msg_interfaces__rosidl_generator_py.dir/rosidl_generator_py/msg_interfaces/msg/_bounding_boxes_s.c.o[0m
[ 84%] [32m[1mLinking C shared library rosidl_generator_py/msg_interfaces/libmsg_interfaces__rosidl_generator_py.so[0m
[ 84%] Built target msg_interfaces__rosidl_generator_py
[ 87%] [32mBuilding C object CMakeFiles/msg_interfaces__rosidl_typesupport_c__pyext.dir/rosidl_generator_py/msg_interfaces/_msg_interfaces_s.ep.rosidl_typesupport_c.c.o[0m
[ 89%] [32mBuilding C object CMakeFiles/msg_interfaces__rosidl_typesupport_introspection_c__pyext.dir/rosidl_generator_py/msg_interfaces/_msg_interfaces_s.ep.rosidl_typesupport_introspection_c.c.o[0m
[ 92%] [32mBuilding C object CMakeFiles/msg_interfaces__rosidl_typesupport_fastrtps_c__pyext.dir/rosidl_generator_py/msg_interfaces/_msg_interfaces_s.ep.rosidl_typesupport_fastrtps_c.c.o[0m
[ 94%] [32m[1mLinking C shared library rosidl_generator_py/msg_interfaces/msg_interfaces_s__rosidl_typesupport_introspection_c.cpython-310-x86_64-linux-gnu.so[0m
[100%] [32m[1mLinking C shared library rosidl_generator_py/msg_interfaces/msg_interfaces_s__rosidl_typesupport_c.cpython-310-x86_64-linux-gnu.so[0m
[100%] [32m[1mLinking C shared library rosidl_generator_py/msg_interfaces/msg_interfaces_s__rosidl_typesupport_fastrtps_c.cpython-310-x86_64-linux-gnu.so[0m
[100%] Built target msg_interfaces__rosidl_typesupport_introspection_c__pyext
[100%] Built target msg_interfaces__rosidl_typesupport_c__pyext
[100%] Built target msg_interfaces__rosidl_typesupport_fastrtps_c__pyext
-- Install configuration: ""
-- Installing: /home/guoxuan/lab/yolo_ros/install/msg_interfaces/share/ament_index/resource_index/rosidl_interfaces/msg_interfaces
-- Installing: /home/guoxuan/lab/yolo_ros/install/msg_interfaces/include/msg_interfaces/msg_interfaces
-- Installing: /home/guoxuan/lab/yolo_ros/install/msg_interfaces/include/msg_interfaces/msg_interfaces/msg
-- Installing: /home/guoxuan/lab/yolo_ros/install/msg_interfaces/include/msg_interfaces/msg_interfaces/msg/detail
-- Installing: /home/guoxuan/lab/yolo_ros/install/msg_interfaces/include/msg_interfaces/msg_interfaces/msg/detail/bounding_boxes__type_support.h
-- Installing: /home/guoxuan/lab/yolo_ros/install/msg_interfaces/include/msg_interfaces/msg_interfaces/msg/detail/bounding_box__type_support.h
-- Installing: /home/guoxuan/lab/yolo_ros/install/msg_interfaces/include/msg_interfaces/msg_interfaces/msg/detail/bounding_box__functions.c
-- Installing: /home/guoxuan/lab/yolo_ros/install/msg_interfaces/include/msg_interfaces/msg_interfaces/msg/detail/bounding_boxes__functions.c
-- Installing: /home/guoxuan/lab/yolo_ros/install/msg_interfaces/include/msg_interfaces/msg_interfaces/msg/detail/bounding_boxes__functions.h
-- Installing: /home/guoxuan/lab/yolo_ros/install/msg_interfaces/include/msg_interfaces/msg_interfaces/msg/detail/bounding_boxes__struct.h
-- Installing: /home/guoxuan/lab/yolo_ros/install/msg_interfaces/include/msg_interfaces/msg_interfaces/msg/detail/bounding_box__functions.h
-- Installing: /home/guoxuan/lab/yolo_ros/install/msg_interfaces/include/msg_interfaces/msg_interfaces/msg/detail/bounding_box__struct.h
-- Installing: /home/guoxuan/lab/yolo_ros/install/msg_interfaces/include/msg_interfaces/msg_interfaces/msg/rosidl_generator_c__visibility_control.h
-- Installing: /home/guoxuan/lab/yolo_ros/install/msg_interfaces/include/msg_interfaces/msg_interfaces/msg/bounding_boxes.h
-- Installing: /home/guoxuan/lab/yolo_ros/install/msg_interfaces/include/msg_interfaces/msg_interfaces/msg/bounding_box.h
-- Installing: /home/guoxuan/lab/yolo_ros/install/msg_interfaces/share/msg_interfaces/environment/library_path.sh
-- Installing: /home/guoxuan/lab/yolo_ros/install/msg_interfaces/share/msg_interfaces/environment/library_path.dsv
-- Installing: /home/guoxuan/lab/yolo_ros/install/msg_interfaces/lib/libmsg_interfaces__rosidl_generator_c.so
-- Set runtime path of "/home/guoxuan/lab/yolo_ros/install/msg_interfaces/lib/libmsg_interfaces__rosidl_generator_c.so" to ""
-- Up-to-date: /home/guoxuan/lab/yolo_ros/install/msg_interfaces/include/msg_interfaces/msg_interfaces
-- Up-to-date: /home/guoxuan/lab/yolo_ros/install/msg_interfaces/include/msg_interfaces/msg_interfaces/msg
-- Up-to-date: /home/guoxuan/lab/yolo_ros/install/msg_interfaces/include/msg_interfaces/msg_interfaces/msg/detail
-- Installing: /home/guoxuan/lab/yolo_ros/install/msg_interfaces/include/msg_interfaces/msg_interfaces/msg/detail/bounding_boxes__rosidl_typesupport_fastrtps_c.h
-- Installing: /home/guoxuan/lab/yolo_ros/install/msg_interfaces/include/msg_interfaces/msg_interfaces/msg/detail/bounding_box__rosidl_typesupport_fastrtps_c.h
-- Installing: /home/guoxuan/lab/yolo_ros/install/msg_interfaces/include/msg_interfaces/msg_interfaces/msg/rosidl_typesupport_fastrtps_c__visibility_control.h
-- Installing: /home/guoxuan/lab/yolo_ros/install/msg_interfaces/lib/libmsg_interfaces__rosidl_typesupport_fastrtps_c.so
-- Set runtime path of "/home/guoxuan/lab/yolo_ros/install/msg_interfaces/lib/libmsg_interfaces__rosidl_typesupport_fastrtps_c.so" to ""
-- Up-to-date: /home/guoxuan/lab/yolo_ros/install/msg_interfaces/include/msg_interfaces/msg_interfaces
-- Up-to-date: /home/guoxuan/lab/yolo_ros/install/msg_interfaces/include/msg_interfaces/msg_interfaces/msg
-- Installing: /home/guoxuan/lab/yolo_ros/install/msg_interfaces/include/msg_interfaces/msg_interfaces/msg/rosidl_typesupport_introspection_c__visibility_control.h
-- Up-to-date: /home/guoxuan/lab/yolo_ros/install/msg_interfaces/include/msg_interfaces/msg_interfaces/msg/detail
-- Installing: /home/guoxuan/lab/yolo_ros/install/msg_interfaces/include/msg_interfaces/msg_interfaces/msg/detail/bounding_box__type_support.c
-- Installing: /home/guoxuan/lab/yolo_ros/install/msg_interfaces/include/msg_interfaces/msg_interfaces/msg/detail/bounding_boxes__rosidl_typesupport_introspection_c.h
-- Installing: /home/guoxuan/lab/yolo_ros/install/msg_interfaces/include/msg_interfaces/msg_interfaces/msg/detail/bounding_box__rosidl_typesupport_introspection_c.h
-- Installing: /home/guoxuan/lab/yolo_ros/install/msg_interfaces/include/msg_interfaces/msg_interfaces/msg/detail/bounding_boxes__type_support.c
-- Installing: /home/guoxuan/lab/yolo_ros/install/msg_interfaces/lib/libmsg_interfaces__rosidl_typesupport_introspection_c.so
-- Set runtime path of "/home/guoxuan/lab/yolo_ros/install/msg_interfaces/lib/libmsg_interfaces__rosidl_typesupport_introspection_c.so" to ""
-- Installing: /home/guoxuan/lab/yolo_ros/install/msg_interfaces/lib/libmsg_interfaces__rosidl_typesupport_c.so
-- Set runtime path of "/home/guoxuan/lab/yolo_ros/install/msg_interfaces/lib/libmsg_interfaces__rosidl_typesupport_c.so" to ""
-- Up-to-date: /home/guoxuan/lab/yolo_ros/install/msg_interfaces/include/msg_interfaces/msg_interfaces
-- Up-to-date: /home/guoxuan/lab/yolo_ros/install/msg_interfaces/include/msg_interfaces/msg_interfaces/msg
-- Up-to-date: /home/guoxuan/lab/yolo_ros/install/msg_interfaces/include/msg_interfaces/msg_interfaces/msg/detail
-- Installing: /home/guoxuan/lab/yolo_ros/install/msg_interfaces/include/msg_interfaces/msg_interfaces/msg/detail/bounding_box__struct.hpp
-- Installing: /home/guoxuan/lab/yolo_ros/install/msg_interfaces/include/msg_interfaces/msg_interfaces/msg/detail/bounding_boxes__traits.hpp
-- Installing: /home/guoxuan/lab/yolo_ros/install/msg_interfaces/include/msg_interfaces/msg_interfaces/msg/detail/bounding_box__builder.hpp
-- Installing: /home/guoxuan/lab/yolo_ros/install/msg_interfaces/include/msg_interfaces/msg_interfaces/msg/detail/bounding_boxes__struct.hpp
-- Installing: /home/guoxuan/lab/yolo_ros/install/msg_interfaces/include/msg_interfaces/msg_interfaces/msg/detail/bounding_boxes__builder.hpp
-- Installing: /home/guoxuan/lab/yolo_ros/install/msg_interfaces/include/msg_interfaces/msg_interfaces/msg/detail/bounding_box__traits.hpp
-- Installing: /home/guoxuan/lab/yolo_ros/install/msg_interfaces/include/msg_interfaces/msg_interfaces/msg/bounding_box.hpp
-- Installing: /home/guoxuan/lab/yolo_ros/install/msg_interfaces/include/msg_interfaces/msg_interfaces/msg/bounding_boxes.hpp
-- Up-to-date: /home/guoxuan/lab/yolo_ros/install/msg_interfaces/include/msg_interfaces/msg_interfaces
-- Up-to-date: /home/guoxuan/lab/yolo_ros/install/msg_interfaces/include/msg_interfaces/msg_interfaces/msg
-- Up-to-date: /home/guoxuan/lab/yolo_ros/install/msg_interfaces/include/msg_interfaces/msg_interfaces/msg/detail
-- Installing: /home/guoxuan/lab/yolo_ros/install/msg_interfaces/include/msg_interfaces/msg_interfaces/msg/detail/bounding_box__rosidl_typesupport_fastrtps_cpp.hpp
-- Installing: /home/guoxuan/lab/yolo_ros/install/msg_interfaces/include/msg_interfaces/msg_interfaces/msg/detail/bounding_boxes__rosidl_typesupport_fastrtps_cpp.hpp
-- Installing: /home/guoxuan/lab/yolo_ros/install/msg_interfaces/include/msg_interfaces/msg_interfaces/msg/detail/dds_fastrtps
-- Installing: /home/guoxuan/lab/yolo_ros/install/msg_interfaces/include/msg_interfaces/msg_interfaces/msg/rosidl_typesupport_fastrtps_cpp__visibility_control.h
-- Installing: /home/guoxuan/lab/yolo_ros/install/msg_interfaces/lib/libmsg_interfaces__rosidl_typesupport_fastrtps_cpp.so
-- Set runtime path of "/home/guoxuan/lab/yolo_ros/install/msg_interfaces/lib/libmsg_interfaces__rosidl_typesupport_fastrtps_cpp.so" to ""
-- Up-to-date: /home/guoxuan/lab/yolo_ros/install/msg_interfaces/include/msg_interfaces/msg_interfaces
-- Up-to-date: /home/guoxuan/lab/yolo_ros/install/msg_interfaces/include/msg_interfaces/msg_interfaces/msg
-- Up-to-date: /home/guoxuan/lab/yolo_ros/install/msg_interfaces/include/msg_interfaces/msg_interfaces/msg/detail
-- Installing: /home/guoxuan/lab/yolo_ros/install/msg_interfaces/include/msg_interfaces/msg_interfaces/msg/detail/bounding_boxes__type_support.cpp
-- Installing: /home/guoxuan/lab/yolo_ros/install/msg_interfaces/include/msg_interfaces/msg_interfaces/msg/detail/bounding_box__rosidl_typesupport_introspection_cpp.hpp
-- Installing: /home/guoxuan/lab/yolo_ros/install/msg_interfaces/include/msg_interfaces/msg_interfaces/msg/detail/bounding_boxes__rosidl_typesupport_introspection_cpp.hpp
-- Installing: /home/guoxuan/lab/yolo_ros/install/msg_interfaces/include/msg_interfaces/msg_interfaces/msg/detail/bounding_box__type_support.cpp
-- Installing: /home/guoxuan/lab/yolo_ros/install/msg_interfaces/lib/libmsg_interfaces__rosidl_typesupport_introspection_cpp.so
-- Set runtime path of "/home/guoxuan/lab/yolo_ros/install/msg_interfaces/lib/libmsg_interfaces__rosidl_typesupport_introspection_cpp.so" to ""
-- Installing: /home/guoxuan/lab/yolo_ros/install/msg_interfaces/lib/libmsg_interfaces__rosidl_typesupport_cpp.so
-- Set runtime path of "/home/guoxuan/lab/yolo_ros/install/msg_interfaces/lib/libmsg_interfaces__rosidl_typesupport_cpp.so" to ""
-- Installing: /home/guoxuan/lab/yolo_ros/install/msg_interfaces/share/msg_interfaces/environment/pythonpath.sh
-- Installing: /home/guoxuan/lab/yolo_ros/install/msg_interfaces/share/msg_interfaces/environment/pythonpath.dsv
-- Installing: /home/guoxuan/lab/yolo_ros/install/msg_interfaces/local/lib/python3.10/dist-packages/msg_interfaces-0.0.0-py3.10.egg-info
-- Installing: /home/guoxuan/lab/yolo_ros/install/msg_interfaces/local/lib/python3.10/dist-packages/msg_interfaces-0.0.0-py3.10.egg-info/SOURCES.txt
-- Installing: /home/guoxuan/lab/yolo_ros/install/msg_interfaces/local/lib/python3.10/dist-packages/msg_interfaces-0.0.0-py3.10.egg-info/dependency_links.txt
-- Installing: /home/guoxuan/lab/yolo_ros/install/msg_interfaces/local/lib/python3.10/dist-packages/msg_interfaces-0.0.0-py3.10.egg-info/top_level.txt
-- Installing: /home/guoxuan/lab/yolo_ros/install/msg_interfaces/local/lib/python3.10/dist-packages/msg_interfaces-0.0.0-py3.10.egg-info/PKG-INFO
-- Installing: /home/guoxuan/lab/yolo_ros/install/msg_interfaces/local/lib/python3.10/dist-packages/msg_interfaces
-- Installing: /home/guoxuan/lab/yolo_ros/install/msg_interfaces/local/lib/python3.10/dist-packages/msg_interfaces/libmsg_interfaces__rosidl_generator_py.so
-- Installing: /home/guoxuan/lab/yolo_ros/install/msg_interfaces/local/lib/python3.10/dist-packages/msg_interfaces/msg
-- Installing: /home/guoxuan/lab/yolo_ros/install/msg_interfaces/local/lib/python3.10/dist-packages/msg_interfaces/msg/_bounding_box.py
-- Installing: /home/guoxuan/lab/yolo_ros/install/msg_interfaces/local/lib/python3.10/dist-packages/msg_interfaces/msg/_bounding_box_s.c
-- Installing: /home/guoxuan/lab/yolo_ros/install/msg_interfaces/local/lib/python3.10/dist-packages/msg_interfaces/msg/_bounding_boxes_s.c
-- Installing: /home/guoxuan/lab/yolo_ros/install/msg_interfaces/local/lib/python3.10/dist-packages/msg_interfaces/msg/_bounding_boxes.py
-- Installing: /home/guoxuan/lab/yolo_ros/install/msg_interfaces/local/lib/python3.10/dist-packages/msg_interfaces/msg/__init__.py
-- Installing: /home/guoxuan/lab/yolo_ros/install/msg_interfaces/local/lib/python3.10/dist-packages/msg_interfaces/_msg_interfaces_s.ep.rosidl_typesupport_introspection_c.c
-- Installing: /home/guoxuan/lab/yolo_ros/install/msg_interfaces/local/lib/python3.10/dist-packages/msg_interfaces/_msg_interfaces_s.ep.rosidl_typesupport_fastrtps_c.c
-- Installing: /home/guoxuan/lab/yolo_ros/install/msg_interfaces/local/lib/python3.10/dist-packages/msg_interfaces/__init__.py
-- Installing: /home/guoxuan/lab/yolo_ros/install/msg_interfaces/local/lib/python3.10/dist-packages/msg_interfaces/_msg_interfaces_s.ep.rosidl_typesupport_c.c
-- Installing: /home/guoxuan/lab/yolo_ros/install/msg_interfaces/local/lib/python3.10/dist-packages/msg_interfaces/msg_interfaces_s__rosidl_typesupport_c.cpython-310-x86_64-linux-gnu.so
-- Installing: /home/guoxuan/lab/yolo_ros/install/msg_interfaces/local/lib/python3.10/dist-packages/msg_interfaces/msg_interfaces_s__rosidl_typesupport_introspection_c.cpython-310-x86_64-linux-gnu.so
-- Installing: /home/guoxuan/lab/yolo_ros/install/msg_interfaces/local/lib/python3.10/dist-packages/msg_interfaces/msg_interfaces_s__rosidl_typesupport_fastrtps_c.cpython-310-x86_64-linux-gnu.so
Listing '/home/guoxuan/lab/yolo_ros/install/msg_interfaces/local/lib/python3.10/dist-packages/msg_interfaces'...
Compiling '/home/guoxuan/lab/yolo_ros/install/msg_interfaces/local/lib/python3.10/dist-packages/msg_interfaces/__init__.py'...
Listing '/home/guoxuan/lab/yolo_ros/install/msg_interfaces/local/lib/python3.10/dist-packages/msg_interfaces/msg'...
Compiling '/home/guoxuan/lab/yolo_ros/install/msg_interfaces/local/lib/python3.10/dist-packages/msg_interfaces/msg/__init__.py'...
Compiling '/home/guoxuan/lab/yolo_ros/install/msg_interfaces/local/lib/python3.10/dist-packages/msg_interfaces/msg/_bounding_box.py'...
Compiling '/home/guoxuan/lab/yolo_ros/install/msg_interfaces/local/lib/python3.10/dist-packages/msg_interfaces/msg/_bounding_boxes.py'...
-- Installing: /home/guoxuan/lab/yolo_ros/install/msg_interfaces/local/lib/python3.10/dist-packages/msg_interfaces/msg_interfaces_s__rosidl_typesupport_fastrtps_c.cpython-310-x86_64-linux-gnu.so
-- Set runtime path of "/home/guoxuan/lab/yolo_ros/install/msg_interfaces/local/lib/python3.10/dist-packages/msg_interfaces/msg_interfaces_s__rosidl_typesupport_fastrtps_c.cpython-310-x86_64-linux-gnu.so" to ""
-- Installing: /home/guoxuan/lab/yolo_ros/install/msg_interfaces/local/lib/python3.10/dist-packages/msg_interfaces/msg_interfaces_s__rosidl_typesupport_introspection_c.cpython-310-x86_64-linux-gnu.so
-- Set runtime path of "/home/guoxuan/lab/yolo_ros/install/msg_interfaces/local/lib/python3.10/dist-packages/msg_interfaces/msg_interfaces_s__rosidl_typesupport_introspection_c.cpython-310-x86_64-linux-gnu.so" to ""
-- Installing: /home/guoxuan/lab/yolo_ros/install/msg_interfaces/local/lib/python3.10/dist-packages/msg_interfaces/msg_interfaces_s__rosidl_typesupport_c.cpython-310-x86_64-linux-gnu.so
-- Set runtime path of "/home/guoxuan/lab/yolo_ros/install/msg_interfaces/local/lib/python3.10/dist-packages/msg_interfaces/msg_interfaces_s__rosidl_typesupport_c.cpython-310-x86_64-linux-gnu.so" to ""
-- Installing: /home/guoxuan/lab/yolo_ros/install/msg_interfaces/lib/libmsg_interfaces__rosidl_generator_py.so
-- Set runtime path of "/home/guoxuan/lab/yolo_ros/install/msg_interfaces/lib/libmsg_interfaces__rosidl_generator_py.so" to ""
-- Installing: /home/guoxuan/lab/yolo_ros/install/msg_interfaces/share/msg_interfaces/msg/BoundingBox.idl
-- Installing: /home/guoxuan/lab/yolo_ros/install/msg_interfaces/share/msg_interfaces/msg/BoundingBoxes.idl
-- Installing: /home/guoxuan/lab/yolo_ros/install/msg_interfaces/share/msg_interfaces/msg/BoundingBox.msg
-- Installing: /home/guoxuan/lab/yolo_ros/install/msg_interfaces/share/msg_interfaces/msg/BoundingBoxes.msg
-- Installing: /home/guoxuan/lab/yolo_ros/install/msg_interfaces/share/ament_index/resource_index/package_run_dependencies/msg_interfaces
-- Installing: /home/guoxuan/lab/yolo_ros/install/msg_interfaces/share/ament_index/resource_index/parent_prefix_path/msg_interfaces
-- Installing: /home/guoxuan/lab/yolo_ros/install/msg_interfaces/share/msg_interfaces/environment/ament_prefix_path.sh
-- Installing: /home/guoxuan/lab/yolo_ros/install/msg_interfaces/share/msg_interfaces/environment/ament_prefix_path.dsv
-- Installing: /home/guoxuan/lab/yolo_ros/install/msg_interfaces/share/msg_interfaces/environment/path.sh
-- Installing: /home/guoxuan/lab/yolo_ros/install/msg_interfaces/share/msg_interfaces/environment/path.dsv
-- Installing: /home/guoxuan/lab/yolo_ros/install/msg_interfaces/share/msg_interfaces/local_setup.bash
-- Installing: /home/guoxuan/lab/yolo_ros/install/msg_interfaces/share/msg_interfaces/local_setup.sh
-- Installing: /home/guoxuan/lab/yolo_ros/install/msg_interfaces/share/msg_interfaces/local_setup.zsh
-- Installing: /home/guoxuan/lab/yolo_ros/install/msg_interfaces/share/msg_interfaces/local_setup.dsv
-- Installing: /home/guoxuan/lab/yolo_ros/install/msg_interfaces/share/msg_interfaces/package.dsv
-- Installing: /home/guoxuan/lab/yolo_ros/install/msg_interfaces/share/ament_index/resource_index/packages/msg_interfaces
-- Installing: /home/guoxuan/lab/yolo_ros/install/msg_interfaces/share/msg_interfaces/cmake/export_msg_interfaces__rosidl_generator_cExport.cmake
-- Installing: /home/guoxuan/lab/yolo_ros/install/msg_interfaces/share/msg_interfaces/cmake/export_msg_interfaces__rosidl_generator_cExport-noconfig.cmake
-- Installing: /home/guoxuan/lab/yolo_ros/install/msg_interfaces/share/msg_interfaces/cmake/export_msg_interfaces__rosidl_typesupport_fastrtps_cExport.cmake
-- Installing: /home/guoxuan/lab/yolo_ros/install/msg_interfaces/share/msg_interfaces/cmake/export_msg_interfaces__rosidl_typesupport_fastrtps_cExport-noconfig.cmake
-- Installing: /home/guoxuan/lab/yolo_ros/install/msg_interfaces/share/msg_interfaces/cmake/msg_interfaces__rosidl_typesupport_introspection_cExport.cmake
-- Installing: /home/guoxuan/lab/yolo_ros/install/msg_interfaces/share/msg_interfaces/cmake/msg_interfaces__rosidl_typesupport_introspection_cExport-noconfig.cmake
-- Installing: /home/guoxuan/lab/yolo_ros/install/msg_interfaces/share/msg_interfaces/cmake/msg_interfaces__rosidl_typesupport_cExport.cmake
-- Installing: /home/guoxuan/lab/yolo_ros/install/msg_interfaces/share/msg_interfaces/cmake/msg_interfaces__rosidl_typesupport_cExport-noconfig.cmake
-- Installing: /home/guoxuan/lab/yolo_ros/install/msg_interfaces/share/msg_interfaces/cmake/export_msg_interfaces__rosidl_generator_cppExport.cmake
-- Installing: /home/guoxuan/lab/yolo_ros/install/msg_interfaces/share/msg_interfaces/cmake/export_msg_interfaces__rosidl_typesupport_fastrtps_cppExport.cmake
-- Installing: /home/guoxuan/lab/yolo_ros/install/msg_interfaces/share/msg_interfaces/cmake/export_msg_interfaces__rosidl_typesupport_fastrtps_cppExport-noconfig.cmake
-- Installing: /home/guoxuan/lab/yolo_ros/install/msg_interfaces/share/msg_interfaces/cmake/msg_interfaces__rosidl_typesupport_introspection_cppExport.cmake
-- Installing: /home/guoxuan/lab/yolo_ros/install/msg_interfaces/share/msg_interfaces/cmake/msg_interfaces__rosidl_typesupport_introspection_cppExport-noconfig.cmake
-- Installing: /home/guoxuan/lab/yolo_ros/install/msg_interfaces/share/msg_interfaces/cmake/msg_interfaces__rosidl_typesupport_cppExport.cmake
-- Installing: /home/guoxuan/lab/yolo_ros/install/msg_interfaces/share/msg_interfaces/cmake/msg_interfaces__rosidl_typesupport_cppExport-noconfig.cmake
-- Installing: /home/guoxuan/lab/yolo_ros/install/msg_interfaces/share/msg_interfaces/cmake/export_msg_interfaces__rosidl_generator_pyExport.cmake
-- Installing: /home/guoxuan/lab/yolo_ros/install/msg_interfaces/share/msg_interfaces/cmake/export_msg_interfaces__rosidl_generator_pyExport-noconfig.cmake
-- Installing: /home/guoxuan/lab/yolo_ros/install/msg_interfaces/share/msg_interfaces/cmake/rosidl_cmake-extras.cmake
-- Installing: /home/guoxuan/lab/yolo_ros/install/msg_interfaces/share/msg_interfaces/cmake/ament_cmake_export_include_directories-extras.cmake
-- Installing: /home/guoxuan/lab/yolo_ros/install/msg_interfaces/share/msg_interfaces/cmake/ament_cmake_export_libraries-extras.cmake
-- Installing: /home/guoxuan/lab/yolo_ros/install/msg_interfaces/share/msg_interfaces/cmake/ament_cmake_export_targets-extras.cmake
-- Installing: /home/guoxuan/lab/yolo_ros/install/msg_interfaces/share/msg_interfaces/cmake/rosidl_cmake_export_typesupport_targets-extras.cmake
-- Installing: /home/guoxuan/lab/yolo_ros/install/msg_interfaces/share/msg_interfaces/cmake/ament_cmake_export_dependencies-extras.cmake
-- Installing: /home/guoxuan/lab/yolo_ros/install/msg_interfaces/share/msg_interfaces/cmake/rosidl_cmake_export_typesupport_libraries-extras.cmake
-- Installing: /home/guoxuan/lab/yolo_ros/install/msg_interfaces/share/msg_interfaces/cmake/msg_interfacesConfig.cmake
-- Installing: /home/guoxuan/lab/yolo_ros/install/msg_interfaces/share/msg_interfaces/cmake/msg_interfacesConfig-version.cmake
-- Installing: /home/guoxuan/lab/yolo_ros/install/msg_interfaces/share/msg_interfaces/package.xml
