[0.086s] Invoking command in '/home/guoxuan/lab/yolo_ros/build/msg_interfaces': CMAKE_PREFIX_PATH=/opt/ros/humble /usr/bin/cmake /home/guoxuan/lab/yolo_ros/src/msg_interfaces -DCMAKE_INSTALL_PREFIX=/home/guoxuan/lab/yolo_ros/install/msg_interfaces
[0.155s] -- The C compiler identification is GNU 11.4.0
[0.250s] -- The CXX compiler identification is GNU 11.4.0
[0.261s] -- Detecting C compiler ABI info
[0.354s] -- Detecting C compiler ABI info - done
[0.364s] -- Check for working C compiler: /usr/bin/cc - skipped
[0.364s] -- Detecting C compile features
[0.364s] -- Detecting C compile features - done
[0.368s] -- Detecting CXX compiler ABI info
[0.484s] -- Detecting CXX compiler ABI info - done
[0.494s] -- Check for working CXX compiler: /usr/bin/c++ - skipped
[0.494s] -- Detecting CXX compile features
[0.495s] -- Detecting CXX compile features - done
[0.497s] -- Found ament_cmake: 1.3.6 (/opt/ros/humble/share/ament_cmake/cmake)
[0.743s] -- Found Python3: /usr/bin/python3.10 (found version "3.10.12") found components: Interpreter 
[0.871s] -- Found ament_lint_auto: 0.12.9 (/opt/ros/humble/share/ament_lint_auto/cmake)
[0.978s] -- Found rosidl_default_generators: 1.2.0 (/opt/ros/humble/share/rosidl_default_generators/cmake)
[0.981s] -- Using all available rosidl_typesupport_c: rosidl_typesupport_fastrtps_c;rosidl_typesupport_introspection_c
[0.988s] -- Found rosidl_adapter: 3.1.5 (/opt/ros/humble/share/rosidl_adapter/cmake)
[1.035s] -- Using all available rosidl_typesupport_cpp: rosidl_typesupport_fastrtps_cpp;rosidl_typesupport_introspection_cpp
[1.314s] -- Found ament_cmake_ros: 0.10.0 (/opt/ros/humble/share/ament_cmake_ros/cmake)
[1.546s] -- Using all available rosidl_typesupport_c: rosidl_typesupport_fastrtps_c;rosidl_typesupport_introspection_c
[1.871s] -- Using all available rosidl_typesupport_cpp: rosidl_typesupport_fastrtps_cpp;rosidl_typesupport_introspection_cpp
[1.917s] -- Found PythonInterp: /usr/bin/python3 (found suitable version "3.10.12", minimum required is "3.6") 
[1.920s] -- Found python_cmake_module: 0.10.0 (/opt/ros/humble/share/python_cmake_module/cmake)
[1.964s] -- Found PythonLibs: /usr/lib/x86_64-linux-gnu/libpython3.10.so (found suitable version "3.10.12", minimum required is "3.5") 
[1.964s] -- Using PYTHON_EXECUTABLE: /usr/bin/python3
[1.964s] -- Using PYTHON_INCLUDE_DIRS: /usr/include/python3.10
[1.964s] -- Using PYTHON_LIBRARIES: /usr/lib/x86_64-linux-gnu/libpython3.10.so
[1.993s] -- Found PythonExtra: .so  
[2.036s] -- Added test 'lint_cmake' to check CMake code style
[2.038s] -- Added test 'xmllint' to check XML markup files
[2.047s] -- Configuring done
[2.084s] -- Generating done
[2.087s] -- Build files have been written to: /home/guoxuan/lab/yolo_ros/build/msg_interfaces
[2.094s] Invoked command in '/home/guoxuan/lab/yolo_ros/build/msg_interfaces' returned '0': CMAKE_PREFIX_PATH=/opt/ros/humble /usr/bin/cmake /home/guoxuan/lab/yolo_ros/src/msg_interfaces -DCMAKE_INSTALL_PREFIX=/home/guoxuan/lab/yolo_ros/install/msg_interfaces
[2.097s] Invoking command in '/home/guoxuan/lab/yolo_ros/build/msg_interfaces': CMAKE_PREFIX_PATH=/opt/ros/humble /usr/bin/cmake --build /home/guoxuan/lab/yolo_ros/build/msg_interfaces -- -j4 -l4
[2.142s] [  2%] [34m[1mGenerating C code for ROS interfaces[0m
[2.158s] [  5%] [34m[1mGenerating C++ code for ROS interfaces[0m
[2.171s] [  5%] Built target ament_cmake_python_copy_msg_interfaces
[2.602s] running egg_info
[2.603s] creating msg_interfaces.egg-info
[2.603s] writing msg_interfaces.egg-info/PKG-INFO
[2.603s] writing dependency_links to msg_interfaces.egg-info/dependency_links.txt
[2.604s] writing top-level names to msg_interfaces.egg-info/top_level.txt
[2.604s] writing manifest file 'msg_interfaces.egg-info/SOURCES.txt'
[2.607s] reading manifest file 'msg_interfaces.egg-info/SOURCES.txt'
[2.608s] writing manifest file 'msg_interfaces.egg-info/SOURCES.txt'
[2.632s] [  5%] Built target msg_interfaces__cpp
[2.654s] [  7%] [34m[1mGenerating C++ type support for eProsima Fast-RTPS[0m
[2.667s] [  7%] Built target ament_cmake_python_build_msg_interfaces_egg
[2.677s] [ 10%] [34m[1mGenerating C++ introspection for ROS interfaces[0m
[2.688s] [ 12%] [34m[1mGenerating C++ type support dispatch for ROS interfaces[0m
[2.718s] [ 15%] [32mBuilding C object CMakeFiles/msg_interfaces__rosidl_generator_c.dir/rosidl_generator_c/msg_interfaces/msg/detail/bounding_box__functions.c.o[0m
[2.803s] [ 17%] [32mBuilding C object CMakeFiles/msg_interfaces__rosidl_generator_c.dir/rosidl_generator_c/msg_interfaces/msg/detail/bounding_boxes__functions.c.o[0m
[2.896s] [ 20%] [32m[1mLinking C shared library libmsg_interfaces__rosidl_generator_c.so[0m
[2.989s] [ 20%] Built target msg_interfaces__rosidl_generator_c
[3.041s] [ 23%] [34m[1mGenerating C type support for eProsima Fast-RTPS[0m
[3.210s] [ 25%] [32mBuilding CXX object CMakeFiles/msg_interfaces__rosidl_typesupport_cpp.dir/rosidl_typesupport_cpp/msg_interfaces/msg/bounding_box__type_support.cpp.o[0m
[3.238s] [ 28%] [32mBuilding CXX object CMakeFiles/msg_interfaces__rosidl_typesupport_introspection_cpp.dir/rosidl_typesupport_introspection_cpp/msg_interfaces/msg/detail/bounding_box__type_support.cpp.o[0m
[3.291s] [ 30%] [32mBuilding CXX object CMakeFiles/msg_interfaces__rosidl_typesupport_fastrtps_cpp.dir/rosidl_typesupport_fastrtps_cpp/msg_interfaces/msg/detail/dds_fastrtps/bounding_box__type_support.cpp.o[0m
[3.681s] [ 33%] [32mBuilding CXX object CMakeFiles/msg_interfaces__rosidl_typesupport_fastrtps_c.dir/rosidl_typesupport_fastrtps_c/msg_interfaces/msg/detail/bounding_box__type_support_c.cpp.o[0m
[3.727s] [ 35%] [32mBuilding CXX object CMakeFiles/msg_interfaces__rosidl_typesupport_cpp.dir/rosidl_typesupport_cpp/msg_interfaces/msg/bounding_boxes__type_support.cpp.o[0m
[3.998s] [ 38%] [32mBuilding CXX object CMakeFiles/msg_interfaces__rosidl_typesupport_introspection_cpp.dir/rosidl_typesupport_introspection_cpp/msg_interfaces/msg/detail/bounding_boxes__type_support.cpp.o[0m
[4.087s] [ 41%] [32mBuilding CXX object CMakeFiles/msg_interfaces__rosidl_typesupport_fastrtps_cpp.dir/rosidl_typesupport_fastrtps_cpp/msg_interfaces/msg/detail/dds_fastrtps/bounding_boxes__type_support.cpp.o[0m
[4.211s] [ 43%] [32m[1mLinking CXX shared library libmsg_interfaces__rosidl_typesupport_cpp.so[0m
[4.272s] [ 43%] Built target msg_interfaces__rosidl_typesupport_cpp
[4.288s] [ 46%] [34m[1mGenerating C introspection for ROS interfaces[0m
[4.316s] [ 48%] [32mBuilding CXX object CMakeFiles/msg_interfaces__rosidl_typesupport_fastrtps_c.dir/rosidl_typesupport_fastrtps_c/msg_interfaces/msg/detail/bounding_boxes__type_support_c.cpp.o[0m
[4.715s] [ 51%] [32m[1mLinking CXX shared library libmsg_interfaces__rosidl_typesupport_introspection_cpp.so[0m
[4.808s] [ 53%] [32mBuilding C object CMakeFiles/msg_interfaces__rosidl_typesupport_introspection_c.dir/rosidl_typesupport_introspection_c/msg_interfaces/msg/detail/bounding_box__type_support.c.o[0m
[4.868s] [ 56%] [32mBuilding C object CMakeFiles/msg_interfaces__rosidl_typesupport_introspection_c.dir/rosidl_typesupport_introspection_c/msg_interfaces/msg/detail/bounding_boxes__type_support.c.o[0m
[4.887s] [ 56%] Built target msg_interfaces__rosidl_typesupport_introspection_cpp
[4.896s] [ 58%] [32m[1mLinking CXX shared library libmsg_interfaces__rosidl_typesupport_fastrtps_cpp.so[0m
[4.902s] [ 61%] [34m[1mGenerating C type support dispatch for ROS interfaces[0m
[4.914s] [ 64%] [32m[1mLinking CXX shared library libmsg_interfaces__rosidl_typesupport_fastrtps_c.so[0m
[4.922s] [ 66%] [32m[1mLinking C shared library libmsg_interfaces__rosidl_typesupport_introspection_c.so[0m
[4.976s] [ 66%] Built target msg_interfaces__rosidl_typesupport_introspection_c
[5.031s] [ 66%] Built target msg_interfaces__rosidl_typesupport_fastrtps_cpp
[5.037s] [ 66%] Built target msg_interfaces__rosidl_typesupport_fastrtps_c
[5.211s] [ 71%] [32mBuilding CXX object CMakeFiles/msg_interfaces__rosidl_typesupport_c.dir/rosidl_typesupport_c/msg_interfaces/msg/bounding_boxes__type_support.cpp.o[0m
[5.211s] [ 71%] [32mBuilding CXX object CMakeFiles/msg_interfaces__rosidl_typesupport_c.dir/rosidl_typesupport_c/msg_interfaces/msg/bounding_box__type_support.cpp.o[0m
[5.244s] [ 74%] [32m[1mLinking CXX shared library libmsg_interfaces__rosidl_typesupport_c.so[0m
[5.297s] [ 74%] Built target msg_interfaces__rosidl_typesupport_c
[5.320s] [ 74%] Built target msg_interfaces
[5.343s] [ 76%] [34m[1mGenerating Python code for ROS interfaces[0m
[5.789s] [ 76%] Built target msg_interfaces__py
[5.813s] [ 82%] [32mBuilding C object CMakeFiles/msg_interfaces__rosidl_generator_py.dir/rosidl_generator_py/msg_interfaces/msg/_bounding_box_s.c.o[0m
[5.814s] [ 82%] [32mBuilding C object CMakeFiles/msg_interfaces__rosidl_generator_py.dir/rosidl_generator_py/msg_interfaces/msg/_bounding_boxes_s.c.o[0m
[6.009s] [ 84%] [32m[1mLinking C shared library rosidl_generator_py/msg_interfaces/libmsg_interfaces__rosidl_generator_py.so[0m
[6.055s] [ 84%] Built target msg_interfaces__rosidl_generator_py
[6.084s] [ 87%] [32mBuilding C object CMakeFiles/msg_interfaces__rosidl_typesupport_c__pyext.dir/rosidl_generator_py/msg_interfaces/_msg_interfaces_s.ep.rosidl_typesupport_c.c.o[0m
[6.089s] [ 89%] [32mBuilding C object CMakeFiles/msg_interfaces__rosidl_typesupport_introspection_c__pyext.dir/rosidl_generator_py/msg_interfaces/_msg_interfaces_s.ep.rosidl_typesupport_introspection_c.c.o[0m
[6.093s] [ 92%] [32mBuilding C object CMakeFiles/msg_interfaces__rosidl_typesupport_fastrtps_c__pyext.dir/rosidl_generator_py/msg_interfaces/_msg_interfaces_s.ep.rosidl_typesupport_fastrtps_c.c.o[0m
[6.214s] [ 94%] [32m[1mLinking C shared library rosidl_generator_py/msg_interfaces/msg_interfaces_s__rosidl_typesupport_introspection_c.cpython-310-x86_64-linux-gnu.so[0m
[6.233s] [100%] [32m[1mLinking C shared library rosidl_generator_py/msg_interfaces/msg_interfaces_s__rosidl_typesupport_c.cpython-310-x86_64-linux-gnu.so[0m
[6.233s] [100%] [32m[1mLinking C shared library rosidl_generator_py/msg_interfaces/msg_interfaces_s__rosidl_typesupport_fastrtps_c.cpython-310-x86_64-linux-gnu.so[0m
[6.272s] [100%] Built target msg_interfaces__rosidl_typesupport_introspection_c__pyext
[6.276s] [100%] Built target msg_interfaces__rosidl_typesupport_c__pyext
[6.282s] [100%] Built target msg_interfaces__rosidl_typesupport_fastrtps_c__pyext
[6.297s] Invoked command in '/home/guoxuan/lab/yolo_ros/build/msg_interfaces' returned '0': CMAKE_PREFIX_PATH=/opt/ros/humble /usr/bin/cmake --build /home/guoxuan/lab/yolo_ros/build/msg_interfaces -- -j4 -l4
[6.403s] Invoking command in '/home/guoxuan/lab/yolo_ros/build/msg_interfaces': CMAKE_PREFIX_PATH=/opt/ros/humble /usr/bin/cmake --install /home/guoxuan/lab/yolo_ros/build/msg_interfaces
[6.413s] -- Install configuration: ""
[6.414s] -- Installing: /home/guoxuan/lab/yolo_ros/install/msg_interfaces/share/ament_index/resource_index/rosidl_interfaces/msg_interfaces
[6.414s] -- Installing: /home/guoxuan/lab/yolo_ros/install/msg_interfaces/include/msg_interfaces/msg_interfaces
[6.414s] -- Installing: /home/guoxuan/lab/yolo_ros/install/msg_interfaces/include/msg_interfaces/msg_interfaces/msg
[6.415s] -- Installing: /home/guoxuan/lab/yolo_ros/install/msg_interfaces/include/msg_interfaces/msg_interfaces/msg/detail
[6.415s] -- Installing: /home/guoxuan/lab/yolo_ros/install/msg_interfaces/include/msg_interfaces/msg_interfaces/msg/detail/bounding_boxes__type_support.h
[6.415s] -- Installing: /home/guoxuan/lab/yolo_ros/install/msg_interfaces/include/msg_interfaces/msg_interfaces/msg/detail/bounding_box__type_support.h
[6.415s] -- Installing: /home/guoxuan/lab/yolo_ros/install/msg_interfaces/include/msg_interfaces/msg_interfaces/msg/detail/bounding_box__functions.c
[6.416s] -- Installing: /home/guoxuan/lab/yolo_ros/install/msg_interfaces/include/msg_interfaces/msg_interfaces/msg/detail/bounding_boxes__functions.c
[6.416s] -- Installing: /home/guoxuan/lab/yolo_ros/install/msg_interfaces/include/msg_interfaces/msg_interfaces/msg/detail/bounding_boxes__functions.h
[6.416s] -- Installing: /home/guoxuan/lab/yolo_ros/install/msg_interfaces/include/msg_interfaces/msg_interfaces/msg/detail/bounding_boxes__struct.h
[6.417s] -- Installing: /home/guoxuan/lab/yolo_ros/install/msg_interfaces/include/msg_interfaces/msg_interfaces/msg/detail/bounding_box__functions.h
[6.417s] -- Installing: /home/guoxuan/lab/yolo_ros/install/msg_interfaces/include/msg_interfaces/msg_interfaces/msg/detail/bounding_box__struct.h
[6.417s] -- Installing: /home/guoxuan/lab/yolo_ros/install/msg_interfaces/include/msg_interfaces/msg_interfaces/msg/rosidl_generator_c__visibility_control.h
[6.417s] -- Installing: /home/guoxuan/lab/yolo_ros/install/msg_interfaces/include/msg_interfaces/msg_interfaces/msg/bounding_boxes.h
[6.418s] -- Installing: /home/guoxuan/lab/yolo_ros/install/msg_interfaces/include/msg_interfaces/msg_interfaces/msg/bounding_box.h
[6.418s] -- Installing: /home/guoxuan/lab/yolo_ros/install/msg_interfaces/share/msg_interfaces/environment/library_path.sh
[6.419s] -- Installing: /home/guoxuan/lab/yolo_ros/install/msg_interfaces/share/msg_interfaces/environment/library_path.dsv
[6.419s] -- Installing: /home/guoxuan/lab/yolo_ros/install/msg_interfaces/lib/libmsg_interfaces__rosidl_generator_c.so
[6.420s] -- Set runtime path of "/home/guoxuan/lab/yolo_ros/install/msg_interfaces/lib/libmsg_interfaces__rosidl_generator_c.so" to ""
[6.420s] -- Up-to-date: /home/guoxuan/lab/yolo_ros/install/msg_interfaces/include/msg_interfaces/msg_interfaces
[6.420s] -- Up-to-date: /home/guoxuan/lab/yolo_ros/install/msg_interfaces/include/msg_interfaces/msg_interfaces/msg
[6.420s] -- Up-to-date: /home/guoxuan/lab/yolo_ros/install/msg_interfaces/include/msg_interfaces/msg_interfaces/msg/detail
[6.420s] -- Installing: /home/guoxuan/lab/yolo_ros/install/msg_interfaces/include/msg_interfaces/msg_interfaces/msg/detail/bounding_boxes__rosidl_typesupport_fastrtps_c.h
[6.421s] -- Installing: /home/guoxuan/lab/yolo_ros/install/msg_interfaces/include/msg_interfaces/msg_interfaces/msg/detail/bounding_box__rosidl_typesupport_fastrtps_c.h
[6.421s] -- Installing: /home/guoxuan/lab/yolo_ros/install/msg_interfaces/include/msg_interfaces/msg_interfaces/msg/rosidl_typesupport_fastrtps_c__visibility_control.h
[6.421s] -- Installing: /home/guoxuan/lab/yolo_ros/install/msg_interfaces/lib/libmsg_interfaces__rosidl_typesupport_fastrtps_c.so
[6.422s] -- Set runtime path of "/home/guoxuan/lab/yolo_ros/install/msg_interfaces/lib/libmsg_interfaces__rosidl_typesupport_fastrtps_c.so" to ""
[6.422s] -- Up-to-date: /home/guoxuan/lab/yolo_ros/install/msg_interfaces/include/msg_interfaces/msg_interfaces
[6.422s] -- Up-to-date: /home/guoxuan/lab/yolo_ros/install/msg_interfaces/include/msg_interfaces/msg_interfaces/msg
[6.422s] -- Installing: /home/guoxuan/lab/yolo_ros/install/msg_interfaces/include/msg_interfaces/msg_interfaces/msg/rosidl_typesupport_introspection_c__visibility_control.h
[6.423s] -- Up-to-date: /home/guoxuan/lab/yolo_ros/install/msg_interfaces/include/msg_interfaces/msg_interfaces/msg/detail
[6.423s] -- Installing: /home/guoxuan/lab/yolo_ros/install/msg_interfaces/include/msg_interfaces/msg_interfaces/msg/detail/bounding_box__type_support.c
[6.423s] -- Installing: /home/guoxuan/lab/yolo_ros/install/msg_interfaces/include/msg_interfaces/msg_interfaces/msg/detail/bounding_boxes__rosidl_typesupport_introspection_c.h
[6.424s] -- Installing: /home/guoxuan/lab/yolo_ros/install/msg_interfaces/include/msg_interfaces/msg_interfaces/msg/detail/bounding_box__rosidl_typesupport_introspection_c.h
[6.424s] -- Installing: /home/guoxuan/lab/yolo_ros/install/msg_interfaces/include/msg_interfaces/msg_interfaces/msg/detail/bounding_boxes__type_support.c
[6.424s] -- Installing: /home/guoxuan/lab/yolo_ros/install/msg_interfaces/lib/libmsg_interfaces__rosidl_typesupport_introspection_c.so
[6.425s] -- Set runtime path of "/home/guoxuan/lab/yolo_ros/install/msg_interfaces/lib/libmsg_interfaces__rosidl_typesupport_introspection_c.so" to ""
[6.425s] -- Installing: /home/guoxuan/lab/yolo_ros/install/msg_interfaces/lib/libmsg_interfaces__rosidl_typesupport_c.so
[6.426s] -- Set runtime path of "/home/guoxuan/lab/yolo_ros/install/msg_interfaces/lib/libmsg_interfaces__rosidl_typesupport_c.so" to ""
[6.426s] -- Up-to-date: /home/guoxuan/lab/yolo_ros/install/msg_interfaces/include/msg_interfaces/msg_interfaces
[6.426s] -- Up-to-date: /home/guoxuan/lab/yolo_ros/install/msg_interfaces/include/msg_interfaces/msg_interfaces/msg
[6.427s] -- Up-to-date: /home/guoxuan/lab/yolo_ros/install/msg_interfaces/include/msg_interfaces/msg_interfaces/msg/detail
[6.428s] -- Installing: /home/guoxuan/lab/yolo_ros/install/msg_interfaces/include/msg_interfaces/msg_interfaces/msg/detail/bounding_box__struct.hpp
[6.428s] -- Installing: /home/guoxuan/lab/yolo_ros/install/msg_interfaces/include/msg_interfaces/msg_interfaces/msg/detail/bounding_boxes__traits.hpp
[6.428s] -- Installing: /home/guoxuan/lab/yolo_ros/install/msg_interfaces/include/msg_interfaces/msg_interfaces/msg/detail/bounding_box__builder.hpp
[6.429s] -- Installing: /home/guoxuan/lab/yolo_ros/install/msg_interfaces/include/msg_interfaces/msg_interfaces/msg/detail/bounding_boxes__struct.hpp
[6.429s] -- Installing: /home/guoxuan/lab/yolo_ros/install/msg_interfaces/include/msg_interfaces/msg_interfaces/msg/detail/bounding_boxes__builder.hpp
[6.429s] -- Installing: /home/guoxuan/lab/yolo_ros/install/msg_interfaces/include/msg_interfaces/msg_interfaces/msg/detail/bounding_box__traits.hpp
[6.429s] -- Installing: /home/guoxuan/lab/yolo_ros/install/msg_interfaces/include/msg_interfaces/msg_interfaces/msg/bounding_box.hpp
[6.430s] -- Installing: /home/guoxuan/lab/yolo_ros/install/msg_interfaces/include/msg_interfaces/msg_interfaces/msg/bounding_boxes.hpp
[6.430s] -- Up-to-date: /home/guoxuan/lab/yolo_ros/install/msg_interfaces/include/msg_interfaces/msg_interfaces
[6.430s] -- Up-to-date: /home/guoxuan/lab/yolo_ros/install/msg_interfaces/include/msg_interfaces/msg_interfaces/msg
[6.431s] -- Up-to-date: /home/guoxuan/lab/yolo_ros/install/msg_interfaces/include/msg_interfaces/msg_interfaces/msg/detail
[6.431s] -- Installing: /home/guoxuan/lab/yolo_ros/install/msg_interfaces/include/msg_interfaces/msg_interfaces/msg/detail/bounding_box__rosidl_typesupport_fastrtps_cpp.hpp
[6.431s] -- Installing: /home/guoxuan/lab/yolo_ros/install/msg_interfaces/include/msg_interfaces/msg_interfaces/msg/detail/bounding_boxes__rosidl_typesupport_fastrtps_cpp.hpp
[6.432s] -- Installing: /home/guoxuan/lab/yolo_ros/install/msg_interfaces/include/msg_interfaces/msg_interfaces/msg/detail/dds_fastrtps
[6.432s] -- Installing: /home/guoxuan/lab/yolo_ros/install/msg_interfaces/include/msg_interfaces/msg_interfaces/msg/rosidl_typesupport_fastrtps_cpp__visibility_control.h
[6.432s] -- Installing: /home/guoxuan/lab/yolo_ros/install/msg_interfaces/lib/libmsg_interfaces__rosidl_typesupport_fastrtps_cpp.so
[6.433s] -- Set runtime path of "/home/guoxuan/lab/yolo_ros/install/msg_interfaces/lib/libmsg_interfaces__rosidl_typesupport_fastrtps_cpp.so" to ""
[6.433s] -- Up-to-date: /home/guoxuan/lab/yolo_ros/install/msg_interfaces/include/msg_interfaces/msg_interfaces
[6.433s] -- Up-to-date: /home/guoxuan/lab/yolo_ros/install/msg_interfaces/include/msg_interfaces/msg_interfaces/msg
[6.433s] -- Up-to-date: /home/guoxuan/lab/yolo_ros/install/msg_interfaces/include/msg_interfaces/msg_interfaces/msg/detail
[6.433s] -- Installing: /home/guoxuan/lab/yolo_ros/install/msg_interfaces/include/msg_interfaces/msg_interfaces/msg/detail/bounding_boxes__type_support.cpp
[6.433s] -- Installing: /home/guoxuan/lab/yolo_ros/install/msg_interfaces/include/msg_interfaces/msg_interfaces/msg/detail/bounding_box__rosidl_typesupport_introspection_cpp.hpp
[6.433s] -- Installing: /home/guoxuan/lab/yolo_ros/install/msg_interfaces/include/msg_interfaces/msg_interfaces/msg/detail/bounding_boxes__rosidl_typesupport_introspection_cpp.hpp
[6.433s] -- Installing: /home/guoxuan/lab/yolo_ros/install/msg_interfaces/include/msg_interfaces/msg_interfaces/msg/detail/bounding_box__type_support.cpp
[6.434s] -- Installing: /home/guoxuan/lab/yolo_ros/install/msg_interfaces/lib/libmsg_interfaces__rosidl_typesupport_introspection_cpp.so
[6.434s] -- Set runtime path of "/home/guoxuan/lab/yolo_ros/install/msg_interfaces/lib/libmsg_interfaces__rosidl_typesupport_introspection_cpp.so" to ""
[6.434s] -- Installing: /home/guoxuan/lab/yolo_ros/install/msg_interfaces/lib/libmsg_interfaces__rosidl_typesupport_cpp.so
[6.435s] -- Set runtime path of "/home/guoxuan/lab/yolo_ros/install/msg_interfaces/lib/libmsg_interfaces__rosidl_typesupport_cpp.so" to ""
[6.435s] -- Installing: /home/guoxuan/lab/yolo_ros/install/msg_interfaces/share/msg_interfaces/environment/pythonpath.sh
[6.435s] -- Installing: /home/guoxuan/lab/yolo_ros/install/msg_interfaces/share/msg_interfaces/environment/pythonpath.dsv
[6.436s] -- Installing: /home/guoxuan/lab/yolo_ros/install/msg_interfaces/local/lib/python3.10/dist-packages/msg_interfaces-0.0.0-py3.10.egg-info
[6.436s] -- Installing: /home/guoxuan/lab/yolo_ros/install/msg_interfaces/local/lib/python3.10/dist-packages/msg_interfaces-0.0.0-py3.10.egg-info/SOURCES.txt
[6.436s] -- Installing: /home/guoxuan/lab/yolo_ros/install/msg_interfaces/local/lib/python3.10/dist-packages/msg_interfaces-0.0.0-py3.10.egg-info/dependency_links.txt
[6.437s] -- Installing: /home/guoxuan/lab/yolo_ros/install/msg_interfaces/local/lib/python3.10/dist-packages/msg_interfaces-0.0.0-py3.10.egg-info/top_level.txt
[6.437s] -- Installing: /home/guoxuan/lab/yolo_ros/install/msg_interfaces/local/lib/python3.10/dist-packages/msg_interfaces-0.0.0-py3.10.egg-info/PKG-INFO
[6.437s] -- Installing: /home/guoxuan/lab/yolo_ros/install/msg_interfaces/local/lib/python3.10/dist-packages/msg_interfaces
[6.438s] -- Installing: /home/guoxuan/lab/yolo_ros/install/msg_interfaces/local/lib/python3.10/dist-packages/msg_interfaces/libmsg_interfaces__rosidl_generator_py.so
[6.438s] -- Installing: /home/guoxuan/lab/yolo_ros/install/msg_interfaces/local/lib/python3.10/dist-packages/msg_interfaces/msg
[6.438s] -- Installing: /home/guoxuan/lab/yolo_ros/install/msg_interfaces/local/lib/python3.10/dist-packages/msg_interfaces/msg/_bounding_box.py
[6.438s] -- Installing: /home/guoxuan/lab/yolo_ros/install/msg_interfaces/local/lib/python3.10/dist-packages/msg_interfaces/msg/_bounding_box_s.c
[6.439s] -- Installing: /home/guoxuan/lab/yolo_ros/install/msg_interfaces/local/lib/python3.10/dist-packages/msg_interfaces/msg/_bounding_boxes_s.c
[6.439s] -- Installing: /home/guoxuan/lab/yolo_ros/install/msg_interfaces/local/lib/python3.10/dist-packages/msg_interfaces/msg/_bounding_boxes.py
[6.439s] -- Installing: /home/guoxuan/lab/yolo_ros/install/msg_interfaces/local/lib/python3.10/dist-packages/msg_interfaces/msg/__init__.py
[6.439s] -- Installing: /home/guoxuan/lab/yolo_ros/install/msg_interfaces/local/lib/python3.10/dist-packages/msg_interfaces/_msg_interfaces_s.ep.rosidl_typesupport_introspection_c.c
[6.439s] -- Installing: /home/guoxuan/lab/yolo_ros/install/msg_interfaces/local/lib/python3.10/dist-packages/msg_interfaces/_msg_interfaces_s.ep.rosidl_typesupport_fastrtps_c.c
[6.440s] -- Installing: /home/guoxuan/lab/yolo_ros/install/msg_interfaces/local/lib/python3.10/dist-packages/msg_interfaces/__init__.py
[6.440s] -- Installing: /home/guoxuan/lab/yolo_ros/install/msg_interfaces/local/lib/python3.10/dist-packages/msg_interfaces/_msg_interfaces_s.ep.rosidl_typesupport_c.c
[6.440s] -- Installing: /home/guoxuan/lab/yolo_ros/install/msg_interfaces/local/lib/python3.10/dist-packages/msg_interfaces/msg_interfaces_s__rosidl_typesupport_c.cpython-310-x86_64-linux-gnu.so
[6.440s] -- Installing: /home/guoxuan/lab/yolo_ros/install/msg_interfaces/local/lib/python3.10/dist-packages/msg_interfaces/msg_interfaces_s__rosidl_typesupport_introspection_c.cpython-310-x86_64-linux-gnu.so
[6.440s] -- Installing: /home/guoxuan/lab/yolo_ros/install/msg_interfaces/local/lib/python3.10/dist-packages/msg_interfaces/msg_interfaces_s__rosidl_typesupport_fastrtps_c.cpython-310-x86_64-linux-gnu.so
[6.484s] Listing '/home/guoxuan/lab/yolo_ros/install/msg_interfaces/local/lib/python3.10/dist-packages/msg_interfaces'...
[6.484s] Compiling '/home/guoxuan/lab/yolo_ros/install/msg_interfaces/local/lib/python3.10/dist-packages/msg_interfaces/__init__.py'...
[6.484s] Listing '/home/guoxuan/lab/yolo_ros/install/msg_interfaces/local/lib/python3.10/dist-packages/msg_interfaces/msg'...
[6.484s] Compiling '/home/guoxuan/lab/yolo_ros/install/msg_interfaces/local/lib/python3.10/dist-packages/msg_interfaces/msg/__init__.py'...
[6.484s] Compiling '/home/guoxuan/lab/yolo_ros/install/msg_interfaces/local/lib/python3.10/dist-packages/msg_interfaces/msg/_bounding_box.py'...
[6.484s] Compiling '/home/guoxuan/lab/yolo_ros/install/msg_interfaces/local/lib/python3.10/dist-packages/msg_interfaces/msg/_bounding_boxes.py'...
[6.490s] -- Installing: /home/guoxuan/lab/yolo_ros/install/msg_interfaces/local/lib/python3.10/dist-packages/msg_interfaces/msg_interfaces_s__rosidl_typesupport_fastrtps_c.cpython-310-x86_64-linux-gnu.so
[6.491s] -- Set runtime path of "/home/guoxuan/lab/yolo_ros/install/msg_interfaces/local/lib/python3.10/dist-packages/msg_interfaces/msg_interfaces_s__rosidl_typesupport_fastrtps_c.cpython-310-x86_64-linux-gnu.so" to ""
[6.491s] -- Installing: /home/guoxuan/lab/yolo_ros/install/msg_interfaces/local/lib/python3.10/dist-packages/msg_interfaces/msg_interfaces_s__rosidl_typesupport_introspection_c.cpython-310-x86_64-linux-gnu.so
[6.492s] -- Set runtime path of "/home/guoxuan/lab/yolo_ros/install/msg_interfaces/local/lib/python3.10/dist-packages/msg_interfaces/msg_interfaces_s__rosidl_typesupport_introspection_c.cpython-310-x86_64-linux-gnu.so" to ""
[6.492s] -- Installing: /home/guoxuan/lab/yolo_ros/install/msg_interfaces/local/lib/python3.10/dist-packages/msg_interfaces/msg_interfaces_s__rosidl_typesupport_c.cpython-310-x86_64-linux-gnu.so
[6.492s] -- Set runtime path of "/home/guoxuan/lab/yolo_ros/install/msg_interfaces/local/lib/python3.10/dist-packages/msg_interfaces/msg_interfaces_s__rosidl_typesupport_c.cpython-310-x86_64-linux-gnu.so" to ""
[6.492s] -- Installing: /home/guoxuan/lab/yolo_ros/install/msg_interfaces/lib/libmsg_interfaces__rosidl_generator_py.so
[6.493s] -- Set runtime path of "/home/guoxuan/lab/yolo_ros/install/msg_interfaces/lib/libmsg_interfaces__rosidl_generator_py.so" to ""
[6.493s] -- Installing: /home/guoxuan/lab/yolo_ros/install/msg_interfaces/share/msg_interfaces/msg/BoundingBox.idl
[6.493s] -- Installing: /home/guoxuan/lab/yolo_ros/install/msg_interfaces/share/msg_interfaces/msg/BoundingBoxes.idl
[6.493s] -- Installing: /home/guoxuan/lab/yolo_ros/install/msg_interfaces/share/msg_interfaces/msg/BoundingBox.msg
[6.493s] -- Installing: /home/guoxuan/lab/yolo_ros/install/msg_interfaces/share/msg_interfaces/msg/BoundingBoxes.msg
[6.493s] -- Installing: /home/guoxuan/lab/yolo_ros/install/msg_interfaces/share/ament_index/resource_index/package_run_dependencies/msg_interfaces
[6.494s] -- Installing: /home/guoxuan/lab/yolo_ros/install/msg_interfaces/share/ament_index/resource_index/parent_prefix_path/msg_interfaces
[6.494s] -- Installing: /home/guoxuan/lab/yolo_ros/install/msg_interfaces/share/msg_interfaces/environment/ament_prefix_path.sh
[6.494s] -- Installing: /home/guoxuan/lab/yolo_ros/install/msg_interfaces/share/msg_interfaces/environment/ament_prefix_path.dsv
[6.494s] -- Installing: /home/guoxuan/lab/yolo_ros/install/msg_interfaces/share/msg_interfaces/environment/path.sh
[6.494s] -- Installing: /home/guoxuan/lab/yolo_ros/install/msg_interfaces/share/msg_interfaces/environment/path.dsv
[6.494s] -- Installing: /home/guoxuan/lab/yolo_ros/install/msg_interfaces/share/msg_interfaces/local_setup.bash
[6.494s] -- Installing: /home/guoxuan/lab/yolo_ros/install/msg_interfaces/share/msg_interfaces/local_setup.sh
[6.495s] -- Installing: /home/guoxuan/lab/yolo_ros/install/msg_interfaces/share/msg_interfaces/local_setup.zsh
[6.495s] -- Installing: /home/guoxuan/lab/yolo_ros/install/msg_interfaces/share/msg_interfaces/local_setup.dsv
[6.495s] -- Installing: /home/guoxuan/lab/yolo_ros/install/msg_interfaces/share/msg_interfaces/package.dsv
[6.495s] -- Installing: /home/guoxuan/lab/yolo_ros/install/msg_interfaces/share/ament_index/resource_index/packages/msg_interfaces
[6.495s] -- Installing: /home/guoxuan/lab/yolo_ros/install/msg_interfaces/share/msg_interfaces/cmake/export_msg_interfaces__rosidl_generator_cExport.cmake
[6.495s] -- Installing: /home/guoxuan/lab/yolo_ros/install/msg_interfaces/share/msg_interfaces/cmake/export_msg_interfaces__rosidl_generator_cExport-noconfig.cmake
[6.496s] -- Installing: /home/guoxuan/lab/yolo_ros/install/msg_interfaces/share/msg_interfaces/cmake/export_msg_interfaces__rosidl_typesupport_fastrtps_cExport.cmake
[6.496s] -- Installing: /home/guoxuan/lab/yolo_ros/install/msg_interfaces/share/msg_interfaces/cmake/export_msg_interfaces__rosidl_typesupport_fastrtps_cExport-noconfig.cmake
[6.496s] -- Installing: /home/guoxuan/lab/yolo_ros/install/msg_interfaces/share/msg_interfaces/cmake/msg_interfaces__rosidl_typesupport_introspection_cExport.cmake
[6.496s] -- Installing: /home/guoxuan/lab/yolo_ros/install/msg_interfaces/share/msg_interfaces/cmake/msg_interfaces__rosidl_typesupport_introspection_cExport-noconfig.cmake
[6.496s] -- Installing: /home/guoxuan/lab/yolo_ros/install/msg_interfaces/share/msg_interfaces/cmake/msg_interfaces__rosidl_typesupport_cExport.cmake
[6.496s] -- Installing: /home/guoxuan/lab/yolo_ros/install/msg_interfaces/share/msg_interfaces/cmake/msg_interfaces__rosidl_typesupport_cExport-noconfig.cmake
[6.496s] -- Installing: /home/guoxuan/lab/yolo_ros/install/msg_interfaces/share/msg_interfaces/cmake/export_msg_interfaces__rosidl_generator_cppExport.cmake
[6.497s] -- Installing: /home/guoxuan/lab/yolo_ros/install/msg_interfaces/share/msg_interfaces/cmake/export_msg_interfaces__rosidl_typesupport_fastrtps_cppExport.cmake
[6.497s] -- Installing: /home/guoxuan/lab/yolo_ros/install/msg_interfaces/share/msg_interfaces/cmake/export_msg_interfaces__rosidl_typesupport_fastrtps_cppExport-noconfig.cmake
[6.497s] -- Installing: /home/guoxuan/lab/yolo_ros/install/msg_interfaces/share/msg_interfaces/cmake/msg_interfaces__rosidl_typesupport_introspection_cppExport.cmake
[6.497s] -- Installing: /home/guoxuan/lab/yolo_ros/install/msg_interfaces/share/msg_interfaces/cmake/msg_interfaces__rosidl_typesupport_introspection_cppExport-noconfig.cmake
[6.497s] -- Installing: /home/guoxuan/lab/yolo_ros/install/msg_interfaces/share/msg_interfaces/cmake/msg_interfaces__rosidl_typesupport_cppExport.cmake
[6.497s] -- Installing: /home/guoxuan/lab/yolo_ros/install/msg_interfaces/share/msg_interfaces/cmake/msg_interfaces__rosidl_typesupport_cppExport-noconfig.cmake
[6.498s] -- Installing: /home/guoxuan/lab/yolo_ros/install/msg_interfaces/share/msg_interfaces/cmake/export_msg_interfaces__rosidl_generator_pyExport.cmake
[6.498s] -- Installing: /home/guoxuan/lab/yolo_ros/install/msg_interfaces/share/msg_interfaces/cmake/export_msg_interfaces__rosidl_generator_pyExport-noconfig.cmake
[6.501s] -- Installing: /home/guoxuan/lab/yolo_ros/install/msg_interfaces/share/msg_interfaces/cmake/rosidl_cmake-extras.cmake
[6.501s] -- Installing: /home/guoxuan/lab/yolo_ros/install/msg_interfaces/share/msg_interfaces/cmake/ament_cmake_export_include_directories-extras.cmake
[6.501s] -- Installing: /home/guoxuan/lab/yolo_ros/install/msg_interfaces/share/msg_interfaces/cmake/ament_cmake_export_libraries-extras.cmake
[6.501s] -- Installing: /home/guoxuan/lab/yolo_ros/install/msg_interfaces/share/msg_interfaces/cmake/ament_cmake_export_targets-extras.cmake
[6.502s] -- Installing: /home/guoxuan/lab/yolo_ros/install/msg_interfaces/share/msg_interfaces/cmake/rosidl_cmake_export_typesupport_targets-extras.cmake
[6.502s] -- Installing: /home/guoxuan/lab/yolo_ros/install/msg_interfaces/share/msg_interfaces/cmake/ament_cmake_export_dependencies-extras.cmake
[6.502s] -- Installing: /home/guoxuan/lab/yolo_ros/install/msg_interfaces/share/msg_interfaces/cmake/rosidl_cmake_export_typesupport_libraries-extras.cmake
[6.503s] -- Installing: /home/guoxuan/lab/yolo_ros/install/msg_interfaces/share/msg_interfaces/cmake/msg_interfacesConfig.cmake
[6.503s] -- Installing: /home/guoxuan/lab/yolo_ros/install/msg_interfaces/share/msg_interfaces/cmake/msg_interfacesConfig-version.cmake
[6.503s] -- Installing: /home/guoxuan/lab/yolo_ros/install/msg_interfaces/share/msg_interfaces/package.xml
[6.504s] Invoked command in '/home/guoxuan/lab/yolo_ros/build/msg_interfaces' returned '0': CMAKE_PREFIX_PATH=/opt/ros/humble /usr/bin/cmake --install /home/guoxuan/lab/yolo_ros/build/msg_interfaces
