[1.017s] Invoking command in '/home/guoxuan/lab/yolo_ros/src/yolov8': PYTHONPATH=/home/guoxuan/lab/yolo_ros/build/yolov8/prefix_override:/home/guoxuan/lab/yolo_ros/install/yolov8/lib/python3.10/site-packages:${PYTHONPATH} /usr/bin/python3 setup.py egg_info --egg-base ../../build/yolov8 build --build-base /home/guoxuan/lab/yolo_ros/build/yolov8/build install --record /home/guoxuan/lab/yolo_ros/build/yolov8/install.log --single-version-externally-managed
[1.347s] running egg_info
[1.348s] writing ../../build/yolov8/yolov8.egg-info/PKG-INFO
[1.349s] writing dependency_links to ../../build/yolov8/yolov8.egg-info/dependency_links.txt
[1.350s] writing entry points to ../../build/yolov8/yolov8.egg-info/entry_points.txt
[1.350s] writing requirements to ../../build/yolov8/yolov8.egg-info/requires.txt
[1.350s] writing top-level names to ../../build/yolov8/yolov8.egg-info/top_level.txt
[1.354s] reading manifest file '../../build/yolov8/yolov8.egg-info/SOURCES.txt'
[1.355s] writing manifest file '../../build/yolov8/yolov8.egg-info/SOURCES.txt'
[1.355s] running build
[1.356s] running build_py
[1.357s] copying yolov8/yolov8_node.py -> /home/guoxuan/lab/yolo_ros/build/yolov8/build/lib/yolov8
[1.357s] running install
[1.358s] /usr/lib/python3/dist-packages/setuptools/command/install.py:34: SetuptoolsDeprecationWarning: setup.py install is deprecated. Use build and pip and other standards-based tools.
[1.358s]   warnings.warn(
[1.359s] running install_lib
[1.363s] copying /home/guoxuan/lab/yolo_ros/build/yolov8/build/lib/yolov8/yolov8_node.py -> /home/guoxuan/lab/yolo_ros/install/yolov8/lib/python3.10/site-packages/yolov8
[1.365s] byte-compiling /home/guoxuan/lab/yolo_ros/install/yolov8/lib/python3.10/site-packages/yolov8/yolov8_node.py to yolov8_node.cpython-310.pyc
[1.367s] running install_data
[1.369s] running install_egg_info
[1.373s] removing '/home/guoxuan/lab/yolo_ros/install/yolov8/lib/python3.10/site-packages/yolov8-0.0.0-py3.10.egg-info' (and everything under it)
[1.374s] Copying ../../build/yolov8/yolov8.egg-info to /home/guoxuan/lab/yolo_ros/install/yolov8/lib/python3.10/site-packages/yolov8-0.0.0-py3.10.egg-info
[1.376s] running install_scripts
[1.414s] Installing yolov8_node script to /home/guoxuan/lab/yolo_ros/install/yolov8/lib/yolov8
[1.416s] writing list of installed files to '/home/guoxuan/lab/yolo_ros/build/yolov8/install.log'
[1.457s] Invoked command in '/home/guoxuan/lab/yolo_ros/src/yolov8' returned '0': PYTHONPATH=/home/guoxuan/lab/yolo_ros/build/yolov8/prefix_override:/home/guoxuan/lab/yolo_ros/install/yolov8/lib/python3.10/site-packages:${PYTHONPATH} /usr/bin/python3 setup.py egg_info --egg-base ../../build/yolov8 build --build-base /home/guoxuan/lab/yolo_ros/build/yolov8/build install --record /home/guoxuan/lab/yolo_ros/build/yolov8/install.log --single-version-externally-managed
