[35m[1mConsolidate compiler generated dependencies of target msg_interfaces__rosidl_generator_c[0m
[  2%] Built target msg_interfaces__cpp
[ 12%] Built target msg_interfaces__rosidl_generator_c
[ 12%] Built target ament_cmake_python_copy_msg_interfaces
[35m[1mConsolidate compiler generated dependencies of target msg_interfaces__rosidl_typesupport_fastrtps_cpp[0m
[35m[1mConsolidate compiler generated dependencies of target msg_interfaces__rosidl_typesupport_cpp[0m
[35m[1mConsolidate compiler generated dependencies of target msg_interfaces__rosidl_typesupport_introspection_cpp[0m
[ 23%] Built target msg_interfaces__rosidl_typesupport_fastrtps_cpp
[ 33%] Built target msg_interfaces__rosidl_typesupport_cpp
[ 43%] Built target msg_interfaces__rosidl_typesupport_introspection_cpp
[35m[1mConsolidate compiler generated dependencies of target msg_interfaces__rosidl_typesupport_introspection_c[0m
[35m[1mConsolidate compiler generated dependencies of target msg_interfaces__rosidl_typesupport_c[0m
[35m[1mConsolidate compiler generated dependencies of target msg_interfaces__rosidl_typesupport_fastrtps_c[0m
[ 53%] Built target msg_interfaces__rosidl_typesupport_introspection_c
[ 64%] Built target msg_interfaces__rosidl_typesupport_c
[ 74%] Built target msg_interfaces__rosidl_typesupport_fastrtps_c
[ 74%] Built target msg_interfaces
[ 76%] [34m[1mGenerating Python code for ROS interfaces[0m
Traceback (most recent call last):
  File "/opt/ros/humble/share/rosidl_generator_py/cmake/../../../lib/rosidl_generator_py/rosidl_generator_py", line 8, in <module>
    from rosidl_generator_py import generate_py
ImportError: cannot import name 'generate_py' from 'rosidl_generator_py' (/opt/ros/humble/local/lib/python3.10/dist-packages/rosidl_generator_py/__init__.py)
gmake[2]: *** [msg_interfaces__py/CMakeFiles/msg_interfaces__py.dir/build.make:94: rosidl_generator_py/msg_interfaces/_msg_interfaces_s.ep.rosidl_typesupport_fastrtps_c.c] Error 1
gmake[1]: *** [CMakeFiles/Makefile2:590: msg_interfaces__py/CMakeFiles/msg_interfaces__py.dir/all] Error 2
gmake[1]: *** Waiting for unfinished jobs....
running egg_info
writing msg_interfaces.egg-info/PKG-INFO
writing dependency_links to msg_interfaces.egg-info/dependency_links.txt
writing top-level names to msg_interfaces.egg-info/top_level.txt
reading manifest file 'msg_interfaces.egg-info/SOURCES.txt'
writing manifest file 'msg_interfaces.egg-info/SOURCES.txt'
[ 76%] Built target ament_cmake_python_build_msg_interfaces_egg
gmake: *** [Makefile:146: all] Error 2
