[0.074s] Invoking command in '/home/guoxuan/lab/yolo_ros/build/msg_interfaces': CMAKE_PREFIX_PATH=/opt/ros/humble CONDA_PROMPT_MODIFIER=(base) /usr/bin/cmake /home/guoxuan/lab/yolo_ros/src/msg_interfaces -DCMAKE_INSTALL_PREFIX=/home/guoxuan/lab/yolo_ros/install/msg_interfaces
[0.134s] -- The C compiler identification is GNU 11.4.0
[0.199s] -- The CXX compiler identification is GNU 11.4.0
[0.206s] -- Detecting C compiler ABI info
[0.283s] -- Detecting C compiler ABI info - done
[0.291s] -- Check for working C compiler: /usr/bin/cc - skipped
[0.291s] -- Detecting C compile features
[0.292s] -- Detecting C compile features - done
[0.295s] -- Detecting CXX compiler ABI info
[0.386s] -- Detecting CXX compiler ABI info - done
[0.395s] -- Check for working CXX compiler: /usr/bin/c++ - skipped
[0.396s] -- Detecting CXX compile features
[0.396s] -- Detecting CXX compile features - done
[0.398s] -- Found ament_cmake: 1.3.6 (/opt/ros/humble/share/ament_cmake/cmake)
[0.619s] -- Found Python3: /usr/bin/python3.10 (found version "3.10.12") found components: Interpreter 
[0.714s] -- Found ament_lint_auto: 0.12.9 (/opt/ros/humble/share/ament_lint_auto/cmake)
[0.801s] -- Found std_msgs: 4.2.3 (/opt/ros/humble/share/std_msgs/cmake)
[0.839s] -- Found rosidl_generator_c: 3.1.5 (/opt/ros/humble/share/rosidl_generator_c/cmake)
[0.844s] -- Found rosidl_adapter: 3.1.5 (/opt/ros/humble/share/rosidl_adapter/cmake)
[0.853s] -- Found rosidl_generator_cpp: 3.1.5 (/opt/ros/humble/share/rosidl_generator_cpp/cmake)
[0.869s] -- Using all available rosidl_typesupport_c: rosidl_typesupport_fastrtps_c;rosidl_typesupport_introspection_c
[0.890s] -- Using all available rosidl_typesupport_cpp: rosidl_typesupport_fastrtps_cpp;rosidl_typesupport_introspection_cpp
[0.958s] -- Found rosidl_default_generators: 1.2.0 (/opt/ros/humble/share/rosidl_default_generators/cmake)
[1.210s] -- Found ament_cmake_ros: 0.10.0 (/opt/ros/humble/share/ament_cmake_ros/cmake)
[1.633s] -- Using all available rosidl_typesupport_c: rosidl_typesupport_fastrtps_c;rosidl_typesupport_introspection_c
[1.805s] -- Using all available rosidl_typesupport_cpp: rosidl_typesupport_fastrtps_cpp;rosidl_typesupport_introspection_cpp
[1.829s] -- Found PythonInterp: /home/guoxuan/miniconda3/bin/python3 (found suitable version "3.11.5", minimum required is "3.6") 
[1.830s] -- Found python_cmake_module: 0.10.0 (/opt/ros/humble/share/python_cmake_module/cmake)
[1.857s] -- Found PythonLibs: /home/guoxuan/miniconda3/lib/libpython3.11.so (found suitable version "3.11.5", minimum required is "3.5") 
[1.857s] -- Using PYTHON_EXECUTABLE: /home/guoxuan/miniconda3/bin/python3
[1.857s] -- Using PYTHON_INCLUDE_DIRS: /home/guoxuan/miniconda3/include/python3.11
[1.857s] -- Using PYTHON_LIBRARIES: /home/guoxuan/miniconda3/lib/libpython3.11.so
[1.879s] -- Found PythonExtra: .so  
[2.063s] -- Using numpy include directory: /home/guoxuan/miniconda3/lib/python3.11/site-packages/numpy/core/include
[2.077s] -- Added test 'lint_cmake' to check CMake code style
[2.078s] -- Added test 'xmllint' to check XML markup files
[2.083s] -- Configuring done
[2.119s] -- Generating done
[2.122s] -- Build files have been written to: /home/guoxuan/lab/yolo_ros/build/msg_interfaces
[2.130s] Invoked command in '/home/guoxuan/lab/yolo_ros/build/msg_interfaces' returned '0': CMAKE_PREFIX_PATH=/opt/ros/humble CONDA_PROMPT_MODIFIER=(base) /usr/bin/cmake /home/guoxuan/lab/yolo_ros/src/msg_interfaces -DCMAKE_INSTALL_PREFIX=/home/guoxuan/lab/yolo_ros/install/msg_interfaces
[2.131s] Invoking command in '/home/guoxuan/lab/yolo_ros/build/msg_interfaces': CMAKE_PREFIX_PATH=/opt/ros/humble CONDA_PROMPT_MODIFIER=(base) /usr/bin/cmake --build /home/guoxuan/lab/yolo_ros/build/msg_interfaces -- -j4 -l4
[2.180s] [  2%] [34m[1mGenerating C code for ROS interfaces[0m
[2.192s] [  5%] [34m[1mGenerating C++ code for ROS interfaces[0m
[2.202s] [  5%] Built target ament_cmake_python_copy_msg_interfaces
[2.552s] running egg_info
[2.555s] creating msg_interfaces.egg-info
[2.555s] writing msg_interfaces.egg-info/PKG-INFO
[2.556s] writing dependency_links to msg_interfaces.egg-info/dependency_links.txt
[2.556s] writing top-level names to msg_interfaces.egg-info/top_level.txt
[2.556s] writing manifest file 'msg_interfaces.egg-info/SOURCES.txt'
[2.560s] reading manifest file 'msg_interfaces.egg-info/SOURCES.txt'
[2.560s] writing manifest file 'msg_interfaces.egg-info/SOURCES.txt'
[2.604s] [  5%] Built target ament_cmake_python_build_msg_interfaces_egg
[2.628s] [  5%] Built target msg_interfaces__cpp
[2.661s] [  7%] [34m[1mGenerating C++ type support dispatch for ROS interfaces[0m
[2.662s] [ 10%] [34m[1mGenerating C++ type support for eProsima Fast-RTPS[0m
[2.673s] [ 12%] [34m[1mGenerating C++ introspection for ROS interfaces[0m
[2.696s] [ 15%] [32mBuilding C object CMakeFiles/msg_interfaces__rosidl_generator_c.dir/rosidl_generator_c/msg_interfaces/msg/detail/bounding_box__functions.c.o[0m
[2.768s] [ 17%] [32mBuilding C object CMakeFiles/msg_interfaces__rosidl_generator_c.dir/rosidl_generator_c/msg_interfaces/msg/detail/bounding_boxes__functions.c.o[0m
[2.787s] In file included from [01m[K/home/guoxuan/lab/yolo_ros/build/msg_interfaces/rosidl_generator_c/msg_interfaces/msg/detail/bounding_boxes__functions.h:19[m[K,
[2.788s]                  from [01m[K/home/guoxuan/lab/yolo_ros/build/msg_interfaces/rosidl_generator_c/msg_interfaces/msg/detail/bounding_boxes__functions.c:4[m[K:
[2.788s] [01m[K/home/guoxuan/lab/yolo_ros/build/msg_interfaces/rosidl_generator_c/msg_interfaces/msg/detail/bounding_boxes__struct.h:23:10:[m[K [01;31m[Kfatal error: [m[Kmsg_interfaces/msg/detail/header__struct.h: No such file or directory
[2.788s]    23 | #include [01;31m[K"msg_interfaces/msg/detail/header__struct.h"[m[K
[2.788s]       |          [01;31m[K^~~~~~~~~~~~~~~~~~~~~~~~~~~~~~~~~~~~~~~~~~~~[m[K
[2.788s] compilation terminated.
[2.789s] gmake[2]: *** [CMakeFiles/msg_interfaces__rosidl_generator_c.dir/build.make:167: CMakeFiles/msg_interfaces__rosidl_generator_c.dir/rosidl_generator_c/msg_interfaces/msg/detail/bounding_boxes__functions.c.o] Error 1
[2.789s] gmake[1]: *** [CMakeFiles/Makefile2:213: CMakeFiles/msg_interfaces__rosidl_generator_c.dir/all] Error 2
[2.789s] gmake[1]: *** Waiting for unfinished jobs....
[2.970s] [ 23%] [32mBuilding CXX object CMakeFiles/msg_interfaces__rosidl_typesupport_cpp.dir/rosidl_typesupport_cpp/msg_interfaces/msg/bounding_box__type_support.cpp.o[0m
[2.971s] [ 23%] [32mBuilding CXX object CMakeFiles/msg_interfaces__rosidl_typesupport_cpp.dir/rosidl_typesupport_cpp/msg_interfaces/msg/bounding_boxes__type_support.cpp.o[0m
[3.039s] In file included from [01m[K/home/guoxuan/lab/yolo_ros/build/msg_interfaces/rosidl_typesupport_cpp/msg_interfaces/msg/bounding_boxes__type_support.cpp:7[m[K:
[3.039s] [01m[K/home/guoxuan/lab/yolo_ros/build/msg_interfaces/rosidl_generator_cpp/msg_interfaces/msg/detail/bounding_boxes__struct.hpp:21:10:[m[K [01;31m[Kfatal error: [m[Kmsg_interfaces/msg/detail/header__struct.hpp: No such file or directory
[3.039s]    21 | #include [01;31m[K"msg_interfaces/msg/detail/header__struct.hpp"[m[K
[3.040s]       |          [01;31m[K^~~~~~~~~~~~~~~~~~~~~~~~~~~~~~~~~~~~~~~~~~~~~~[m[K
[3.040s] compilation terminated.
[3.041s] gmake[2]: *** [CMakeFiles/msg_interfaces__rosidl_typesupport_cpp.dir/build.make:136: CMakeFiles/msg_interfaces__rosidl_typesupport_cpp.dir/rosidl_typesupport_cpp/msg_interfaces/msg/bounding_boxes__type_support.cpp.o] Error 1
[3.041s] gmake[2]: *** Waiting for unfinished jobs....
[3.075s] [ 25%] [32mBuilding CXX object CMakeFiles/msg_interfaces__rosidl_typesupport_introspection_cpp.dir/rosidl_typesupport_introspection_cpp/msg_interfaces/msg/detail/bounding_boxes__type_support.cpp.o[0m
[3.076s] [ 28%] [32mBuilding CXX object CMakeFiles/msg_interfaces__rosidl_typesupport_introspection_cpp.dir/rosidl_typesupport_introspection_cpp/msg_interfaces/msg/detail/bounding_box__type_support.cpp.o[0m
[3.077s] [ 30%] [32mBuilding CXX object CMakeFiles/msg_interfaces__rosidl_typesupport_fastrtps_cpp.dir/rosidl_typesupport_fastrtps_cpp/msg_interfaces/msg/detail/dds_fastrtps/bounding_box__type_support.cpp.o[0m
[3.146s] In file included from [01m[K/home/guoxuan/lab/yolo_ros/build/msg_interfaces/rosidl_typesupport_introspection_cpp/msg_interfaces/msg/detail/bounding_boxes__type_support.cpp:12[m[K:
[3.146s] [01m[K/home/guoxuan/lab/yolo_ros/build/msg_interfaces/rosidl_generator_cpp/msg_interfaces/msg/detail/bounding_boxes__struct.hpp:21:10:[m[K [01;31m[Kfatal error: [m[Kmsg_interfaces/msg/detail/header__struct.hpp: No such file or directory
[3.146s]    21 | #include [01;31m[K"msg_interfaces/msg/detail/header__struct.hpp"[m[K
[3.146s]       |          [01;31m[K^~~~~~~~~~~~~~~~~~~~~~~~~~~~~~~~~~~~~~~~~~~~~~[m[K
[3.146s] compilation terminated.
[3.148s] gmake[2]: *** [CMakeFiles/msg_interfaces__rosidl_typesupport_introspection_cpp.dir/build.make:144: CMakeFiles/msg_interfaces__rosidl_typesupport_introspection_cpp.dir/rosidl_typesupport_introspection_cpp/msg_interfaces/msg/detail/bounding_boxes__type_support.cpp.o] Error 1
[3.148s] gmake[2]: *** Waiting for unfinished jobs....
[3.165s] [ 33%] [32mBuilding CXX object CMakeFiles/msg_interfaces__rosidl_typesupport_fastrtps_cpp.dir/rosidl_typesupport_fastrtps_cpp/msg_interfaces/msg/detail/dds_fastrtps/bounding_boxes__type_support.cpp.o[0m
[3.230s] In file included from [01m[K/home/guoxuan/lab/yolo_ros/build/msg_interfaces/rosidl_typesupport_fastrtps_cpp/msg_interfaces/msg/detail/bounding_boxes__rosidl_typesupport_fastrtps_cpp.hpp:11[m[K,
[3.230s]                  from [01m[K/home/guoxuan/lab/yolo_ros/build/msg_interfaces/rosidl_typesupport_fastrtps_cpp/msg_interfaces/msg/detail/dds_fastrtps/bounding_boxes__type_support.cpp:4[m[K:
[3.230s] [01m[K/home/guoxuan/lab/yolo_ros/build/msg_interfaces/rosidl_generator_cpp/msg_interfaces/msg/detail/bounding_boxes__struct.hpp:21:10:[m[K [01;31m[Kfatal error: [m[Kmsg_interfaces/msg/detail/header__struct.hpp: No such file or directory
[3.230s]    21 | #include [01;31m[K"msg_interfaces/msg/detail/header__struct.hpp"[m[K
[3.230s]       |          [01;31m[K^~~~~~~~~~~~~~~~~~~~~~~~~~~~~~~~~~~~~~~~~~~~~~[m[K
[3.231s] compilation terminated.
[3.233s] gmake[2]: *** [CMakeFiles/msg_interfaces__rosidl_typesupport_fastrtps_cpp.dir/build.make:144: CMakeFiles/msg_interfaces__rosidl_typesupport_fastrtps_cpp.dir/rosidl_typesupport_fastrtps_cpp/msg_interfaces/msg/detail/dds_fastrtps/bounding_boxes__type_support.cpp.o] Error 1
[3.233s] gmake[2]: *** Waiting for unfinished jobs....
[3.334s] gmake[1]: *** [CMakeFiles/Makefile2:395: CMakeFiles/msg_interfaces__rosidl_typesupport_cpp.dir/all] Error 2
[3.570s] gmake[1]: *** [CMakeFiles/Makefile2:369: CMakeFiles/msg_interfaces__rosidl_typesupport_introspection_cpp.dir/all] Error 2
[3.632s] gmake[1]: *** [CMakeFiles/Makefile2:291: CMakeFiles/msg_interfaces__rosidl_typesupport_fastrtps_cpp.dir/all] Error 2
[3.632s] gmake: *** [Makefile:146: all] Error 2
[3.634s] Invoked command in '/home/guoxuan/lab/yolo_ros/build/msg_interfaces' returned '2': CMAKE_PREFIX_PATH=/opt/ros/humble CONDA_PROMPT_MODIFIER=(base) /usr/bin/cmake --build /home/guoxuan/lab/yolo_ros/build/msg_interfaces -- -j4 -l4
