In file included from [01m[K/home/guoxuan/lab/yolo_ros/build/msg_interfaces/rosidl_generator_c/msg_interfaces/msg/detail/bounding_boxes__functions.h:19[m[K,
                 from [01m[K/home/guoxuan/lab/yolo_ros/build/msg_interfaces/rosidl_generator_c/msg_interfaces/msg/detail/bounding_boxes__functions.c:4[m[K:
[01m[K/home/guoxuan/lab/yolo_ros/build/msg_interfaces/rosidl_generator_c/msg_interfaces/msg/detail/bounding_boxes__struct.h:23:10:[m[K [01;31m[Kfatal error: [m[Kmsg_interfaces/msg/detail/header__struct.h: No such file or directory
   23 | #include [01;31m[K"msg_interfaces/msg/detail/header__struct.h"[m[K
      |          [01;31m[K^~~~~~~~~~~~~~~~~~~~~~~~~~~~~~~~~~~~~~~~~~~~[m[K
compilation terminated.
gmake[2]: *** [CMakeFiles/msg_interfaces__rosidl_generator_c.dir/build.make:135: CMakeFiles/msg_interfaces__rosidl_generator_c.dir/rosidl_generator_c/msg_interfaces/msg/detail/bounding_boxes__functions.c.o] Error 1
gmake[1]: *** [CMakeFiles/Makefile2:213: CMakeFiles/msg_interfaces__rosidl_generator_c.dir/all] Error 2
gmake[1]: *** Waiting for unfinished jobs....
In file included from [01m[K/home/guoxuan/lab/yolo_ros/build/msg_interfaces/rosidl_typesupport_cpp/msg_interfaces/msg/bounding_boxes__type_support.cpp:7[m[K:
[01m[K/home/guoxuan/lab/yolo_ros/build/msg_interfaces/rosidl_generator_cpp/msg_interfaces/msg/detail/bounding_boxes__struct.hpp:21:10:[m[K [01;31m[Kfatal error: [m[Kmsg_interfaces/msg/detail/header__struct.hpp: No such file or directory
   21 | #include [01;31m[K"msg_interfaces/msg/detail/header__struct.hpp"[m[K
      |          [01;31m[K^~~~~~~~~~~~~~~~~~~~~~~~~~~~~~~~~~~~~~~~~~~~~~[m[K
compilation terminated.
gmake[2]: *** [CMakeFiles/msg_interfaces__rosidl_typesupport_cpp.dir/build.make:104: CMakeFiles/msg_interfaces__rosidl_typesupport_cpp.dir/rosidl_typesupport_cpp/msg_interfaces/msg/bounding_boxes__type_support.cpp.o] Error 1
gmake[2]: *** Waiting for unfinished jobs....
In file included from [01m[K/home/guoxuan/lab/yolo_ros/build/msg_interfaces/rosidl_typesupport_introspection_cpp/msg_interfaces/msg/detail/bounding_boxes__type_support.cpp:12[m[K:
[01m[K/home/guoxuan/lab/yolo_ros/build/msg_interfaces/rosidl_generator_cpp/msg_interfaces/msg/detail/bounding_boxes__struct.hpp:21:10:[m[K [01;31m[Kfatal error: [m[Kmsg_interfaces/msg/detail/header__struct.hpp: No such file or directory
   21 | #include [01;31m[K"msg_interfaces/msg/detail/header__struct.hpp"[m[K
      |          [01;31m[K^~~~~~~~~~~~~~~~~~~~~~~~~~~~~~~~~~~~~~~~~~~~~~[m[K
compilation terminated.
gmake[2]: *** [CMakeFiles/msg_interfaces__rosidl_typesupport_introspection_cpp.dir/build.make:112: CMakeFiles/msg_interfaces__rosidl_typesupport_introspection_cpp.dir/rosidl_typesupport_introspection_cpp/msg_interfaces/msg/detail/bounding_boxes__type_support.cpp.o] Error 1
gmake[2]: *** Waiting for unfinished jobs....
In file included from [01m[K/home/guoxuan/lab/yolo_ros/build/msg_interfaces/rosidl_typesupport_fastrtps_cpp/msg_interfaces/msg/detail/bounding_boxes__rosidl_typesupport_fastrtps_cpp.hpp:11[m[K,
                 from [01m[K/home/guoxuan/lab/yolo_ros/build/msg_interfaces/rosidl_typesupport_fastrtps_cpp/msg_interfaces/msg/detail/dds_fastrtps/bounding_boxes__type_support.cpp:4[m[K:
[01m[K/home/guoxuan/lab/yolo_ros/build/msg_interfaces/rosidl_generator_cpp/msg_interfaces/msg/detail/bounding_boxes__struct.hpp:21:10:[m[K [01;31m[Kfatal error: [m[Kmsg_interfaces/msg/detail/header__struct.hpp: No such file or directory
   21 | #include [01;31m[K"msg_interfaces/msg/detail/header__struct.hpp"[m[K
      |          [01;31m[K^~~~~~~~~~~~~~~~~~~~~~~~~~~~~~~~~~~~~~~~~~~~~~[m[K
compilation terminated.
gmake[2]: *** [CMakeFiles/msg_interfaces__rosidl_typesupport_fastrtps_cpp.dir/build.make:112: CMakeFiles/msg_interfaces__rosidl_typesupport_fastrtps_cpp.dir/rosidl_typesupport_fastrtps_cpp/msg_interfaces/msg/detail/dds_fastrtps/bounding_boxes__type_support.cpp.o] Error 1
gmake[2]: *** Waiting for unfinished jobs....
gmake[1]: *** [CMakeFiles/Makefile2:395: CMakeFiles/msg_interfaces__rosidl_typesupport_cpp.dir/all] Error 2
gmake[1]: *** [CMakeFiles/Makefile2:369: CMakeFiles/msg_interfaces__rosidl_typesupport_introspection_cpp.dir/all] Error 2
gmake[1]: *** [CMakeFiles/Makefile2:343: CMakeFiles/msg_interfaces__rosidl_typesupport_fastrtps_cpp.dir/all] Error 2
gmake: *** [Makefile:146: all] Error 2
