[0.098s] Invoking command in '/home/guoxuan/lab/yolo_ros/build/msg_interfaces': CMAKE_PREFIX_PATH=/opt/ros/humble CONDA_PROMPT_MODIFIER=(base) /usr/bin/cmake /home/guoxuan/lab/yolo_ros/src/msg_interfaces -DCMAKE_INSTALL_PREFIX=/home/guoxuan/lab/yolo_ros/install/msg_interfaces
[0.179s] -- The C compiler identification is GNU 11.4.0
[0.277s] -- The CXX compiler identification is GNU 11.4.0
[0.291s] -- Detecting C compiler ABI info
[0.396s] -- Detecting C compiler ABI info - done
[0.403s] -- Check for working C compiler: /usr/bin/cc - skipped
[0.403s] -- Detecting C compile features
[0.404s] -- Detecting C compile features - done
[0.407s] -- Detecting CXX compiler ABI info
[0.506s] -- Detecting CXX compiler ABI info - done
[0.515s] -- Check for working CXX compiler: /usr/bin/c++ - skipped
[0.515s] -- Detecting CXX compile features
[0.516s] -- Detecting CXX compile features - done
[0.518s] -- Found ament_cmake: 1.3.6 (/opt/ros/humble/share/ament_cmake/cmake)
[0.736s] -- Found Python3: /usr/bin/python3.10 (found version "3.10.12") found components: Interpreter 
[0.856s] -- Found ament_lint_auto: 0.12.9 (/opt/ros/humble/share/ament_lint_auto/cmake)
[0.972s] -- Found rosidl_default_generators: 1.2.0 (/opt/ros/humble/share/rosidl_default_generators/cmake)
[0.976s] -- Using all available rosidl_typesupport_c: rosidl_typesupport_fastrtps_c;rosidl_typesupport_introspection_c
[0.982s] -- Found rosidl_adapter: 3.1.5 (/opt/ros/humble/share/rosidl_adapter/cmake)
[1.024s] -- Using all available rosidl_typesupport_cpp: rosidl_typesupport_fastrtps_cpp;rosidl_typesupport_introspection_cpp
[1.282s] -- Found ament_cmake_ros: 0.10.0 (/opt/ros/humble/share/ament_cmake_ros/cmake)
[1.488s] -- Using all available rosidl_typesupport_c: rosidl_typesupport_fastrtps_c;rosidl_typesupport_introspection_c
[1.766s] -- Using all available rosidl_typesupport_cpp: rosidl_typesupport_fastrtps_cpp;rosidl_typesupport_introspection_cpp
[1.793s] -- Found PythonInterp: /home/guoxuan/miniconda3/bin/python3 (found suitable version "3.11.5", minimum required is "3.6") 
[1.795s] -- Found python_cmake_module: 0.10.0 (/opt/ros/humble/share/python_cmake_module/cmake)
[1.825s] -- Found PythonLibs: /home/guoxuan/miniconda3/lib/libpython3.11.so (found suitable version "3.11.5", minimum required is "3.5") 
[1.825s] -- Using PYTHON_EXECUTABLE: /home/guoxuan/miniconda3/bin/python3
[1.826s] -- Using PYTHON_INCLUDE_DIRS: /home/guoxuan/miniconda3/include/python3.11
[1.826s] -- Using PYTHON_LIBRARIES: /home/guoxuan/miniconda3/lib/libpython3.11.so
[1.854s] -- Found PythonExtra: .so  
[2.051s] -- Using numpy include directory: /home/guoxuan/miniconda3/lib/python3.11/site-packages/numpy/core/include
[2.075s] -- Added test 'lint_cmake' to check CMake code style
[2.078s] -- Added test 'xmllint' to check XML markup files
[2.086s] -- Configuring done
[2.120s] -- Generating done
[2.123s] -- Build files have been written to: /home/guoxuan/lab/yolo_ros/build/msg_interfaces
[2.133s] Invoked command in '/home/guoxuan/lab/yolo_ros/build/msg_interfaces' returned '0': CMAKE_PREFIX_PATH=/opt/ros/humble CONDA_PROMPT_MODIFIER=(base) /usr/bin/cmake /home/guoxuan/lab/yolo_ros/src/msg_interfaces -DCMAKE_INSTALL_PREFIX=/home/guoxuan/lab/yolo_ros/install/msg_interfaces
[2.133s] Invoking command in '/home/guoxuan/lab/yolo_ros/build/msg_interfaces': CMAKE_PREFIX_PATH=/opt/ros/humble CONDA_PROMPT_MODIFIER=(base) /usr/bin/cmake --build /home/guoxuan/lab/yolo_ros/build/msg_interfaces -- -j4 -l4
[2.186s] [  2%] [34m[1mGenerating C code for ROS interfaces[0m
[2.198s] [  5%] [34m[1mGenerating C++ code for ROS interfaces[0m
[2.209s] [  5%] Built target ament_cmake_python_copy_msg_interfaces
[2.556s] running egg_info
[2.558s] creating msg_interfaces.egg-info
[2.558s] writing msg_interfaces.egg-info/PKG-INFO
[2.558s] writing dependency_links to msg_interfaces.egg-info/dependency_links.txt
[2.559s] writing top-level names to msg_interfaces.egg-info/top_level.txt
[2.559s] writing manifest file 'msg_interfaces.egg-info/SOURCES.txt'
[2.564s] reading manifest file 'msg_interfaces.egg-info/SOURCES.txt'
[2.565s] writing manifest file 'msg_interfaces.egg-info/SOURCES.txt'
[2.613s] [  5%] Built target ament_cmake_python_build_msg_interfaces_egg
[2.648s] [  5%] Built target msg_interfaces__cpp
[2.666s] [  7%] [34m[1mGenerating C++ type support for eProsima Fast-RTPS[0m
[2.666s] [ 12%] [34m[1mGenerating C++ type support dispatch for ROS interfaces[0m
[2.666s] [ 12%] [34m[1mGenerating C++ introspection for ROS interfaces[0m
[2.685s] [ 15%] [32mBuilding C object CMakeFiles/msg_interfaces__rosidl_generator_c.dir/rosidl_generator_c/msg_interfaces/msg/detail/bounding_box__functions.c.o[0m
[2.779s] [ 17%] [32mBuilding C object CMakeFiles/msg_interfaces__rosidl_generator_c.dir/rosidl_generator_c/msg_interfaces/msg/detail/bounding_boxes__functions.c.o[0m
[2.797s] In file included from [01m[K/home/guoxuan/lab/yolo_ros/build/msg_interfaces/rosidl_generator_c/msg_interfaces/msg/detail/bounding_boxes__functions.h:19[m[K,
[2.797s]                  from [01m[K/home/guoxuan/lab/yolo_ros/build/msg_interfaces/rosidl_generator_c/msg_interfaces/msg/detail/bounding_boxes__functions.c:4[m[K:
[2.797s] [01m[K/home/guoxuan/lab/yolo_ros/build/msg_interfaces/rosidl_generator_c/msg_interfaces/msg/detail/bounding_boxes__struct.h:23:10:[m[K [01;31m[Kfatal error: [m[Kmsg_interfaces/msg/detail/header__struct.h: No such file or directory
[2.797s]    23 | #include [01;31m[K"msg_interfaces/msg/detail/header__struct.h"[m[K
[2.797s]       |          [01;31m[K^~~~~~~~~~~~~~~~~~~~~~~~~~~~~~~~~~~~~~~~~~~~[m[K
[2.798s] compilation terminated.
[2.798s] gmake[2]: *** [CMakeFiles/msg_interfaces__rosidl_generator_c.dir/build.make:135: CMakeFiles/msg_interfaces__rosidl_generator_c.dir/rosidl_generator_c/msg_interfaces/msg/detail/bounding_boxes__functions.c.o] Error 1
[2.798s] gmake[1]: *** [CMakeFiles/Makefile2:213: CMakeFiles/msg_interfaces__rosidl_generator_c.dir/all] Error 2
[2.798s] gmake[1]: *** Waiting for unfinished jobs....
[3.003s] [ 20%] [32mBuilding CXX object CMakeFiles/msg_interfaces__rosidl_typesupport_cpp.dir/rosidl_typesupport_cpp/msg_interfaces/msg/bounding_box__type_support.cpp.o[0m
[3.006s] [ 23%] [32mBuilding CXX object CMakeFiles/msg_interfaces__rosidl_typesupport_cpp.dir/rosidl_typesupport_cpp/msg_interfaces/msg/bounding_boxes__type_support.cpp.o[0m
[3.030s] [ 25%] [32mBuilding CXX object CMakeFiles/msg_interfaces__rosidl_typesupport_introspection_cpp.dir/rosidl_typesupport_introspection_cpp/msg_interfaces/msg/detail/bounding_box__type_support.cpp.o[0m
[3.084s] [ 28%] [32mBuilding CXX object CMakeFiles/msg_interfaces__rosidl_typesupport_fastrtps_cpp.dir/rosidl_typesupport_fastrtps_cpp/msg_interfaces/msg/detail/dds_fastrtps/bounding_box__type_support.cpp.o[0m
[3.085s] In file included from [01m[K/home/guoxuan/lab/yolo_ros/build/msg_interfaces/rosidl_typesupport_cpp/msg_interfaces/msg/bounding_boxes__type_support.cpp:7[m[K:
[3.085s] [01m[K/home/guoxuan/lab/yolo_ros/build/msg_interfaces/rosidl_generator_cpp/msg_interfaces/msg/detail/bounding_boxes__struct.hpp:21:10:[m[K [01;31m[Kfatal error: [m[Kmsg_interfaces/msg/detail/header__struct.hpp: No such file or directory
[3.085s]    21 | #include [01;31m[K"msg_interfaces/msg/detail/header__struct.hpp"[m[K
[3.085s]       |          [01;31m[K^~~~~~~~~~~~~~~~~~~~~~~~~~~~~~~~~~~~~~~~~~~~~~[m[K
[3.086s] compilation terminated.
[3.087s] gmake[2]: *** [CMakeFiles/msg_interfaces__rosidl_typesupport_cpp.dir/build.make:104: CMakeFiles/msg_interfaces__rosidl_typesupport_cpp.dir/rosidl_typesupport_cpp/msg_interfaces/msg/bounding_boxes__type_support.cpp.o] Error 1
[3.087s] gmake[2]: *** Waiting for unfinished jobs....
[3.098s] [ 30%] [32mBuilding CXX object CMakeFiles/msg_interfaces__rosidl_typesupport_introspection_cpp.dir/rosidl_typesupport_introspection_cpp/msg_interfaces/msg/detail/bounding_boxes__type_support.cpp.o[0m
[3.167s] In file included from [01m[K/home/guoxuan/lab/yolo_ros/build/msg_interfaces/rosidl_typesupport_introspection_cpp/msg_interfaces/msg/detail/bounding_boxes__type_support.cpp:12[m[K:
[3.167s] [01m[K/home/guoxuan/lab/yolo_ros/build/msg_interfaces/rosidl_generator_cpp/msg_interfaces/msg/detail/bounding_boxes__struct.hpp:21:10:[m[K [01;31m[Kfatal error: [m[Kmsg_interfaces/msg/detail/header__struct.hpp: No such file or directory
[3.167s]    21 | #include [01;31m[K"msg_interfaces/msg/detail/header__struct.hpp"[m[K
[3.167s]       |          [01;31m[K^~~~~~~~~~~~~~~~~~~~~~~~~~~~~~~~~~~~~~~~~~~~~~[m[K
[3.167s] compilation terminated.
[3.168s] gmake[2]: *** [CMakeFiles/msg_interfaces__rosidl_typesupport_introspection_cpp.dir/build.make:112: CMakeFiles/msg_interfaces__rosidl_typesupport_introspection_cpp.dir/rosidl_typesupport_introspection_cpp/msg_interfaces/msg/detail/bounding_boxes__type_support.cpp.o] Error 1
[3.169s] gmake[2]: *** Waiting for unfinished jobs....
[3.182s] [ 33%] [32mBuilding CXX object CMakeFiles/msg_interfaces__rosidl_typesupport_fastrtps_cpp.dir/rosidl_typesupport_fastrtps_cpp/msg_interfaces/msg/detail/dds_fastrtps/bounding_boxes__type_support.cpp.o[0m
[3.245s] In file included from [01m[K/home/guoxuan/lab/yolo_ros/build/msg_interfaces/rosidl_typesupport_fastrtps_cpp/msg_interfaces/msg/detail/bounding_boxes__rosidl_typesupport_fastrtps_cpp.hpp:11[m[K,
[3.245s]                  from [01m[K/home/guoxuan/lab/yolo_ros/build/msg_interfaces/rosidl_typesupport_fastrtps_cpp/msg_interfaces/msg/detail/dds_fastrtps/bounding_boxes__type_support.cpp:4[m[K:
[3.245s] [01m[K/home/guoxuan/lab/yolo_ros/build/msg_interfaces/rosidl_generator_cpp/msg_interfaces/msg/detail/bounding_boxes__struct.hpp:21:10:[m[K [01;31m[Kfatal error: [m[Kmsg_interfaces/msg/detail/header__struct.hpp: No such file or directory
[3.245s]    21 | #include [01;31m[K"msg_interfaces/msg/detail/header__struct.hpp"[m[K
[3.245s]       |          [01;31m[K^~~~~~~~~~~~~~~~~~~~~~~~~~~~~~~~~~~~~~~~~~~~~~[m[K
[3.246s] compilation terminated.
[3.249s] gmake[2]: *** [CMakeFiles/msg_interfaces__rosidl_typesupport_fastrtps_cpp.dir/build.make:112: CMakeFiles/msg_interfaces__rosidl_typesupport_fastrtps_cpp.dir/rosidl_typesupport_fastrtps_cpp/msg_interfaces/msg/detail/dds_fastrtps/bounding_boxes__type_support.cpp.o] Error 1
[3.249s] gmake[2]: *** Waiting for unfinished jobs....
[3.381s] gmake[1]: *** [CMakeFiles/Makefile2:395: CMakeFiles/msg_interfaces__rosidl_typesupport_cpp.dir/all] Error 2
[3.551s] gmake[1]: *** [CMakeFiles/Makefile2:369: CMakeFiles/msg_interfaces__rosidl_typesupport_introspection_cpp.dir/all] Error 2
[3.647s] gmake[1]: *** [CMakeFiles/Makefile2:343: CMakeFiles/msg_interfaces__rosidl_typesupport_fastrtps_cpp.dir/all] Error 2
[3.648s] gmake: *** [Makefile:146: all] Error 2
[3.651s] Invoked command in '/home/guoxuan/lab/yolo_ros/build/msg_interfaces' returned '2': CMAKE_PREFIX_PATH=/opt/ros/humble CONDA_PROMPT_MODIFIER=(base) /usr/bin/cmake --build /home/guoxuan/lab/yolo_ros/build/msg_interfaces -- -j4 -l4
