[0.176s] Invoking command in '/home/guoxuan/lab/yolo_ros/build/msg_interfaces': CMAKE_PREFIX_PATH=/opt/ros/humble /usr/bin/cmake --build /home/guoxuan/lab/yolo_ros/build/msg_interfaces -- -j4 -l4
[0.236s] [  2%] Built target msg_interfaces__cpp
[0.239s] [ 12%] Built target msg_interfaces__rosidl_generator_c
[0.255s] [ 12%] Built target ament_cmake_python_copy_msg_interfaces
[0.267s] [ 23%] Built target msg_interfaces__rosidl_typesupport_fastrtps_cpp
[0.274s] [ 33%] Built target msg_interfaces__rosidl_typesupport_cpp
[0.289s] [ 43%] Built target msg_interfaces__rosidl_typesupport_fastrtps_c
[0.295s] [ 53%] Built target msg_interfaces__rosidl_typesupport_introspection_c
[0.300s] [ 64%] Built target msg_interfaces__rosidl_typesupport_introspection_cpp
[0.311s] [ 74%] Built target msg_interfaces__rosidl_typesupport_c
[0.343s] [ 74%] Built target msg_interfaces
[0.369s] [ 76%] Built target msg_interfaces__py
[0.395s] [ 84%] Built target msg_interfaces__rosidl_generator_py
[0.443s] [ 89%] Built target msg_interfaces__rosidl_typesupport_fastrtps_c__pyext
[0.446s] [ 94%] Built target msg_interfaces__rosidl_typesupport_introspection_c__pyext
[0.456s] [100%] Built target msg_interfaces__rosidl_typesupport_c__pyext
[0.635s] running egg_info
[0.638s] writing msg_interfaces.egg-info/PKG-INFO
[0.638s] writing dependency_links to msg_interfaces.egg-info/dependency_links.txt
[0.638s] writing top-level names to msg_interfaces.egg-info/top_level.txt
[0.643s] reading manifest file 'msg_interfaces.egg-info/SOURCES.txt'
[0.643s] writing manifest file 'msg_interfaces.egg-info/SOURCES.txt'
[0.680s] [100%] Built target ament_cmake_python_build_msg_interfaces_egg
[0.697s] Invoked command in '/home/guoxuan/lab/yolo_ros/build/msg_interfaces' returned '0': CMAKE_PREFIX_PATH=/opt/ros/humble /usr/bin/cmake --build /home/guoxuan/lab/yolo_ros/build/msg_interfaces -- -j4 -l4
[0.803s] Invoking command in '/home/guoxuan/lab/yolo_ros/build/msg_interfaces': CMAKE_PREFIX_PATH=/opt/ros/humble /usr/bin/cmake --install /home/guoxuan/lab/yolo_ros/build/msg_interfaces
[0.812s] -- Install configuration: ""
[0.812s] -- Up-to-date: /home/guoxuan/lab/yolo_ros/install/msg_interfaces/share/ament_index/resource_index/rosidl_interfaces/msg_interfaces
[0.813s] -- Up-to-date: /home/guoxuan/lab/yolo_ros/install/msg_interfaces/include/msg_interfaces/msg_interfaces
[0.813s] -- Up-to-date: /home/guoxuan/lab/yolo_ros/install/msg_interfaces/include/msg_interfaces/msg_interfaces/msg
[0.813s] -- Up-to-date: /home/guoxuan/lab/yolo_ros/install/msg_interfaces/include/msg_interfaces/msg_interfaces/msg/detail
[0.813s] -- Up-to-date: /home/guoxuan/lab/yolo_ros/install/msg_interfaces/include/msg_interfaces/msg_interfaces/msg/detail/bounding_boxes__type_support.h
[0.813s] -- Up-to-date: /home/guoxuan/lab/yolo_ros/install/msg_interfaces/include/msg_interfaces/msg_interfaces/msg/detail/bounding_box__type_support.h
[0.813s] -- Up-to-date: /home/guoxuan/lab/yolo_ros/install/msg_interfaces/include/msg_interfaces/msg_interfaces/msg/detail/bounding_box__functions.c
[0.813s] -- Up-to-date: /home/guoxuan/lab/yolo_ros/install/msg_interfaces/include/msg_interfaces/msg_interfaces/msg/detail/bounding_boxes__functions.c
[0.813s] -- Up-to-date: /home/guoxuan/lab/yolo_ros/install/msg_interfaces/include/msg_interfaces/msg_interfaces/msg/detail/bounding_boxes__functions.h
[0.813s] -- Up-to-date: /home/guoxuan/lab/yolo_ros/install/msg_interfaces/include/msg_interfaces/msg_interfaces/msg/detail/bounding_boxes__struct.h
[0.813s] -- Up-to-date: /home/guoxuan/lab/yolo_ros/install/msg_interfaces/include/msg_interfaces/msg_interfaces/msg/detail/bounding_box__functions.h
[0.814s] -- Up-to-date: /home/guoxuan/lab/yolo_ros/install/msg_interfaces/include/msg_interfaces/msg_interfaces/msg/detail/bounding_box__struct.h
[0.814s] -- Up-to-date: /home/guoxuan/lab/yolo_ros/install/msg_interfaces/include/msg_interfaces/msg_interfaces/msg/rosidl_generator_c__visibility_control.h
[0.814s] -- Up-to-date: /home/guoxuan/lab/yolo_ros/install/msg_interfaces/include/msg_interfaces/msg_interfaces/msg/bounding_boxes.h
[0.814s] -- Up-to-date: /home/guoxuan/lab/yolo_ros/install/msg_interfaces/include/msg_interfaces/msg_interfaces/msg/bounding_box.h
[0.814s] -- Up-to-date: /home/guoxuan/lab/yolo_ros/install/msg_interfaces/share/msg_interfaces/environment/library_path.sh
[0.814s] -- Up-to-date: /home/guoxuan/lab/yolo_ros/install/msg_interfaces/share/msg_interfaces/environment/library_path.dsv
[0.814s] -- Up-to-date: /home/guoxuan/lab/yolo_ros/install/msg_interfaces/lib/libmsg_interfaces__rosidl_generator_c.so
[0.814s] -- Up-to-date: /home/guoxuan/lab/yolo_ros/install/msg_interfaces/include/msg_interfaces/msg_interfaces
[0.814s] -- Up-to-date: /home/guoxuan/lab/yolo_ros/install/msg_interfaces/include/msg_interfaces/msg_interfaces/msg
[0.814s] -- Up-to-date: /home/guoxuan/lab/yolo_ros/install/msg_interfaces/include/msg_interfaces/msg_interfaces/msg/detail
[0.815s] -- Up-to-date: /home/guoxuan/lab/yolo_ros/install/msg_interfaces/include/msg_interfaces/msg_interfaces/msg/detail/bounding_boxes__rosidl_typesupport_fastrtps_c.h
[0.815s] -- Up-to-date: /home/guoxuan/lab/yolo_ros/install/msg_interfaces/include/msg_interfaces/msg_interfaces/msg/detail/bounding_box__rosidl_typesupport_fastrtps_c.h
[0.815s] -- Up-to-date: /home/guoxuan/lab/yolo_ros/install/msg_interfaces/include/msg_interfaces/msg_interfaces/msg/rosidl_typesupport_fastrtps_c__visibility_control.h
[0.816s] -- Up-to-date: /home/guoxuan/lab/yolo_ros/install/msg_interfaces/lib/libmsg_interfaces__rosidl_typesupport_fastrtps_c.so
[0.816s] -- Up-to-date: /home/guoxuan/lab/yolo_ros/install/msg_interfaces/include/msg_interfaces/msg_interfaces
[0.816s] -- Up-to-date: /home/guoxuan/lab/yolo_ros/install/msg_interfaces/include/msg_interfaces/msg_interfaces/msg
[0.816s] -- Up-to-date: /home/guoxuan/lab/yolo_ros/install/msg_interfaces/include/msg_interfaces/msg_interfaces/msg/rosidl_typesupport_introspection_c__visibility_control.h
[0.816s] -- Up-to-date: /home/guoxuan/lab/yolo_ros/install/msg_interfaces/include/msg_interfaces/msg_interfaces/msg/detail
[0.816s] -- Up-to-date: /home/guoxuan/lab/yolo_ros/install/msg_interfaces/include/msg_interfaces/msg_interfaces/msg/detail/bounding_box__type_support.c
[0.816s] -- Up-to-date: /home/guoxuan/lab/yolo_ros/install/msg_interfaces/include/msg_interfaces/msg_interfaces/msg/detail/bounding_boxes__rosidl_typesupport_introspection_c.h
[0.816s] -- Up-to-date: /home/guoxuan/lab/yolo_ros/install/msg_interfaces/include/msg_interfaces/msg_interfaces/msg/detail/bounding_box__rosidl_typesupport_introspection_c.h
[0.816s] -- Up-to-date: /home/guoxuan/lab/yolo_ros/install/msg_interfaces/include/msg_interfaces/msg_interfaces/msg/detail/bounding_boxes__type_support.c
[0.817s] -- Up-to-date: /home/guoxuan/lab/yolo_ros/install/msg_interfaces/lib/libmsg_interfaces__rosidl_typesupport_introspection_c.so
[0.817s] -- Up-to-date: /home/guoxuan/lab/yolo_ros/install/msg_interfaces/lib/libmsg_interfaces__rosidl_typesupport_c.so
[0.817s] -- Up-to-date: /home/guoxuan/lab/yolo_ros/install/msg_interfaces/include/msg_interfaces/msg_interfaces
[0.817s] -- Up-to-date: /home/guoxuan/lab/yolo_ros/install/msg_interfaces/include/msg_interfaces/msg_interfaces/msg
[0.817s] -- Up-to-date: /home/guoxuan/lab/yolo_ros/install/msg_interfaces/include/msg_interfaces/msg_interfaces/msg/detail
[0.817s] -- Up-to-date: /home/guoxuan/lab/yolo_ros/install/msg_interfaces/include/msg_interfaces/msg_interfaces/msg/detail/bounding_box__struct.hpp
[0.817s] -- Up-to-date: /home/guoxuan/lab/yolo_ros/install/msg_interfaces/include/msg_interfaces/msg_interfaces/msg/detail/bounding_boxes__traits.hpp
[0.818s] -- Up-to-date: /home/guoxuan/lab/yolo_ros/install/msg_interfaces/include/msg_interfaces/msg_interfaces/msg/detail/bounding_box__builder.hpp
[0.818s] -- Up-to-date: /home/guoxuan/lab/yolo_ros/install/msg_interfaces/include/msg_interfaces/msg_interfaces/msg/detail/bounding_boxes__struct.hpp
[0.818s] -- Up-to-date: /home/guoxuan/lab/yolo_ros/install/msg_interfaces/include/msg_interfaces/msg_interfaces/msg/detail/bounding_boxes__builder.hpp
[0.818s] -- Up-to-date: /home/guoxuan/lab/yolo_ros/install/msg_interfaces/include/msg_interfaces/msg_interfaces/msg/detail/bounding_box__traits.hpp
[0.818s] -- Up-to-date: /home/guoxuan/lab/yolo_ros/install/msg_interfaces/include/msg_interfaces/msg_interfaces/msg/bounding_box.hpp
[0.818s] -- Up-to-date: /home/guoxuan/lab/yolo_ros/install/msg_interfaces/include/msg_interfaces/msg_interfaces/msg/bounding_boxes.hpp
[0.818s] -- Up-to-date: /home/guoxuan/lab/yolo_ros/install/msg_interfaces/include/msg_interfaces/msg_interfaces
[0.818s] -- Up-to-date: /home/guoxuan/lab/yolo_ros/install/msg_interfaces/include/msg_interfaces/msg_interfaces/msg
[0.818s] -- Up-to-date: /home/guoxuan/lab/yolo_ros/install/msg_interfaces/include/msg_interfaces/msg_interfaces/msg/detail
[0.818s] -- Up-to-date: /home/guoxuan/lab/yolo_ros/install/msg_interfaces/include/msg_interfaces/msg_interfaces/msg/detail/bounding_box__rosidl_typesupport_fastrtps_cpp.hpp
[0.818s] -- Up-to-date: /home/guoxuan/lab/yolo_ros/install/msg_interfaces/include/msg_interfaces/msg_interfaces/msg/detail/bounding_boxes__rosidl_typesupport_fastrtps_cpp.hpp
[0.818s] -- Up-to-date: /home/guoxuan/lab/yolo_ros/install/msg_interfaces/include/msg_interfaces/msg_interfaces/msg/detail/dds_fastrtps
[0.818s] -- Up-to-date: /home/guoxuan/lab/yolo_ros/install/msg_interfaces/include/msg_interfaces/msg_interfaces/msg/rosidl_typesupport_fastrtps_cpp__visibility_control.h
[0.819s] -- Up-to-date: /home/guoxuan/lab/yolo_ros/install/msg_interfaces/lib/libmsg_interfaces__rosidl_typesupport_fastrtps_cpp.so
[0.819s] -- Up-to-date: /home/guoxuan/lab/yolo_ros/install/msg_interfaces/include/msg_interfaces/msg_interfaces
[0.819s] -- Up-to-date: /home/guoxuan/lab/yolo_ros/install/msg_interfaces/include/msg_interfaces/msg_interfaces/msg
[0.819s] -- Up-to-date: /home/guoxuan/lab/yolo_ros/install/msg_interfaces/include/msg_interfaces/msg_interfaces/msg/detail
[0.819s] -- Up-to-date: /home/guoxuan/lab/yolo_ros/install/msg_interfaces/include/msg_interfaces/msg_interfaces/msg/detail/bounding_boxes__type_support.cpp
[0.819s] -- Up-to-date: /home/guoxuan/lab/yolo_ros/install/msg_interfaces/include/msg_interfaces/msg_interfaces/msg/detail/bounding_box__rosidl_typesupport_introspection_cpp.hpp
[0.819s] -- Up-to-date: /home/guoxuan/lab/yolo_ros/install/msg_interfaces/include/msg_interfaces/msg_interfaces/msg/detail/bounding_boxes__rosidl_typesupport_introspection_cpp.hpp
[0.819s] -- Up-to-date: /home/guoxuan/lab/yolo_ros/install/msg_interfaces/include/msg_interfaces/msg_interfaces/msg/detail/bounding_box__type_support.cpp
[0.819s] -- Up-to-date: /home/guoxuan/lab/yolo_ros/install/msg_interfaces/lib/libmsg_interfaces__rosidl_typesupport_introspection_cpp.so
[0.819s] -- Up-to-date: /home/guoxuan/lab/yolo_ros/install/msg_interfaces/lib/libmsg_interfaces__rosidl_typesupport_cpp.so
[0.819s] -- Up-to-date: /home/guoxuan/lab/yolo_ros/install/msg_interfaces/share/msg_interfaces/environment/pythonpath.sh
[0.819s] -- Up-to-date: /home/guoxuan/lab/yolo_ros/install/msg_interfaces/share/msg_interfaces/environment/pythonpath.dsv
[0.819s] -- Up-to-date: /home/guoxuan/lab/yolo_ros/install/msg_interfaces/local/lib/python3.10/dist-packages/msg_interfaces-0.0.0-py3.10.egg-info
[0.819s] -- Installing: /home/guoxuan/lab/yolo_ros/install/msg_interfaces/local/lib/python3.10/dist-packages/msg_interfaces-0.0.0-py3.10.egg-info/SOURCES.txt
[0.819s] -- Installing: /home/guoxuan/lab/yolo_ros/install/msg_interfaces/local/lib/python3.10/dist-packages/msg_interfaces-0.0.0-py3.10.egg-info/dependency_links.txt
[0.820s] -- Installing: /home/guoxuan/lab/yolo_ros/install/msg_interfaces/local/lib/python3.10/dist-packages/msg_interfaces-0.0.0-py3.10.egg-info/top_level.txt
[0.820s] -- Installing: /home/guoxuan/lab/yolo_ros/install/msg_interfaces/local/lib/python3.10/dist-packages/msg_interfaces-0.0.0-py3.10.egg-info/PKG-INFO
[0.820s] -- Up-to-date: /home/guoxuan/lab/yolo_ros/install/msg_interfaces/local/lib/python3.10/dist-packages/msg_interfaces
[0.820s] -- Up-to-date: /home/guoxuan/lab/yolo_ros/install/msg_interfaces/local/lib/python3.10/dist-packages/msg_interfaces/libmsg_interfaces__rosidl_generator_py.so
[0.820s] -- Up-to-date: /home/guoxuan/lab/yolo_ros/install/msg_interfaces/local/lib/python3.10/dist-packages/msg_interfaces/msg
[0.820s] -- Up-to-date: /home/guoxuan/lab/yolo_ros/install/msg_interfaces/local/lib/python3.10/dist-packages/msg_interfaces/msg/_bounding_box.py
[0.820s] -- Up-to-date: /home/guoxuan/lab/yolo_ros/install/msg_interfaces/local/lib/python3.10/dist-packages/msg_interfaces/msg/_bounding_box_s.c
[0.820s] -- Up-to-date: /home/guoxuan/lab/yolo_ros/install/msg_interfaces/local/lib/python3.10/dist-packages/msg_interfaces/msg/_bounding_boxes_s.c
[0.820s] -- Up-to-date: /home/guoxuan/lab/yolo_ros/install/msg_interfaces/local/lib/python3.10/dist-packages/msg_interfaces/msg/_bounding_boxes.py
[0.820s] -- Up-to-date: /home/guoxuan/lab/yolo_ros/install/msg_interfaces/local/lib/python3.10/dist-packages/msg_interfaces/msg/__init__.py
[0.820s] -- Up-to-date: /home/guoxuan/lab/yolo_ros/install/msg_interfaces/local/lib/python3.10/dist-packages/msg_interfaces/_msg_interfaces_s.ep.rosidl_typesupport_introspection_c.c
[0.820s] -- Up-to-date: /home/guoxuan/lab/yolo_ros/install/msg_interfaces/local/lib/python3.10/dist-packages/msg_interfaces/_msg_interfaces_s.ep.rosidl_typesupport_fastrtps_c.c
[0.820s] -- Up-to-date: /home/guoxuan/lab/yolo_ros/install/msg_interfaces/local/lib/python3.10/dist-packages/msg_interfaces/__init__.py
[0.820s] -- Up-to-date: /home/guoxuan/lab/yolo_ros/install/msg_interfaces/local/lib/python3.10/dist-packages/msg_interfaces/_msg_interfaces_s.ep.rosidl_typesupport_c.c
[0.821s] -- Up-to-date: /home/guoxuan/lab/yolo_ros/install/msg_interfaces/local/lib/python3.10/dist-packages/msg_interfaces/msg_interfaces_s__rosidl_typesupport_c.cpython-310-x86_64-linux-gnu.so
[0.821s] -- Up-to-date: /home/guoxuan/lab/yolo_ros/install/msg_interfaces/local/lib/python3.10/dist-packages/msg_interfaces/msg_interfaces_s__rosidl_typesupport_introspection_c.cpython-310-x86_64-linux-gnu.so
[0.821s] -- Up-to-date: /home/guoxuan/lab/yolo_ros/install/msg_interfaces/local/lib/python3.10/dist-packages/msg_interfaces/msg_interfaces_s__rosidl_typesupport_fastrtps_c.cpython-310-x86_64-linux-gnu.so
[0.856s] Listing '/home/guoxuan/lab/yolo_ros/install/msg_interfaces/local/lib/python3.10/dist-packages/msg_interfaces'...
[0.856s] Listing '/home/guoxuan/lab/yolo_ros/install/msg_interfaces/local/lib/python3.10/dist-packages/msg_interfaces/msg'...
[0.861s] -- Up-to-date: /home/guoxuan/lab/yolo_ros/install/msg_interfaces/local/lib/python3.10/dist-packages/msg_interfaces/msg_interfaces_s__rosidl_typesupport_fastrtps_c.cpython-310-x86_64-linux-gnu.so
[0.861s] -- Up-to-date: /home/guoxuan/lab/yolo_ros/install/msg_interfaces/local/lib/python3.10/dist-packages/msg_interfaces/msg_interfaces_s__rosidl_typesupport_introspection_c.cpython-310-x86_64-linux-gnu.so
[0.861s] -- Up-to-date: /home/guoxuan/lab/yolo_ros/install/msg_interfaces/local/lib/python3.10/dist-packages/msg_interfaces/msg_interfaces_s__rosidl_typesupport_c.cpython-310-x86_64-linux-gnu.so
[0.862s] -- Up-to-date: /home/guoxuan/lab/yolo_ros/install/msg_interfaces/lib/libmsg_interfaces__rosidl_generator_py.so
[0.862s] -- Up-to-date: /home/guoxuan/lab/yolo_ros/install/msg_interfaces/share/msg_interfaces/msg/BoundingBox.idl
[0.862s] -- Up-to-date: /home/guoxuan/lab/yolo_ros/install/msg_interfaces/share/msg_interfaces/msg/BoundingBoxes.idl
[0.863s] -- Up-to-date: /home/guoxuan/lab/yolo_ros/install/msg_interfaces/share/msg_interfaces/msg/BoundingBox.msg
[0.863s] -- Up-to-date: /home/guoxuan/lab/yolo_ros/install/msg_interfaces/share/msg_interfaces/msg/BoundingBoxes.msg
[0.863s] -- Up-to-date: /home/guoxuan/lab/yolo_ros/install/msg_interfaces/share/ament_index/resource_index/package_run_dependencies/msg_interfaces
[0.863s] -- Up-to-date: /home/guoxuan/lab/yolo_ros/install/msg_interfaces/share/ament_index/resource_index/parent_prefix_path/msg_interfaces
[0.863s] -- Up-to-date: /home/guoxuan/lab/yolo_ros/install/msg_interfaces/share/msg_interfaces/environment/ament_prefix_path.sh
[0.863s] -- Up-to-date: /home/guoxuan/lab/yolo_ros/install/msg_interfaces/share/msg_interfaces/environment/ament_prefix_path.dsv
[0.864s] -- Up-to-date: /home/guoxuan/lab/yolo_ros/install/msg_interfaces/share/msg_interfaces/environment/path.sh
[0.864s] -- Up-to-date: /home/guoxuan/lab/yolo_ros/install/msg_interfaces/share/msg_interfaces/environment/path.dsv
[0.864s] -- Up-to-date: /home/guoxuan/lab/yolo_ros/install/msg_interfaces/share/msg_interfaces/local_setup.bash
[0.864s] -- Up-to-date: /home/guoxuan/lab/yolo_ros/install/msg_interfaces/share/msg_interfaces/local_setup.sh
[0.864s] -- Up-to-date: /home/guoxuan/lab/yolo_ros/install/msg_interfaces/share/msg_interfaces/local_setup.zsh
[0.864s] -- Up-to-date: /home/guoxuan/lab/yolo_ros/install/msg_interfaces/share/msg_interfaces/local_setup.dsv
[0.864s] -- Installing: /home/guoxuan/lab/yolo_ros/install/msg_interfaces/share/msg_interfaces/package.dsv
[0.865s] -- Up-to-date: /home/guoxuan/lab/yolo_ros/install/msg_interfaces/share/ament_index/resource_index/packages/msg_interfaces
[0.865s] -- Up-to-date: /home/guoxuan/lab/yolo_ros/install/msg_interfaces/share/msg_interfaces/cmake/export_msg_interfaces__rosidl_generator_cExport.cmake
[0.865s] -- Up-to-date: /home/guoxuan/lab/yolo_ros/install/msg_interfaces/share/msg_interfaces/cmake/export_msg_interfaces__rosidl_generator_cExport-noconfig.cmake
[0.865s] -- Up-to-date: /home/guoxuan/lab/yolo_ros/install/msg_interfaces/share/msg_interfaces/cmake/export_msg_interfaces__rosidl_typesupport_fastrtps_cExport.cmake
[0.865s] -- Up-to-date: /home/guoxuan/lab/yolo_ros/install/msg_interfaces/share/msg_interfaces/cmake/export_msg_interfaces__rosidl_typesupport_fastrtps_cExport-noconfig.cmake
[0.865s] -- Up-to-date: /home/guoxuan/lab/yolo_ros/install/msg_interfaces/share/msg_interfaces/cmake/msg_interfaces__rosidl_typesupport_introspection_cExport.cmake
[0.865s] -- Up-to-date: /home/guoxuan/lab/yolo_ros/install/msg_interfaces/share/msg_interfaces/cmake/msg_interfaces__rosidl_typesupport_introspection_cExport-noconfig.cmake
[0.865s] -- Up-to-date: /home/guoxuan/lab/yolo_ros/install/msg_interfaces/share/msg_interfaces/cmake/msg_interfaces__rosidl_typesupport_cExport.cmake
[0.865s] -- Up-to-date: /home/guoxuan/lab/yolo_ros/install/msg_interfaces/share/msg_interfaces/cmake/msg_interfaces__rosidl_typesupport_cExport-noconfig.cmake
[0.865s] -- Up-to-date: /home/guoxuan/lab/yolo_ros/install/msg_interfaces/share/msg_interfaces/cmake/export_msg_interfaces__rosidl_generator_cppExport.cmake
[0.865s] -- Up-to-date: /home/guoxuan/lab/yolo_ros/install/msg_interfaces/share/msg_interfaces/cmake/export_msg_interfaces__rosidl_typesupport_fastrtps_cppExport.cmake
[0.865s] -- Up-to-date: /home/guoxuan/lab/yolo_ros/install/msg_interfaces/share/msg_interfaces/cmake/export_msg_interfaces__rosidl_typesupport_fastrtps_cppExport-noconfig.cmake
[0.865s] -- Up-to-date: /home/guoxuan/lab/yolo_ros/install/msg_interfaces/share/msg_interfaces/cmake/msg_interfaces__rosidl_typesupport_introspection_cppExport.cmake
[0.866s] -- Up-to-date: /home/guoxuan/lab/yolo_ros/install/msg_interfaces/share/msg_interfaces/cmake/msg_interfaces__rosidl_typesupport_introspection_cppExport-noconfig.cmake
[0.866s] -- Up-to-date: /home/guoxuan/lab/yolo_ros/install/msg_interfaces/share/msg_interfaces/cmake/msg_interfaces__rosidl_typesupport_cppExport.cmake
[0.866s] -- Up-to-date: /home/guoxuan/lab/yolo_ros/install/msg_interfaces/share/msg_interfaces/cmake/msg_interfaces__rosidl_typesupport_cppExport-noconfig.cmake
[0.866s] -- Up-to-date: /home/guoxuan/lab/yolo_ros/install/msg_interfaces/share/msg_interfaces/cmake/export_msg_interfaces__rosidl_generator_pyExport.cmake
[0.866s] -- Up-to-date: /home/guoxuan/lab/yolo_ros/install/msg_interfaces/share/msg_interfaces/cmake/export_msg_interfaces__rosidl_generator_pyExport-noconfig.cmake
[0.866s] -- Up-to-date: /home/guoxuan/lab/yolo_ros/install/msg_interfaces/share/msg_interfaces/cmake/rosidl_cmake-extras.cmake
[0.866s] -- Up-to-date: /home/guoxuan/lab/yolo_ros/install/msg_interfaces/share/msg_interfaces/cmake/ament_cmake_export_include_directories-extras.cmake
[0.867s] -- Up-to-date: /home/guoxuan/lab/yolo_ros/install/msg_interfaces/share/msg_interfaces/cmake/ament_cmake_export_libraries-extras.cmake
[0.867s] -- Up-to-date: /home/guoxuan/lab/yolo_ros/install/msg_interfaces/share/msg_interfaces/cmake/ament_cmake_export_targets-extras.cmake
[0.867s] -- Up-to-date: /home/guoxuan/lab/yolo_ros/install/msg_interfaces/share/msg_interfaces/cmake/rosidl_cmake_export_typesupport_targets-extras.cmake
[0.867s] -- Up-to-date: /home/guoxuan/lab/yolo_ros/install/msg_interfaces/share/msg_interfaces/cmake/ament_cmake_export_dependencies-extras.cmake
[0.867s] -- Up-to-date: /home/guoxuan/lab/yolo_ros/install/msg_interfaces/share/msg_interfaces/cmake/rosidl_cmake_export_typesupport_libraries-extras.cmake
[0.867s] -- Up-to-date: /home/guoxuan/lab/yolo_ros/install/msg_interfaces/share/msg_interfaces/cmake/msg_interfacesConfig.cmake
[0.867s] -- Up-to-date: /home/guoxuan/lab/yolo_ros/install/msg_interfaces/share/msg_interfaces/cmake/msg_interfacesConfig-version.cmake
[0.868s] -- Up-to-date: /home/guoxuan/lab/yolo_ros/install/msg_interfaces/share/msg_interfaces/package.xml
[0.868s] Invoked command in '/home/guoxuan/lab/yolo_ros/build/msg_interfaces' returned '0': CMAKE_PREFIX_PATH=/opt/ros/humble /usr/bin/cmake --install /home/guoxuan/lab/yolo_ros/build/msg_interfaces
