[1.352s] [34mcolcon[0m [1;30mDEBUG[0m [32mCommand line arguments: ['/usr/bin/colcon', 'build', '--packages-select', 'msg_interfaces'][0m
[1.353s] [34mcolcon[0m [1;30mDEBUG[0m [32mParsed command line arguments: Namespace(log_base=None, log_level=None, verb_name='build', build_base='build', install_base='install', merge_install=False, symlink_install=False, test_result_base=None, continue_on_error=False, executor='parallel', parallel_workers=4, event_handlers=None, ignore_user_meta=False, metas=['./colcon.meta'], base_paths=['.'], packages_ignore=None, packages_ignore_regex=None, paths=None, packages_up_to=None, packages_up_to_regex=None, packages_above=None, packages_above_and_dependencies=None, packages_above_depth=None, packages_select_by_dep=None, packages_skip_by_dep=None, packages_skip_up_to=None, packages_select_build_failed=False, packages_skip_build_finished=False, packages_select_test_failures=False, packages_skip_test_passed=False, packages_select=['msg_interfaces'], packages_skip=None, packages_select_regex=None, packages_skip_regex=None, packages_start=None, packages_end=None, allow_overriding=[], cmake_args=None, cmake_target=None, cmake_target_skip_unavailable=False, cmake_clean_cache=False, cmake_clean_first=False, cmake_force_configure=False, ament_cmake_args=None, catkin_cmake_args=None, catkin_skip_building_tests=False, verb_parser=<colcon_defaults.argument_parser.defaults.DefaultArgumentsDecorator object at 0x7f36b784d690>, verb_extension=<colcon_core.verb.build.BuildVerb object at 0x7f36b7cb6aa0>, main=<bound method BuildVerb.main of <colcon_core.verb.build.BuildVerb object at 0x7f36b7cb6aa0>>)[0m
[1.428s] [34mcolcon.colcon_core.package_discovery[0m [1;30mLevel 1[0m discover_packages(colcon_meta) check parameters
[1.428s] [34mcolcon.colcon_core.package_discovery[0m [1;30mLevel 1[0m discover_packages(recursive) check parameters
[1.428s] [34mcolcon.colcon_core.package_discovery[0m [1;30mLevel 1[0m discover_packages(ignore) check parameters
[1.428s] [34mcolcon.colcon_core.package_discovery[0m [1;30mLevel 1[0m discover_packages(path) check parameters
[1.428s] [34mcolcon.colcon_core.package_discovery[0m [1;30mLevel 1[0m discover_packages(colcon_meta) discover
[1.428s] [34mcolcon.colcon_core.package_discovery[0m [1;30mLevel 1[0m discover_packages(recursive) discover
[1.428s] [34mcolcon.colcon_core.package_discovery[0m [1;30mINFO[0m Crawling recursively for packages in '/home/guoxuan/lab/yolo_ros'
[1.428s] [34mcolcon.colcon_core.package_identification[0m [1;30mLevel 1[0m _identify(.) by extensions ['ignore', 'ignore_ament_install']
[1.429s] [34mcolcon.colcon_core.package_identification[0m [1;30mLevel 1[0m _identify(.) by extension 'ignore'
[1.429s] [34mcolcon.colcon_core.package_identification[0m [1;30mLevel 1[0m _identify(.) by extension 'ignore_ament_install'
[1.429s] [34mcolcon.colcon_core.package_identification[0m [1;30mLevel 1[0m _identify(.) by extensions ['colcon_pkg']
[1.429s] [34mcolcon.colcon_core.package_identification[0m [1;30mLevel 1[0m _identify(.) by extension 'colcon_pkg'
[1.429s] [34mcolcon.colcon_core.package_identification[0m [1;30mLevel 1[0m _identify(.) by extensions ['colcon_meta']
[1.429s] [34mcolcon.colcon_core.package_identification[0m [1;30mLevel 1[0m _identify(.) by extension 'colcon_meta'
[1.429s] [34mcolcon.colcon_core.package_identification[0m [1;30mLevel 1[0m _identify(.) by extensions ['ros']
[1.429s] [34mcolcon.colcon_core.package_identification[0m [1;30mLevel 1[0m _identify(.) by extension 'ros'
[1.442s] [34mcolcon.colcon_core.package_identification[0m [1;30mLevel 1[0m _identify(.) by extensions ['cmake', 'python']
[1.442s] [34mcolcon.colcon_core.package_identification[0m [1;30mLevel 1[0m _identify(.) by extension 'cmake'
[1.442s] [34mcolcon.colcon_core.package_identification[0m [1;30mLevel 1[0m _identify(.) by extension 'python'
[1.442s] [34mcolcon.colcon_core.package_identification[0m [1;30mLevel 1[0m _identify(.) by extensions ['python_setup_py']
[1.442s] [34mcolcon.colcon_core.package_identification[0m [1;30mLevel 1[0m _identify(.) by extension 'python_setup_py'
[1.442s] [34mcolcon.colcon_core.package_identification[0m [1;30mLevel 1[0m _identify(build) by extensions ['ignore', 'ignore_ament_install']
[1.442s] [34mcolcon.colcon_core.package_identification[0m [1;30mLevel 1[0m _identify(build) by extension 'ignore'
[1.443s] [34mcolcon.colcon_core.package_identification[0m [1;30mLevel 1[0m _identify(build) ignored
[1.443s] [34mcolcon.colcon_core.package_identification[0m [1;30mLevel 1[0m _identify(install) by extensions ['ignore', 'ignore_ament_install']
[1.443s] [34mcolcon.colcon_core.package_identification[0m [1;30mLevel 1[0m _identify(install) by extension 'ignore'
[1.443s] [34mcolcon.colcon_core.package_identification[0m [1;30mLevel 1[0m _identify(install) ignored
[1.443s] [34mcolcon.colcon_core.package_identification[0m [1;30mLevel 1[0m _identify(log) by extensions ['ignore', 'ignore_ament_install']
[1.443s] [34mcolcon.colcon_core.package_identification[0m [1;30mLevel 1[0m _identify(log) by extension 'ignore'
[1.443s] [34mcolcon.colcon_core.package_identification[0m [1;30mLevel 1[0m _identify(log) ignored
[1.443s] [34mcolcon.colcon_core.package_identification[0m [1;30mLevel 1[0m _identify(src) by extensions ['ignore', 'ignore_ament_install']
[1.443s] [34mcolcon.colcon_core.package_identification[0m [1;30mLevel 1[0m _identify(src) by extension 'ignore'
[1.443s] [34mcolcon.colcon_core.package_identification[0m [1;30mLevel 1[0m _identify(src) by extension 'ignore_ament_install'
[1.443s] [34mcolcon.colcon_core.package_identification[0m [1;30mLevel 1[0m _identify(src) by extensions ['colcon_pkg']
[1.443s] [34mcolcon.colcon_core.package_identification[0m [1;30mLevel 1[0m _identify(src) by extension 'colcon_pkg'
[1.443s] [34mcolcon.colcon_core.package_identification[0m [1;30mLevel 1[0m _identify(src) by extensions ['colcon_meta']
[1.444s] [34mcolcon.colcon_core.package_identification[0m [1;30mLevel 1[0m _identify(src) by extension 'colcon_meta'
[1.444s] [34mcolcon.colcon_core.package_identification[0m [1;30mLevel 1[0m _identify(src) by extensions ['ros']
[1.444s] [34mcolcon.colcon_core.package_identification[0m [1;30mLevel 1[0m _identify(src) by extension 'ros'
[1.444s] [34mcolcon.colcon_core.package_identification[0m [1;30mLevel 1[0m _identify(src) by extensions ['cmake', 'python']
[1.444s] [34mcolcon.colcon_core.package_identification[0m [1;30mLevel 1[0m _identify(src) by extension 'cmake'
[1.444s] [34mcolcon.colcon_core.package_identification[0m [1;30mLevel 1[0m _identify(src) by extension 'python'
[1.444s] [34mcolcon.colcon_core.package_identification[0m [1;30mLevel 1[0m _identify(src) by extensions ['python_setup_py']
[1.444s] [34mcolcon.colcon_core.package_identification[0m [1;30mLevel 1[0m _identify(src) by extension 'python_setup_py'
[1.444s] [34mcolcon.colcon_core.package_identification[0m [1;30mLevel 1[0m _identify(src/msg_interfaces) by extensions ['ignore', 'ignore_ament_install']
[1.444s] [34mcolcon.colcon_core.package_identification[0m [1;30mLevel 1[0m _identify(src/msg_interfaces) by extension 'ignore'
[1.444s] [34mcolcon.colcon_core.package_identification[0m [1;30mLevel 1[0m _identify(src/msg_interfaces) by extension 'ignore_ament_install'
[1.444s] [34mcolcon.colcon_core.package_identification[0m [1;30mLevel 1[0m _identify(src/msg_interfaces) by extensions ['colcon_pkg']
[1.444s] [34mcolcon.colcon_core.package_identification[0m [1;30mLevel 1[0m _identify(src/msg_interfaces) by extension 'colcon_pkg'
[1.444s] [34mcolcon.colcon_core.package_identification[0m [1;30mLevel 1[0m _identify(src/msg_interfaces) by extensions ['colcon_meta']
[1.444s] [34mcolcon.colcon_core.package_identification[0m [1;30mLevel 1[0m _identify(src/msg_interfaces) by extension 'colcon_meta'
[1.444s] [34mcolcon.colcon_core.package_identification[0m [1;30mLevel 1[0m _identify(src/msg_interfaces) by extensions ['ros']
[1.444s] [34mcolcon.colcon_core.package_identification[0m [1;30mLevel 1[0m _identify(src/msg_interfaces) by extension 'ros'
[1.447s] [34mcolcon.colcon_core.package_identification[0m [1;30mDEBUG[0m [32mPackage 'src/msg_interfaces' with type 'ros.ament_cmake' and name 'msg_interfaces'[0m
[1.447s] [34mcolcon.colcon_core.package_identification[0m [1;30mLevel 1[0m _identify(src/yolov8) by extensions ['ignore', 'ignore_ament_install']
[1.448s] [34mcolcon.colcon_core.package_identification[0m [1;30mLevel 1[0m _identify(src/yolov8) by extension 'ignore'
[1.448s] [34mcolcon.colcon_core.package_identification[0m [1;30mLevel 1[0m _identify(src/yolov8) by extension 'ignore_ament_install'
[1.448s] [34mcolcon.colcon_core.package_identification[0m [1;30mLevel 1[0m _identify(src/yolov8) by extensions ['colcon_pkg']
[1.448s] [34mcolcon.colcon_core.package_identification[0m [1;30mLevel 1[0m _identify(src/yolov8) by extension 'colcon_pkg'
[1.448s] [34mcolcon.colcon_core.package_identification[0m [1;30mLevel 1[0m _identify(src/yolov8) by extensions ['colcon_meta']
[1.448s] [34mcolcon.colcon_core.package_identification[0m [1;30mLevel 1[0m _identify(src/yolov8) by extension 'colcon_meta'
[1.448s] [34mcolcon.colcon_core.package_identification[0m [1;30mLevel 1[0m _identify(src/yolov8) by extensions ['ros']
[1.448s] [34mcolcon.colcon_core.package_identification[0m [1;30mLevel 1[0m _identify(src/yolov8) by extension 'ros'
[1.449s] [34mcolcon.colcon_core.package_identification[0m [1;30mDEBUG[0m [32mPackage 'src/yolov8' with type 'ros.ament_python' and name 'yolov8'[0m
[1.449s] [34mcolcon.colcon_core.package_discovery[0m [1;30mLevel 1[0m discover_packages(recursive) using defaults
[1.449s] [34mcolcon.colcon_core.package_discovery[0m [1;30mLevel 1[0m discover_packages(ignore) discover
[1.449s] [34mcolcon.colcon_core.package_discovery[0m [1;30mLevel 1[0m discover_packages(ignore) using defaults
[1.449s] [34mcolcon.colcon_core.package_discovery[0m [1;30mLevel 1[0m discover_packages(path) discover
[1.449s] [34mcolcon.colcon_core.package_discovery[0m [1;30mLevel 1[0m discover_packages(path) using defaults
[1.523s] [34mcolcon.colcon_core.package_selection[0m [1;30mINFO[0m Skipping not selected package 'yolov8' in 'src/yolov8'
[1.560s] [34mcolcon.colcon_core.package_discovery[0m [1;30mLevel 1[0m discover_packages(prefix_path) check parameters
[1.561s] [34mcolcon.colcon_core.package_discovery[0m [1;30mLevel 1[0m discover_packages(prefix_path) discover
[1.600s] [34mcolcon.colcon_installed_package_information.package_discovery[0m [1;30mDEBUG[0m [32mFound 292 installed packages in /opt/ros/humble[0m
[1.602s] [34mcolcon.colcon_core.package_discovery[0m [1;30mLevel 1[0m discover_packages(prefix_path) using defaults
[1.826s] [34mcolcon.colcon_core.verb[0m [1;30mLevel 5[0m set package 'msg_interfaces' build argument 'cmake_args' from command line to 'None'
[1.826s] [34mcolcon.colcon_core.verb[0m [1;30mLevel 5[0m set package 'msg_interfaces' build argument 'cmake_target' from command line to 'None'
[1.827s] [34mcolcon.colcon_core.verb[0m [1;30mLevel 5[0m set package 'msg_interfaces' build argument 'cmake_target_skip_unavailable' from command line to 'False'
[1.827s] [34mcolcon.colcon_core.verb[0m [1;30mLevel 5[0m set package 'msg_interfaces' build argument 'cmake_clean_cache' from command line to 'False'
[1.827s] [34mcolcon.colcon_core.verb[0m [1;30mLevel 5[0m set package 'msg_interfaces' build argument 'cmake_clean_first' from command line to 'False'
[1.827s] [34mcolcon.colcon_core.verb[0m [1;30mLevel 5[0m set package 'msg_interfaces' build argument 'cmake_force_configure' from command line to 'False'
[1.827s] [34mcolcon.colcon_core.verb[0m [1;30mLevel 5[0m set package 'msg_interfaces' build argument 'ament_cmake_args' from command line to 'None'
[1.827s] [34mcolcon.colcon_core.verb[0m [1;30mLevel 5[0m set package 'msg_interfaces' build argument 'catkin_cmake_args' from command line to 'None'
[1.827s] [34mcolcon.colcon_core.verb[0m [1;30mLevel 5[0m set package 'msg_interfaces' build argument 'catkin_skip_building_tests' from command line to 'False'
[1.827s] [34mcolcon.colcon_core.verb[0m [1;30mDEBUG[0m [32mBuilding package 'msg_interfaces' with the following arguments: {'ament_cmake_args': None, 'build_base': '/home/guoxuan/lab/yolo_ros/build/msg_interfaces', 'catkin_cmake_args': None, 'catkin_skip_building_tests': False, 'cmake_args': None, 'cmake_clean_cache': False, 'cmake_clean_first': False, 'cmake_force_configure': False, 'cmake_target': None, 'cmake_target_skip_unavailable': False, 'install_base': '/home/guoxuan/lab/yolo_ros/install/msg_interfaces', 'merge_install': False, 'path': '/home/guoxuan/lab/yolo_ros/src/msg_interfaces', 'symlink_install': False, 'test_result_base': None}[0m
[1.849s] [34mcolcon.colcon_core.executor[0m [1;30mINFO[0m Executing jobs using 'parallel' executor
[1.872s] [34mcolcon.colcon_parallel_executor.executor.parallel[0m [1;30mDEBUG[0m [32mrun_until_complete[0m
[1.872s] [34mcolcon.colcon_ros.task.ament_cmake.build[0m [1;30mINFO[0m Building ROS package in '/home/guoxuan/lab/yolo_ros/src/msg_interfaces' with build type 'ament_cmake'
[1.872s] [34mcolcon.colcon_cmake.task.cmake.build[0m [1;30mINFO[0m Building CMake package in '/home/guoxuan/lab/yolo_ros/src/msg_interfaces'
[1.912s] [34mcolcon.colcon_core.plugin_system[0m [1;30mINFO[0m Skipping extension 'colcon_core.shell.bat': Not used on non-Windows systems
[1.912s] [34mcolcon.colcon_core.shell[0m [1;30mINFO[0m Skip shell extension 'powershell' for command environment: Not usable outside of PowerShell
[1.912s] [34mcolcon.colcon_core.shell[0m [1;30mDEBUG[0m [32mSkip shell extension 'dsv' for command environment[0m
[1.986s] [34mcolcon.colcon_core.event_handler.log_command[0m [1;30mDEBUG[0m [32mInvoking command in '/home/guoxuan/lab/yolo_ros/build/msg_interfaces': CMAKE_PREFIX_PATH=/opt/ros/humble /usr/bin/cmake --build /home/guoxuan/lab/yolo_ros/build/msg_interfaces -- -j4 -l4[0m
[2.551s] [34mcolcon.colcon_core.event_handler.log_command[0m [1;30mDEBUG[0m [32mInvoked command in '/home/guoxuan/lab/yolo_ros/build/msg_interfaces' returned '2': CMAKE_PREFIX_PATH=/opt/ros/humble /usr/bin/cmake --build /home/guoxuan/lab/yolo_ros/build/msg_interfaces -- -j4 -l4[0m
[2.679s] [34mcolcon.colcon_core.environment[0m [1;30mLevel 1[0m create_environment_scripts_only(msg_interfaces)
[2.705s] [34mcolcon.colcon_core.environment[0m [1;30mLevel 1[0m checking '/home/guoxuan/lab/yolo_ros/install/msg_interfaces' for CMake module files
[2.706s] [34mcolcon.colcon_core.environment[0m [1;30mLevel 1[0m checking '/home/guoxuan/lab/yolo_ros/install/msg_interfaces' for CMake config files
[2.706s] [34mcolcon.colcon_core.environment[0m [1;30mLevel 1[0m checking '/home/guoxuan/lab/yolo_ros/install/msg_interfaces/bin'
[2.706s] [34mcolcon.colcon_core.environment[0m [1;30mLevel 1[0m checking '/home/guoxuan/lab/yolo_ros/install/msg_interfaces/lib/pkgconfig/msg_interfaces.pc'
[2.707s] [34mcolcon.colcon_core.environment[0m [1;30mLevel 1[0m checking '/home/guoxuan/lab/yolo_ros/install/msg_interfaces/lib/python3.10/site-packages'
[2.707s] [34mcolcon.colcon_core.environment[0m [1;30mLevel 1[0m checking '/home/guoxuan/lab/yolo_ros/install/msg_interfaces/bin'
[2.732s] [34mcolcon.colcon_core.shell[0m [1;30mINFO[0m Creating package script '/home/guoxuan/lab/yolo_ros/install/msg_interfaces/share/msg_interfaces/package.ps1'
[2.733s] [34mcolcon.colcon_core.shell[0m [1;30mINFO[0m Creating package descriptor '/home/guoxuan/lab/yolo_ros/install/msg_interfaces/share/msg_interfaces/package.dsv'
[2.734s] [34mcolcon.colcon_core.shell[0m [1;30mINFO[0m Creating package script '/home/guoxuan/lab/yolo_ros/install/msg_interfaces/share/msg_interfaces/package.sh'
[2.735s] [34mcolcon.colcon_core.shell[0m [1;30mINFO[0m Creating package script '/home/guoxuan/lab/yolo_ros/install/msg_interfaces/share/msg_interfaces/package.bash'
[2.736s] [34mcolcon.colcon_core.shell[0m [1;30mINFO[0m Creating package script '/home/guoxuan/lab/yolo_ros/install/msg_interfaces/share/msg_interfaces/package.zsh'
[2.736s] [34mcolcon.colcon_core.environment[0m [1;30mLevel 1[0m create_file_with_runtime_dependencies(/home/guoxuan/lab/yolo_ros/install/msg_interfaces/share/colcon-core/packages/msg_interfaces)
[2.738s] [34mcolcon.colcon_parallel_executor.executor.parallel[0m [1;30mDEBUG[0m [32mclosing loop[0m
[2.738s] [34mcolcon.colcon_parallel_executor.executor.parallel[0m [1;30mDEBUG[0m [32mloop closed[0m
[2.738s] [34mcolcon.colcon_parallel_executor.executor.parallel[0m [1;30mDEBUG[0m [32mrun_until_complete finished with '2'[0m
[2.738s] [34mcolcon.colcon_core.event_reactor[0m [1;30mDEBUG[0m [32mjoining thread[0m
[2.779s] [34mcolcon.colcon_core.plugin_system[0m [1;30mINFO[0m Skipping extension 'colcon_notification.desktop_notification.terminal_notifier': Not used on non-Darwin systems
[2.779s] [34mcolcon.colcon_core.plugin_system[0m [1;30mINFO[0m Skipping extension 'colcon_notification.desktop_notification.win32': Not used on non-Windows systems
[2.780s] [34mcolcon.colcon_notification.desktop_notification[0m [1;30mINFO[0m Sending desktop notification using 'notify2'
[2.802s] [34mcolcon.colcon_core.event_reactor[0m [1;30mDEBUG[0m [32mjoined thread[0m
[2.828s] [34mcolcon.colcon_core.shell[0m [1;30mINFO[0m Creating prefix script '/home/guoxuan/lab/yolo_ros/install/local_setup.ps1'
[2.830s] [34mcolcon.colcon_core.shell[0m [1;30mINFO[0m Creating prefix util module '/home/guoxuan/lab/yolo_ros/install/_local_setup_util_ps1.py'
[2.832s] [34mcolcon.colcon_core.shell[0m [1;30mINFO[0m Creating prefix chain script '/home/guoxuan/lab/yolo_ros/install/setup.ps1'
[2.871s] [34mcolcon.colcon_core.shell[0m [1;30mINFO[0m Creating prefix script '/home/guoxuan/lab/yolo_ros/install/local_setup.sh'
[2.872s] [34mcolcon.colcon_core.shell[0m [1;30mINFO[0m Creating prefix util module '/home/guoxuan/lab/yolo_ros/install/_local_setup_util_sh.py'
[2.873s] [34mcolcon.colcon_core.shell[0m [1;30mINFO[0m Creating prefix chain script '/home/guoxuan/lab/yolo_ros/install/setup.sh'
[2.898s] [34mcolcon.colcon_core.shell[0m [1;30mINFO[0m Creating prefix script '/home/guoxuan/lab/yolo_ros/install/local_setup.bash'
[2.899s] [34mcolcon.colcon_core.shell[0m [1;30mINFO[0m Creating prefix chain script '/home/guoxuan/lab/yolo_ros/install/setup.bash'
[2.923s] [34mcolcon.colcon_core.shell[0m [1;30mINFO[0m Creating prefix script '/home/guoxuan/lab/yolo_ros/install/local_setup.zsh'
[2.924s] [34mcolcon.colcon_core.shell[0m [1;30mINFO[0m Creating prefix chain script '/home/guoxuan/lab/yolo_ros/install/setup.zsh'
