running egg_info
writing ../../build/yolov8/yolov8.egg-info/PKG-INFO
writing dependency_links to ../../build/yolov8/yolov8.egg-info/dependency_links.txt
writing entry points to ../../build/yolov8/yolov8.egg-info/entry_points.txt
writing requirements to ../../build/yolov8/yolov8.egg-info/requires.txt
writing top-level names to ../../build/yolov8/yolov8.egg-info/top_level.txt
reading manifest file '../../build/yolov8/yolov8.egg-info/SOURCES.txt'
writing manifest file '../../build/yolov8/yolov8.egg-info/SOURCES.txt'
running build
running build_py
copying yolov8/yolov8_node.py -> /home/guoxuan/lab/yolo_ros/build/yolov8/build/lib/yolov8
running install
running install_lib
copying /home/guoxuan/lab/yolo_ros/build/yolov8/build/lib/yolov8/yolov8_node.py -> /home/guoxuan/lab/yolo_ros/install/yolov8/lib/python3.10/site-packages/yolov8
byte-compiling /home/guoxuan/lab/yolo_ros/install/yolov8/lib/python3.10/site-packages/yolov8/yolov8_node.py to yolov8_node.cpython-310.pyc
running install_data
copying msg/BoundingBox.msg -> /home/guoxuan/lab/yolo_ros/install/yolov8/share/yolov8/msg
running install_egg_info
removing '/home/guoxuan/lab/yolo_ros/install/yolov8/lib/python3.10/site-packages/yolov8-0.0.0-py3.10.egg-info' (and everything under it)
Copying ../../build/yolov8/yolov8.egg-info to /home/guoxuan/lab/yolo_ros/install/yolov8/lib/python3.10/site-packages/yolov8-0.0.0-py3.10.egg-info
running install_scripts
Installing yolov8_node script to /home/guoxuan/lab/yolo_ros/install/yolov8/lib/yolov8
writing list of installed files to '/home/guoxuan/lab/yolo_ros/build/yolov8/install.log'
