[0.075s] Invoking command in '/home/guoxuan/lab/yolo_ros/build/msg_interfaces': CMAKE_PREFIX_PATH=/opt/ros/humble CONDA_PROMPT_MODIFIER=(base) /usr/bin/cmake --build /home/guoxuan/lab/yolo_ros/build/msg_interfaces -- -j4 -l4
[0.101s] -- Found ament_cmake: 1.3.6 (/opt/ros/humble/share/ament_cmake/cmake)
[0.281s] -- Found ament_lint_auto: 0.12.9 (/opt/ros/humble/share/ament_lint_auto/cmake)
[0.354s] -- Found rosidl_default_generators: 1.2.0 (/opt/ros/humble/share/rosidl_default_generators/cmake)
[0.356s] -- Using all available rosidl_typesupport_c: rosidl_typesupport_fastrtps_c;rosidl_typesupport_introspection_c
[0.359s] -- Found rosidl_adapter: 3.1.5 (/opt/ros/humble/share/rosidl_adapter/cmake)
[0.396s] -- Using all available rosidl_typesupport_cpp: rosidl_typesupport_fastrtps_cpp;rosidl_typesupport_introspection_cpp
[0.639s] -- Found ament_cmake_ros: 0.10.0 (/opt/ros/humble/share/ament_cmake_ros/cmake)
[0.844s] -- Using all available rosidl_typesupport_c: rosidl_typesupport_fastrtps_c;rosidl_typesupport_introspection_c
[1.115s] -- Using all available rosidl_typesupport_cpp: rosidl_typesupport_fastrtps_cpp;rosidl_typesupport_introspection_cpp
[1.141s] -- Found python_cmake_module: 0.10.0 (/opt/ros/humble/share/python_cmake_module/cmake)
[1.165s] -- Using PYTHON_EXECUTABLE: /home/guoxuan/miniconda3/bin/python3
[1.165s] -- Using PYTHON_INCLUDE_DIRS: /home/guoxuan/miniconda3/include/python3.11
[1.165s] -- Using PYTHON_LIBRARIES: /home/guoxuan/miniconda3/lib/libpython3.11.so
[1.302s] -- Using numpy include directory: /home/guoxuan/miniconda3/lib/python3.11/site-packages/numpy/core/include
[1.311s] -- Added test 'lint_cmake' to check CMake code style
[1.312s] -- Added test 'xmllint' to check XML markup files
[1.317s] -- Configuring done
[1.358s] -- Generating done
[1.362s] -- Build files have been written to: /home/guoxuan/lab/yolo_ros/build/msg_interfaces
[1.391s] [35m[1mConsolidate compiler generated dependencies of target msg_interfaces__rosidl_generator_c[0m
[1.406s] [  2%] Built target msg_interfaces__cpp
[1.410s] [  5%] [32mBuilding C object CMakeFiles/msg_interfaces__rosidl_generator_c.dir/rosidl_generator_c/msg_interfaces/msg/detail/bounding_box__functions.c.o[0m
[1.414s] [  7%] [32mBuilding C object CMakeFiles/msg_interfaces__rosidl_generator_c.dir/rosidl_generator_c/msg_interfaces/msg/detail/bounding_boxes__functions.c.o[0m
[1.417s] [  7%] Built target ament_cmake_python_copy_msg_interfaces
[1.424s] [35m[1mConsolidate compiler generated dependencies of target msg_interfaces__rosidl_typesupport_cpp[0m
[1.437s] [35m[1mConsolidate compiler generated dependencies of target msg_interfaces__rosidl_typesupport_fastrtps_cpp[0m
[1.444s] [ 10%] [32mBuilding CXX object CMakeFiles/msg_interfaces__rosidl_typesupport_cpp.dir/rosidl_typesupport_cpp/msg_interfaces/msg/bounding_box__type_support.cpp.o[0m
[1.453s] [ 12%] [32mBuilding CXX object CMakeFiles/msg_interfaces__rosidl_typesupport_fastrtps_cpp.dir/rosidl_typesupport_fastrtps_cpp/msg_interfaces/msg/detail/dds_fastrtps/bounding_box__type_support.cpp.o[0m
[1.476s] [ 15%] [32mBuilding CXX object CMakeFiles/msg_interfaces__rosidl_typesupport_cpp.dir/rosidl_typesupport_cpp/msg_interfaces/msg/bounding_boxes__type_support.cpp.o[0m
[1.478s] [ 17%] [32m[1mLinking C shared library libmsg_interfaces__rosidl_generator_c.so[0m
[1.524s] [ 20%] Built target msg_interfaces__rosidl_generator_c
[1.538s] [35m[1mConsolidate compiler generated dependencies of target msg_interfaces__rosidl_typesupport_introspection_cpp[0m
[1.559s] [ 23%] [32mBuilding CXX object CMakeFiles/msg_interfaces__rosidl_typesupport_introspection_cpp.dir/rosidl_typesupport_introspection_cpp/msg_interfaces/msg/detail/bounding_box__type_support.cpp.o[0m
[1.894s] [ 25%] [32mBuilding CXX object CMakeFiles/msg_interfaces__rosidl_typesupport_introspection_cpp.dir/rosidl_typesupport_introspection_cpp/msg_interfaces/msg/detail/bounding_boxes__type_support.cpp.o[0m
[1.914s] [ 28%] [32m[1mLinking CXX shared library libmsg_interfaces__rosidl_typesupport_cpp.so[0m
[1.981s] [ 30%] Built target msg_interfaces__rosidl_typesupport_cpp
[2.029s] [ 33%] [32mBuilding CXX object CMakeFiles/msg_interfaces__rosidl_typesupport_fastrtps_cpp.dir/rosidl_typesupport_fastrtps_cpp/msg_interfaces/msg/detail/dds_fastrtps/bounding_boxes__type_support.cpp.o[0m
[2.326s] running egg_info
[2.327s] writing msg_interfaces.egg-info/PKG-INFO
[2.327s] writing dependency_links to msg_interfaces.egg-info/dependency_links.txt
[2.328s] writing top-level names to msg_interfaces.egg-info/top_level.txt
[2.330s] reading manifest file 'msg_interfaces.egg-info/SOURCES.txt'
[2.331s] writing manifest file 'msg_interfaces.egg-info/SOURCES.txt'
[2.372s] [ 33%] Built target ament_cmake_python_build_msg_interfaces_egg
[2.388s] [35m[1mConsolidate compiler generated dependencies of target msg_interfaces__rosidl_typesupport_fastrtps_c[0m
[2.389s] [35m[1mConsolidate compiler generated dependencies of target msg_interfaces__rosidl_typesupport_introspection_c[0m
[2.403s] [ 35%] [32mBuilding C object CMakeFiles/msg_interfaces__rosidl_typesupport_introspection_c.dir/rosidl_typesupport_introspection_c/msg_interfaces/msg/detail/bounding_box__type_support.c.o[0m
[2.404s] [ 38%] [32mBuilding CXX object CMakeFiles/msg_interfaces__rosidl_typesupport_fastrtps_c.dir/rosidl_typesupport_fastrtps_c/msg_interfaces/msg/detail/bounding_box__type_support_c.cpp.o[0m
[2.442s] [ 41%] [32mBuilding C object CMakeFiles/msg_interfaces__rosidl_typesupport_introspection_c.dir/rosidl_typesupport_introspection_c/msg_interfaces/msg/detail/bounding_boxes__type_support.c.o[0m
[2.490s] [ 43%] [32m[1mLinking C shared library libmsg_interfaces__rosidl_typesupport_introspection_c.so[0m
[2.528s] [ 46%] [32m[1mLinking CXX shared library libmsg_interfaces__rosidl_typesupport_introspection_cpp.so[0m
[2.532s] [ 48%] Built target msg_interfaces__rosidl_typesupport_introspection_c
[2.545s] [35m[1mConsolidate compiler generated dependencies of target msg_interfaces__rosidl_typesupport_c[0m
[2.564s] [ 51%] [32mBuilding CXX object CMakeFiles/msg_interfaces__rosidl_typesupport_c.dir/rosidl_typesupport_c/msg_interfaces/msg/bounding_box__type_support.cpp.o[0m
[2.607s] [ 53%] [32mBuilding CXX object CMakeFiles/msg_interfaces__rosidl_typesupport_c.dir/rosidl_typesupport_c/msg_interfaces/msg/bounding_boxes__type_support.cpp.o[0m
[2.645s] [ 56%] [32m[1mLinking CXX shared library libmsg_interfaces__rosidl_typesupport_fastrtps_cpp.so[0m
[2.649s] [ 61%] [32m[1mLinking CXX shared library libmsg_interfaces__rosidl_typesupport_c.so[0m
[2.650s] [ 61%] Built target msg_interfaces__rosidl_typesupport_introspection_cpp
[2.661s] [ 64%] [32mBuilding CXX object CMakeFiles/msg_interfaces__rosidl_typesupport_fastrtps_c.dir/rosidl_typesupport_fastrtps_c/msg_interfaces/msg/detail/bounding_boxes__type_support_c.cpp.o[0m
[2.705s] [ 66%] Built target msg_interfaces__rosidl_typesupport_c
[2.755s] [ 69%] Built target msg_interfaces__rosidl_typesupport_fastrtps_cpp
[3.070s] [ 71%] [32m[1mLinking CXX shared library libmsg_interfaces__rosidl_typesupport_fastrtps_c.so[0m
[3.167s] [ 74%] Built target msg_interfaces__rosidl_typesupport_fastrtps_c
[3.192s] [ 74%] Built target msg_interfaces
[3.216s] [ 76%] [34m[1mGenerating Python code for ROS interfaces[0m
[3.270s] Traceback (most recent call last):
[3.270s]   File "/opt/ros/humble/share/rosidl_generator_py/cmake/../../../lib/rosidl_generator_py/rosidl_generator_py", line 8, in <module>
[3.270s]     from rosidl_generator_py import generate_py
[3.270s] ImportError: cannot import name 'generate_py' from 'rosidl_generator_py' (/opt/ros/humble/local/lib/python3.10/dist-packages/rosidl_generator_py/__init__.py)
[3.280s] gmake[2]: *** [msg_interfaces__py/CMakeFiles/msg_interfaces__py.dir/build.make:94: rosidl_generator_py/msg_interfaces/_msg_interfaces_s.ep.rosidl_typesupport_fastrtps_c.c] Error 1
[3.281s] gmake[1]: *** [CMakeFiles/Makefile2:590: msg_interfaces__py/CMakeFiles/msg_interfaces__py.dir/all] Error 2
[3.281s] gmake: *** [Makefile:146: all] Error 2
[3.283s] Invoked command in '/home/guoxuan/lab/yolo_ros/build/msg_interfaces' returned '2': CMAKE_PREFIX_PATH=/opt/ros/humble CONDA_PROMPT_MODIFIER=(base) /usr/bin/cmake --build /home/guoxuan/lab/yolo_ros/build/msg_interfaces -- -j4 -l4
